0.7935 	WARNING 	We strongly recommend you activate the PTB sound engine in PsychoPy prefs as the preferred audio engine. Its timing is vastly superior. Your prefs are currently set to use ['sounddevice', 'PTB', 'pyo', 'pygame'] (in that order).
6.1083 	WARNING 	User requested fullscreen with size [1024  768], but screen is actually [1920, 1080]. Using actual size
7.1473 	EXP 	Created window1 = Window(allowGUI=False, allowStencil=False, args=UNKNOWN, autoLog=True, bitsMode=UNKNOWN, blendMode='avg', bpc=(8, 8, 8), color=array([0., 0., 0.]), colorSpace='rgb', depthBits=8, fullscr=<method-wrapper '__getattribute__' of attributeSetter object at 0x0000003D4BDF8C18>, gamma=None, gammaErrorPolicy='raise', kwargs=UNKNOWN, lms=UNKNOWN, monitor=<psychopy.monitors.calibTools.Monitor object at 0x0000003D4AAC4C88>, multiSample=False, name='window1', numSamples=2, pos=[0.0, 0.0], screen=0, size=array([1920, 1080]), stencilBits=0, stereo=False, units='height', useFBO=True, useRetina=False, viewOri=0.0, viewPos=None, viewScale=None, waitBlanking=True, winType='pyglet')
7.1475 	EXP 	window1: mouseVisible = True
7.1476 	EXP 	window1: recordFrameIntervals = False
7.3128 	EXP 	window1: recordFrameIntervals = True
7.4968 	EXP 	window1: recordFrameIntervals = False
7.6653 	EXP 	Created text_2 = TextStim(__class__=<class 'psychopy.visual.text.TextStim'>, alignHoriz=method-wrapper(...), alignText='center', alignVert=method-wrapper(...), anchorHoriz='center', anchorVert='center', antialias=True, autoLog=True, bold=False, color='white', colorSpace='named', contrast=1.0, depth=0.0, flipHoriz=False, flipVert=False, font='Arial', fontFiles=[], height=0.07, italic=False, languageStyle='LTR', name='text_2', opacity=1.0, ori=0, pos=array([0., 0.]), rgb=array([255., 255., 255.]), text=str(...), units='height', win=Window(...), wrapWidth=1)
7.6674 	EXP 	Created image = ImageStim(__class__=<class 'psychopy.visual.image.ImageStim'>, autoLog=True, color=array([1., 1., 1.]), colorSpace='rgb', contrast=1.0, depth=0.0, flipHoriz=False, flipVert=False, image='sin', interpolate=True, mask=None, maskParams=None, name='image', opacity=1.0, ori=0.0, pos=array([0., 0.]), size=array([53., 30.]), texRes=128, units='cm', win=Window(...))
7.6689 	EXP 	Created image_2 = ImageStim(__class__=<class 'psychopy.visual.image.ImageStim'>, autoLog=True, color=array([1., 1., 1.]), colorSpace='rgb', contrast=1.0, depth=-1.0, flipHoriz=False, flipVert=False, image='sin', interpolate=True, mask=None, maskParams=None, name='image_2', opacity=0.0, ori=0.0, pos=array([0., 0.]), size=array([6., 2.]), texRes=128, units='cm', win=Window(...))
7.6703 	EXP 	Created image_3 = ImageStim(__class__=<class 'psychopy.visual.image.ImageStim'>, autoLog=True, color=array([1., 1., 1.]), colorSpace='rgb', contrast=1.0, depth=0.0, flipHoriz=False, flipVert=False, image='sin', interpolate=True, mask=None, maskParams=None, name='image_3', opacity=0.0, ori=0.0, pos=array([0., 0.]), size=array([6., 2.]), texRes=128, units='cm', win=Window(...))
7.6704 	EXP 	window1: mouseVisible = True
7.6718 	EXP 	Created background = ImageStim(__class__=<class 'psychopy.visual.image.ImageStim'>, autoLog=True, color=array([1., 1., 1.]), colorSpace='rgb', contrast=1.0, depth=-3.0, flipHoriz=False, flipVert=False, image='sin', interpolate=True, mask=None, maskParams=None, name='background', opacity=0.0, ori=0.0, pos=array([0., 0.]), size=array([53., 30.]), texRes=128, units='cm', win=Window(...))
7.6882 	EXP 	Created text_3 = TextStim(__class__=<class 'psychopy.visual.text.TextStim'>, alignHoriz=method-wrapper(...), alignText='center', alignVert=method-wrapper(...), anchorHoriz='center', anchorVert='center', antialias=True, autoLog=True, bold=False, color='white', colorSpace='named', contrast=1.0, depth=0.0, flipHoriz=False, flipVert=False, font='Arial', fontFiles=[], height=0.1, italic=False, languageStyle='LTR', name='text_3', opacity=1.0, ori=0, pos=array([0., 0.]), rgb=array([255., 255., 255.]), text='moj text', units='height', win=Window(...), wrapWidth=1)
7.7296 	EXP 	text_2: autoDraw = True
8.3437 	EXP 	Imported conditions.xlsx as conditions, 100 conditions, 2 params
8.3445 	EXP 	Created sequence: random, trialTypes=100, nReps=3, seed=None
8.3448 	EXP 	New trial (rep=0, index=0): OrderedDict([('ImageFile', '15_dist_red/trial21.png'), ('tarPos', [-4, -8])])
8.4121 	EXP 	window1: mouseVisible = False
8.4488 	DATA 	Keypress: space
8.4805 	EXP 	text_2: autoDraw = False
8.4805 	EXP 	image: image = '15_dist_red/trial21.png'
8.4805 	EXP 	image_2: pos = array([-4., -8.])
8.4805 	EXP 	image_2: image = '15_dist_red/trial21.png'
8.4805 	EXP 	image: autoDraw = True
8.4805 	EXP 	image_2: autoDraw = True
9.7600 	EXP 	window1: mouseVisible = True
9.7928 	DATA 	Keypress: space
9.8651 	EXP 	image: autoDraw = False
9.8651 	EXP 	image_2: autoDraw = False
9.8651 	EXP 	image_3: pos = array([-4., -8.])
9.8651 	EXP 	image_3: image = '15_dist_red/trial21.png'
9.8651 	EXP 	background: image = '15_dist_red/trial21.png'
9.8651 	EXP 	image_3: autoDraw = True
9.8651 	EXP 	background: autoDraw = True
13.4529 	DATA 	Mouse: Left button down, pos=(1018,216)
13.4855 	EXP 	image_3: autoDraw = False
13.4855 	EXP 	background: autoDraw = False
13.4855 	EXP 	text_3: autoDraw = True
13.5712 	DATA 	Mouse:  Left button up, pos=(1018,216)
14.7229 	DATA 	Keypress: space
15.4730 	EXP 	New trial (rep=0, index=1): OrderedDict([('ImageFile', '3_dist_red/trial17.png'), ('tarPos', [-8, 0])])
15.5600 	EXP 	window1: mouseVisible = False
15.6376 	EXP 	text_3: autoDraw = False
15.6376 	EXP 	image: image = '3_dist_red/trial17.png'
15.6376 	EXP 	image_2: pos = array([-8.,  0.])
15.6376 	EXP 	image_2: image = '3_dist_red/trial17.png'
15.6376 	EXP 	image: autoDraw = True
15.6376 	EXP 	image_2: autoDraw = True
16.9106 	DATA 	Keypress: space
16.9837 	EXP 	window1: mouseVisible = True
17.0890 	EXP 	image: autoDraw = False
17.0890 	EXP 	image_2: autoDraw = False
17.0890 	EXP 	image_3: pos = array([-8.,  0.])
17.0890 	EXP 	image_3: image = '3_dist_red/trial17.png'
17.0890 	EXP 	background: image = '3_dist_red/trial17.png'
17.0890 	EXP 	image_3: autoDraw = True
17.0890 	EXP 	background: autoDraw = True
20.3929 	DATA 	Mouse: Left button down, pos=(706,456)
20.4091 	EXP 	image_3: autoDraw = False
20.4091 	EXP 	background: autoDraw = False
20.4091 	EXP 	text_3: autoDraw = True
20.5448 	DATA 	Mouse:  Left button up, pos=(706,456)
21.4300 	DATA 	Keypress: space
22.3977 	EXP 	New trial (rep=0, index=2): OrderedDict([('ImageFile', '3_dist_red/trial18.png'), ('tarPos', [-4, -4])])
22.4845 	EXP 	window1: mouseVisible = False
22.5611 	EXP 	text_3: autoDraw = False
22.5611 	EXP 	text_3: autoDraw = False
22.5611 	EXP 	image: image = '3_dist_red/trial18.png'
22.5611 	EXP 	image_2: pos = array([-4., -4.])
22.5611 	EXP 	image_2: image = '3_dist_red/trial18.png'
22.5611 	EXP 	image: autoDraw = True
22.5611 	EXP 	image_2: autoDraw = True
22.9041 	EXP 	window1: mouseVisible = True
22.9366 	DATA 	Keypress: space
23.0115 	EXP 	image: autoDraw = False
23.0115 	EXP 	image_2: autoDraw = False
23.0115 	EXP 	image_3: pos = array([-4., -4.])
23.0115 	EXP 	image_3: image = '3_dist_red/trial18.png'
23.0115 	EXP 	background: image = '3_dist_red/trial18.png'
23.0115 	EXP 	image_3: autoDraw = True
23.0115 	EXP 	background: autoDraw = True
24.2466 	DATA 	Mouse: Left button down, pos=(1003,452)
24.2629 	EXP 	image_3: autoDraw = False
24.2629 	EXP 	background: autoDraw = False
24.2629 	EXP 	text_3: autoDraw = True
24.4320 	DATA 	Mouse:  Left button up, pos=(1003,452)
25.7842 	DATA 	Keypress: space
26.2518 	EXP 	New trial (rep=0, index=3): OrderedDict([('ImageFile', '0_dist_red/trial5.png'), ('tarPos', [8, -8])])
26.3433 	EXP 	window1: mouseVisible = False
26.4148 	EXP 	text_3: autoDraw = False
26.4148 	EXP 	text_3: autoDraw = False
26.4148 	EXP 	image: image = '0_dist_red/trial5.png'
26.4148 	EXP 	image_2: pos = array([ 8., -8.])
26.4148 	EXP 	image_2: image = '0_dist_red/trial5.png'
26.4148 	EXP 	image: autoDraw = True
26.4148 	EXP 	image_2: autoDraw = True
27.6772 	EXP 	window1: mouseVisible = True
27.7097 	DATA 	Keypress: space
27.7828 	EXP 	image: autoDraw = False
27.7828 	EXP 	image_2: autoDraw = False
27.7828 	EXP 	image_3: pos = array([ 8., -8.])
27.7828 	EXP 	image_3: image = '0_dist_red/trial5.png'
27.7828 	EXP 	background: image = '0_dist_red/trial5.png'
27.7828 	EXP 	image_3: autoDraw = True
27.7828 	EXP 	background: autoDraw = True
29.3516 	DATA 	Mouse: Left button down, pos=(1243,270)
29.3677 	EXP 	image_3: autoDraw = False
29.3677 	EXP 	background: autoDraw = False
29.3677 	EXP 	text_3: autoDraw = True
29.5371 	DATA 	Mouse:  Left button up, pos=(1243,270)
30.4049 	DATA 	Keypress: space
31.3566 	EXP 	New trial (rep=0, index=4): OrderedDict([('ImageFile', '0_dist_red/trial19.png'), ('tarPos', [8, -4])])
31.4504 	EXP 	window1: mouseVisible = False
31.4862 	DATA 	Keypress: space
31.5199 	EXP 	text_3: autoDraw = False
31.5199 	EXP 	text_3: autoDraw = False
31.5199 	EXP 	image: image = '0_dist_red/trial19.png'
31.5199 	EXP 	image_2: pos = array([ 8., -4.])
31.5199 	EXP 	image_2: image = '0_dist_red/trial19.png'
31.5199 	EXP 	image: autoDraw = True
31.5199 	EXP 	image_2: autoDraw = True
32.7764 	DATA 	Keypress: space
32.8544 	EXP 	window1: mouseVisible = True
32.9545 	EXP 	image: autoDraw = False
32.9545 	EXP 	image_2: autoDraw = False
32.9545 	EXP 	image_3: pos = array([ 8., -4.])
32.9545 	EXP 	image_3: image = '0_dist_red/trial19.png'
32.9545 	EXP 	background: image = '0_dist_red/trial19.png'
32.9545 	EXP 	image_3: autoDraw = True
32.9545 	EXP 	background: autoDraw = True
33.5725 	DATA 	Mouse: Left button down, pos=(1220,394)
33.5885 	EXP 	image_3: autoDraw = False
33.5885 	EXP 	background: autoDraw = False
33.5885 	EXP 	text_3: autoDraw = True
33.7413 	DATA 	Mouse:  Left button up, pos=(1220,394)
35.1600 	DATA 	Keypress: space
35.5773 	EXP 	New trial (rep=0, index=5): OrderedDict([('ImageFile', '15_dist_red/trial24.png'), ('tarPos', [-4, -8])])
35.6669 	EXP 	window1: mouseVisible = False
35.7407 	EXP 	text_3: autoDraw = False
35.7407 	EXP 	text_3: autoDraw = False
35.7407 	EXP 	image: image = '15_dist_red/trial24.png'
35.7407 	EXP 	image_2: pos = array([-4., -8.])
35.7407 	EXP 	image_2: image = '15_dist_red/trial24.png'
35.7407 	EXP 	image: autoDraw = True
35.7407 	EXP 	image_2: autoDraw = True
36.0796 	DATA 	Mouse: Left button down, pos=(1057,500)
36.2290 	DATA 	Mouse:  Left button up, pos=(1057,500)
37.1306 	DATA 	Keypress: escape
37.5503 	EXP 	window1: mouseVisible = True
