0.7931 	WARNING 	We strongly recommend you activate the PTB sound engine in PsychoPy prefs as the preferred audio engine. Its timing is vastly superior. Your prefs are currently set to use ['sounddevice', 'PTB', 'pyo', 'pygame'] (in that order).
4.9715 	WARNING 	User requested fullscreen with size [1600  900], but screen is actually [1920, 1080]. Using actual size
5.9964 	EXP 	Created window1 = Window(allowGUI=False, allowStencil=False, args=UNKNOWN, autoLog=True, bitsMode=UNKNOWN, blendMode='avg', bpc=(8, 8, 8), color=array([0., 0., 0.]), colorSpace='rgb', depthBits=8, fullscr=<method-wrapper '__getattribute__' of attributeSetter object at 0x000000619A5264A8>, gamma=None, gammaErrorPolicy='raise', kwargs=UNKNOWN, lms=UNKNOWN, monitor=<psychopy.monitors.calibTools.Monitor object at 0x00000061991634E0>, multiSample=False, name='window1', numSamples=2, pos=[0.0, 0.0], screen=0, size=array([1920, 1080]), stencilBits=0, stereo=False, units='height', useFBO=True, useRetina=False, viewOri=0.0, viewPos=None, viewScale=None, waitBlanking=True, winType='pyglet')
5.9966 	EXP 	window1: mouseVisible = True
5.9967 	EXP 	window1: recordFrameIntervals = False
6.1621 	EXP 	window1: recordFrameIntervals = True
6.3461 	EXP 	window1: recordFrameIntervals = False
6.4359 	EXP 	Created targGreenVer = Rect(__class__=<class 'psychopy.visual.rect.Rect'>, autoDraw=False, autoLog=True, closeShape=True, color=method-wrapper(...), colorSpace=None, contrast=1.0, depth=-1.0, fillColor=array([-1.,  1., -1.]), fillColorSpace='rgb', fillRGB=array([-1.,  1., -1.]), interpolate=True, lineColor=array([-1.,  1., -1.]), lineColorSpace='rgb', lineRGB=array([-1.,  1., -1.]), lineWidth=0, name='targGreenVer', opacity=1.0, ori=array(0.), pos=array([0., 8.]), size=array([1., 3.]), units='cm', vertices=ndarray(...), win=Window(...))
6.4407 	EXP 	Created dist1 = Rect(__class__=<class 'psychopy.visual.rect.Rect'>, autoDraw=False, autoLog=True, closeShape=True, color=method-wrapper(...), colorSpace=None, contrast=1.0, depth=-2.0, fillColor=array([ 1., -1., -1.]), fillColorSpace='rgb', fillRGB=array([ 1., -1., -1.]), interpolate=True, lineColor=array([1., 1., 1.]), lineColorSpace='rgb', lineRGB=array([1., 1., 1.]), lineWidth=0, name='dist1', opacity=1.0, ori=array(0.), pos=array([-8.,  4.]), size=array([3., 1.]), units='cm', vertices=ndarray(...), win=Window(...))
6.4455 	EXP 	Created dist2 = Rect(__class__=<class 'psychopy.visual.rect.Rect'>, autoDraw=False, autoLog=True, closeShape=True, color=method-wrapper(...), colorSpace=None, contrast=1.0, depth=-3.0, fillColor=array([-1.,  1., -1.]), fillColorSpace='rgb', fillRGB=array([-1.,  1., -1.]), interpolate=True, lineColor=array([1., 1., 1.]), lineColorSpace='rgb', lineRGB=array([1., 1., 1.]), lineWidth=0, name='dist2', opacity=1.0, ori=array(0.), pos=array([-4., -4.]), size=array([3., 1.]), units='cm', vertices=ndarray(...), win=Window(...))
6.4503 	EXP 	Created dist3 = Rect(__class__=<class 'psychopy.visual.rect.Rect'>, autoDraw=False, autoLog=True, closeShape=True, color=method-wrapper(...), colorSpace=None, contrast=1.0, depth=-4.0, fillColor=array([ 1., -1., -1.]), fillColorSpace='rgb', fillRGB=array([ 1., -1., -1.]), interpolate=True, lineColor=array([1., 1., 1.]), lineColorSpace='rgb', lineRGB=array([1., 1., 1.]), lineWidth=0, name='dist3', opacity=1.0, ori=array(0.), pos=array([-4.,  8.]), size=array([1., 3.]), units='cm', vertices=ndarray(...), win=Window(...))
6.4790 	EXP 	targGreenVer: autoDraw = True
6.4790 	EXP 	dist1: autoDraw = True
6.4790 	EXP 	dist2: autoDraw = True
6.4790 	EXP 	dist3: autoDraw = True
7.5965 	EXP 	targGreenVer: autoDraw = False
7.5965 	EXP 	dist1: autoDraw = False
7.5965 	EXP 	dist2: autoDraw = False
7.5965 	EXP 	dist3: autoDraw = False
7.8494 	EXP 	window1: mouseVisible = True
