0.7942 	WARNING 	We strongly recommend you activate the PTB sound engine in PsychoPy prefs as the preferred audio engine. Its timing is vastly superior. Your prefs are currently set to use ['sounddevice', 'PTB', 'pyo', 'pygame'] (in that order).
5.0781 	WARNING 	User requested fullscreen with size [1600  900], but screen is actually [1920, 1080]. Using actual size
6.1117 	EXP 	Created window1 = Window(allowGUI=False, allowStencil=False, args=UNKNOWN, autoLog=True, bitsMode=UNKNOWN, blendMode='avg', bpc=(8, 8, 8), color=array([0., 0., 0.]), colorSpace='rgb', depthBits=8, fullscr=<method-wrapper '__getattribute__' of attributeSetter object at 0x0000003C41609208>, gamma=None, gammaErrorPolicy='raise', kwargs=UNKNOWN, lms=UNKNOWN, monitor=<psychopy.monitors.calibTools.Monitor object at 0x0000003C415B5240>, multiSample=False, name='window1', numSamples=2, pos=[0.0, 0.0], screen=0, size=array([1920, 1080]), stencilBits=0, stereo=False, units='height', useFBO=True, useRetina=False, viewOri=0.0, viewPos=None, viewScale=None, waitBlanking=True, winType='pyglet')
6.1119 	EXP 	window1: mouseVisible = True
6.1120 	EXP 	window1: recordFrameIntervals = False
6.2774 	EXP 	window1: recordFrameIntervals = True
6.4609 	EXP 	window1: recordFrameIntervals = False
6.5540 	EXP 	Created targetRedHor = Rect(__class__=<class 'psychopy.visual.rect.Rect'>, autoDraw=False, autoLog=True, closeShape=True, color=method-wrapper(...), colorSpace=None, contrast=1.0, depth=-1.0, fillColor=array([ 1., -1., -1.]), fillColorSpace='rgb', fillRGB=array([ 1., -1., -1.]), interpolate=True, lineColor=array([-1.,  1., -1.]), lineColorSpace='rgb', lineRGB=array([-1.,  1., -1.]), lineWidth=0, name='targetRedHor', opacity=1.0, ori=array(0.), pos=array([8., 4.]), size=array([3., 1.]), units='cm', vertices=ndarray(...), win=Window(...))
6.5588 	EXP 	Created dist1 = Rect(__class__=<class 'psychopy.visual.rect.Rect'>, autoDraw=False, autoLog=True, closeShape=True, color=method-wrapper(...), colorSpace=None, contrast=1.0, depth=-2.0, fillColor=array([ 1., -1., -1.]), fillColorSpace='rgb', fillRGB=array([ 1., -1., -1.]), interpolate=True, lineColor=array([1., 1., 1.]), lineColorSpace='rgb', lineRGB=array([1., 1., 1.]), lineWidth=0, name='dist1', opacity=1.0, ori=array(0.), pos=array([ 8., -4.]), size=array([1., 3.]), units='cm', vertices=ndarray(...), win=Window(...))
6.5606 	EXP 	Created dist2 = Rect(__class__=<class 'psychopy.visual.rect.Rect'>, autoDraw=False, autoLog=True, closeShape=True, color=method-wrapper(...), colorSpace=None, contrast=1.0, depth=-3.0, fillColor=array([-1.,  1., -1.]), fillColorSpace='rgb', fillRGB=array([-1.,  1., -1.]), interpolate=True, lineColor=array([1., 1., 1.]), lineColorSpace='rgb', lineRGB=array([1., 1., 1.]), lineWidth=0, name='dist2', opacity=1.0, ori=array(0.), pos=array([0., 0.]), size=array([3., 1.]), units='cm', vertices=ndarray(...), win=Window(...))
6.5621 	EXP 	Created dist3 = Rect(__class__=<class 'psychopy.visual.rect.Rect'>, autoDraw=False, autoLog=True, closeShape=True, color=method-wrapper(...), colorSpace=None, contrast=1.0, depth=-4.0, fillColor=array([-1.,  1., -1.]), fillColorSpace='rgb', fillRGB=array([-1.,  1., -1.]), interpolate=True, lineColor=array([1., 1., 1.]), lineColorSpace='rgb', lineRGB=array([1., 1., 1.]), lineWidth=0, name='dist3', opacity=1.0, ori=array(0.), pos=array([ 8., -8.]), size=array([1., 3.]), units='cm', vertices=ndarray(...), win=Window(...))
6.5636 	EXP 	Created dist4 = Rect(__class__=<class 'psychopy.visual.rect.Rect'>, autoDraw=False, autoLog=True, closeShape=True, color=method-wrapper(...), colorSpace=None, contrast=1.0, depth=-5.0, fillColor=array([ 1., -1., -1.]), fillColorSpace='rgb', fillRGB=array([ 1., -1., -1.]), interpolate=True, lineColor=array([1., 1., 1.]), lineColorSpace='rgb', lineRGB=array([1., 1., 1.]), lineWidth=0, name='dist4', opacity=1.0, ori=array(0.), pos=array([-4., -4.]), size=array([1., 3.]), units='cm', vertices=ndarray(...), win=Window(...))
6.5651 	EXP 	Created dist5 = Rect(__class__=<class 'psychopy.visual.rect.Rect'>, autoDraw=False, autoLog=True, closeShape=True, color=method-wrapper(...), colorSpace=None, contrast=1.0, depth=-6.0, fillColor=array([ 1., -1., -1.]), fillColorSpace='rgb', fillRGB=array([ 1., -1., -1.]), interpolate=True, lineColor=array([1., 1., 1.]), lineColorSpace='rgb', lineRGB=array([1., 1., 1.]), lineWidth=0, name='dist5', opacity=1.0, ori=array(0.), pos=array([ 0., -8.]), size=array([1., 3.]), units='cm', vertices=ndarray(...), win=Window(...))
6.5666 	EXP 	Created dist6 = Rect(__class__=<class 'psychopy.visual.rect.Rect'>, autoDraw=False, autoLog=True, closeShape=True, color=method-wrapper(...), colorSpace=None, contrast=1.0, depth=-7.0, fillColor=array([-1.,  1., -1.]), fillColorSpace='rgb', fillRGB=array([-1.,  1., -1.]), interpolate=True, lineColor=array([1., 1., 1.]), lineColorSpace='rgb', lineRGB=array([1., 1., 1.]), lineWidth=0, name='dist6', opacity=1.0, ori=array(0.), pos=array([-8.,  4.]), size=array([3., 1.]), units='cm', vertices=ndarray(...), win=Window(...))
6.5681 	EXP 	Created dist7 = Rect(__class__=<class 'psychopy.visual.rect.Rect'>, autoDraw=False, autoLog=True, closeShape=True, color=method-wrapper(...), colorSpace=None, contrast=1.0, depth=-8.0, fillColor=array([-1.,  1., -1.]), fillColorSpace='rgb', fillRGB=array([-1.,  1., -1.]), interpolate=True, lineColor=array([1., 1., 1.]), lineColorSpace='rgb', lineRGB=array([1., 1., 1.]), lineWidth=0, name='dist7', opacity=1.0, ori=array(0.), pos=array([ 4., -4.]), size=array([1., 3.]), units='cm', vertices=ndarray(...), win=Window(...))
6.5696 	EXP 	Created dist8 = Rect(__class__=<class 'psychopy.visual.rect.Rect'>, autoDraw=False, autoLog=True, closeShape=True, color=method-wrapper(...), colorSpace=None, contrast=1.0, depth=-9.0, fillColor=array([-1.,  1., -1.]), fillColorSpace='rgb', fillRGB=array([-1.,  1., -1.]), interpolate=True, lineColor=array([1., 1., 1.]), lineColorSpace='rgb', lineRGB=array([1., 1., 1.]), lineWidth=0, name='dist8', opacity=1.0, ori=array(0.), pos=array([-8., -4.]), size=array([3., 1.]), units='cm', vertices=ndarray(...), win=Window(...))
6.5711 	EXP 	Created dist9 = Rect(__class__=<class 'psychopy.visual.rect.Rect'>, autoDraw=False, autoLog=True, closeShape=True, color=method-wrapper(...), colorSpace=None, contrast=1.0, depth=-10.0, fillColor=array([ 1., -1., -1.]), fillColorSpace='rgb', fillRGB=array([ 1., -1., -1.]), interpolate=True, lineColor=array([1., 1., 1.]), lineColorSpace='rgb', lineRGB=array([1., 1., 1.]), lineWidth=0, name='dist9', opacity=1.0, ori=array(0.), pos=array([-8.,  8.]), size=array([1., 3.]), units='cm', vertices=ndarray(...), win=Window(...))
6.5726 	EXP 	Created dist10 = Rect(__class__=<class 'psychopy.visual.rect.Rect'>, autoDraw=False, autoLog=True, closeShape=True, color=method-wrapper(...), colorSpace=None, contrast=1.0, depth=-11.0, fillColor=array([-1.,  1., -1.]), fillColorSpace='rgb', fillRGB=array([-1.,  1., -1.]), interpolate=True, lineColor=array([1., 1., 1.]), lineColorSpace='rgb', lineRGB=array([1., 1., 1.]), lineWidth=0, name='dist10', opacity=1.0, ori=array(0.), pos=array([8., 8.]), size=array([3., 1.]), units='cm', vertices=ndarray(...), win=Window(...))
6.5740 	EXP 	Created dist11 = Rect(__class__=<class 'psychopy.visual.rect.Rect'>, autoDraw=False, autoLog=True, closeShape=True, color=method-wrapper(...), colorSpace=None, contrast=1.0, depth=-12.0, fillColor=array([ 1., -1., -1.]), fillColorSpace='rgb', fillRGB=array([ 1., -1., -1.]), interpolate=True, lineColor=array([1., 1., 1.]), lineColorSpace='rgb', lineRGB=array([1., 1., 1.]), lineWidth=0, name='dist11', opacity=1.0, ori=array(0.), pos=array([-4.,  8.]), size=array([1., 3.]), units='cm', vertices=ndarray(...), win=Window(...))
6.5755 	EXP 	Created dist12 = Rect(__class__=<class 'psychopy.visual.rect.Rect'>, autoDraw=False, autoLog=True, closeShape=True, color=method-wrapper(...), colorSpace=None, contrast=1.0, depth=-13.0, fillColor=array([-1.,  1., -1.]), fillColorSpace='rgb', fillRGB=array([-1.,  1., -1.]), interpolate=True, lineColor=array([1., 1., 1.]), lineColorSpace='rgb', lineRGB=array([1., 1., 1.]), lineWidth=0, name='dist12', opacity=1.0, ori=array(0.), pos=array([4., 4.]), size=array([1., 3.]), units='cm', vertices=ndarray(...), win=Window(...))
6.5770 	EXP 	Created dist13 = Rect(__class__=<class 'psychopy.visual.rect.Rect'>, autoDraw=False, autoLog=True, closeShape=True, color=method-wrapper(...), colorSpace=None, contrast=1.0, depth=-14.0, fillColor=array([ 1., -1., -1.]), fillColorSpace='rgb', fillRGB=array([ 1., -1., -1.]), interpolate=True, lineColor=array([1., 1., 1.]), lineColorSpace='rgb', lineRGB=array([1., 1., 1.]), lineWidth=0, name='dist13', opacity=1.0, ori=array(0.), pos=array([ 0., -4.]), size=array([1., 3.]), units='cm', vertices=ndarray(...), win=Window(...))
6.5785 	EXP 	Created dist14 = Rect(__class__=<class 'psychopy.visual.rect.Rect'>, autoDraw=False, autoLog=True, closeShape=True, color=method-wrapper(...), colorSpace=None, contrast=1.0, depth=-15.0, fillColor=array([ 1., -1., -1.]), fillColorSpace='rgb', fillRGB=array([ 1., -1., -1.]), interpolate=True, lineColor=array([1., 1., 1.]), lineColorSpace='rgb', lineRGB=array([1., 1., 1.]), lineWidth=0, name='dist14', opacity=1.0, ori=array(0.), pos=array([-4.,  4.]), size=array([1., 3.]), units='cm', vertices=ndarray(...), win=Window(...))
6.5800 	EXP 	Created dist15 = Rect(__class__=<class 'psychopy.visual.rect.Rect'>, autoDraw=False, autoLog=True, closeShape=True, color=method-wrapper(...), colorSpace=None, contrast=1.0, depth=-16.0, fillColor=array([-1.,  1., -1.]), fillColorSpace='rgb', fillRGB=array([-1.,  1., -1.]), interpolate=True, lineColor=array([1., 1., 1.]), lineColorSpace='rgb', lineRGB=array([1., 1., 1.]), lineWidth=0, name='dist15', opacity=1.0, ori=array(0.), pos=array([0., 8.]), size=array([1., 3.]), units='cm', vertices=ndarray(...), win=Window(...))
6.6276 	EXP 	targetRedHor: autoDraw = True
6.6276 	EXP 	dist1: autoDraw = True
6.6276 	EXP 	dist2: autoDraw = True
6.6276 	EXP 	dist3: autoDraw = True
6.6276 	EXP 	dist4: autoDraw = True
6.6276 	EXP 	dist5: autoDraw = True
6.6276 	EXP 	dist6: autoDraw = True
6.6276 	EXP 	dist7: autoDraw = True
6.6276 	EXP 	dist8: autoDraw = True
6.6276 	EXP 	dist9: autoDraw = True
6.6276 	EXP 	dist10: autoDraw = True
6.6276 	EXP 	dist11: autoDraw = True
6.6276 	EXP 	dist12: autoDraw = True
6.6276 	EXP 	dist13: autoDraw = True
6.6276 	EXP 	dist14: autoDraw = True
6.6276 	EXP 	dist15: autoDraw = True
7.7451 	EXP 	targetRedHor: autoDraw = False
7.7451 	EXP 	dist1: autoDraw = False
7.7451 	EXP 	dist2: autoDraw = False
7.7451 	EXP 	dist3: autoDraw = False
7.7451 	EXP 	dist4: autoDraw = False
7.7451 	EXP 	dist5: autoDraw = False
7.7451 	EXP 	dist6: autoDraw = False
7.7451 	EXP 	dist7: autoDraw = False
7.7451 	EXP 	dist8: autoDraw = False
7.7451 	EXP 	dist9: autoDraw = False
7.7451 	EXP 	dist10: autoDraw = False
7.7451 	EXP 	dist11: autoDraw = False
7.7451 	EXP 	dist12: autoDraw = False
7.7451 	EXP 	dist13: autoDraw = False
7.7451 	EXP 	dist14: autoDraw = False
7.7451 	EXP 	dist15: autoDraw = False
8.0148 	EXP 	window1: mouseVisible = True
