0.7931 	WARNING 	We strongly recommend you activate the PTB sound engine in PsychoPy prefs as the preferred audio engine. Its timing is vastly superior. Your prefs are currently set to use ['sounddevice', 'PTB', 'pyo', 'pygame'] (in that order).
4.3975 	WARNING 	User requested fullscreen with size [1600  900], but screen is actually [1920, 1080]. Using actual size
5.4298 	EXP 	Created window1 = Window(allowGUI=False, allowStencil=False, args=UNKNOWN, autoLog=True, bitsMode=UNKNOWN, blendMode='avg', bpc=(8, 8, 8), color=array([0., 0., 0.]), colorSpace='rgb', depthBits=8, fullscr=<method-wrapper '__getattribute__' of attributeSetter object at 0x0000004468E92B38>, gamma=None, gammaErrorPolicy='raise', kwargs=UNKNOWN, lms=UNKNOWN, monitor=<psychopy.monitors.calibTools.Monitor object at 0x0000004468E25B70>, multiSample=False, name='window1', numSamples=2, pos=[0.0, 0.0], screen=0, size=array([1920, 1080]), stencilBits=0, stereo=False, units='height', useFBO=True, useRetina=False, viewOri=0.0, viewPos=None, viewScale=None, waitBlanking=True, winType='pyglet')
5.4300 	EXP 	window1: mouseVisible = True
5.4301 	EXP 	window1: recordFrameIntervals = False
5.5955 	EXP 	window1: recordFrameIntervals = True
5.7795 	EXP 	window1: recordFrameIntervals = False
5.8713 	EXP 	Created targetRedVer = Rect(__class__=<class 'psychopy.visual.rect.Rect'>, autoDraw=False, autoLog=True, closeShape=True, color=method-wrapper(...), colorSpace=None, contrast=1.0, depth=-1.0, fillColor=array([-1.,  1., -1.]), fillColorSpace='rgb', fillRGB=array([-1.,  1., -1.]), interpolate=True, lineColor=array([-1.,  1., -1.]), lineColorSpace='rgb', lineRGB=array([-1.,  1., -1.]), lineWidth=0, name='targetRedVer', opacity=1.0, ori=array(0.), pos=array([8., 4.]), size=array([1., 3.]), units='cm', vertices=ndarray(...), win=Window(...))
5.8733 	EXP 	Created dist1 = Rect(__class__=<class 'psychopy.visual.rect.Rect'>, autoDraw=False, autoLog=True, closeShape=True, color=method-wrapper(...), colorSpace=None, contrast=1.0, depth=-2.0, fillColor=array([ 1., -1., -1.]), fillColorSpace='rgb', fillRGB=array([ 1., -1., -1.]), interpolate=True, lineColor=array([1., 1., 1.]), lineColorSpace='rgb', lineRGB=array([1., 1., 1.]), lineWidth=0, name='dist1', opacity=1.0, ori=array(0.), pos=array([ 8., -4.]), size=array([3., 1.]), units='cm', vertices=ndarray(...), win=Window(...))
5.8748 	EXP 	Created dist2 = Rect(__class__=<class 'psychopy.visual.rect.Rect'>, autoDraw=False, autoLog=True, closeShape=True, color=method-wrapper(...), colorSpace=None, contrast=1.0, depth=-3.0, fillColor=array([ 1., -1., -1.]), fillColorSpace='rgb', fillRGB=array([ 1., -1., -1.]), interpolate=True, lineColor=array([1., 1., 1.]), lineColorSpace='rgb', lineRGB=array([1., 1., 1.]), lineWidth=0, name='dist2', opacity=1.0, ori=array(0.), pos=array([0., 0.]), size=array([1., 3.]), units='cm', vertices=ndarray(...), win=Window(...))
5.8764 	EXP 	Created dist3 = Rect(__class__=<class 'psychopy.visual.rect.Rect'>, autoDraw=False, autoLog=True, closeShape=True, color=method-wrapper(...), colorSpace=None, contrast=1.0, depth=-4.0, fillColor=array([-1.,  1., -1.]), fillColorSpace='rgb', fillRGB=array([-1.,  1., -1.]), interpolate=True, lineColor=array([1., 1., 1.]), lineColorSpace='rgb', lineRGB=array([1., 1., 1.]), lineWidth=0, name='dist3', opacity=1.0, ori=array(0.), pos=array([ 8., -8.]), size=array([3., 1.]), units='cm', vertices=ndarray(...), win=Window(...))
5.8779 	EXP 	Created dist4 = Rect(__class__=<class 'psychopy.visual.rect.Rect'>, autoDraw=False, autoLog=True, closeShape=True, color=method-wrapper(...), colorSpace=None, contrast=1.0, depth=-5.0, fillColor=array([ 1., -1., -1.]), fillColorSpace='rgb', fillRGB=array([ 1., -1., -1.]), interpolate=True, lineColor=array([1., 1., 1.]), lineColorSpace='rgb', lineRGB=array([1., 1., 1.]), lineWidth=0, name='dist4', opacity=1.0, ori=array(0.), pos=array([-4., -4.]), size=array([1., 3.]), units='cm', vertices=ndarray(...), win=Window(...))
5.8794 	EXP 	Created dist5 = Rect(__class__=<class 'psychopy.visual.rect.Rect'>, autoDraw=False, autoLog=True, closeShape=True, color=method-wrapper(...), colorSpace=None, contrast=1.0, depth=-6.0, fillColor=array([-1.,  1., -1.]), fillColorSpace='rgb', fillRGB=array([-1.,  1., -1.]), interpolate=True, lineColor=array([1., 1., 1.]), lineColorSpace='rgb', lineRGB=array([1., 1., 1.]), lineWidth=0, name='dist5', opacity=1.0, ori=array(0.), pos=array([ 0., -8.]), size=array([3., 1.]), units='cm', vertices=ndarray(...), win=Window(...))
5.8810 	EXP 	Created dist6 = Rect(__class__=<class 'psychopy.visual.rect.Rect'>, autoDraw=False, autoLog=True, closeShape=True, color=method-wrapper(...), colorSpace=None, contrast=1.0, depth=-7.0, fillColor=array([ 1., -1., -1.]), fillColorSpace='rgb', fillRGB=array([ 1., -1., -1.]), interpolate=True, lineColor=array([1., 1., 1.]), lineColorSpace='rgb', lineRGB=array([1., 1., 1.]), lineWidth=0, name='dist6', opacity=1.0, ori=array(0.), pos=array([-8.,  4.]), size=array([3., 1.]), units='cm', vertices=ndarray(...), win=Window(...))
5.8825 	EXP 	Created dist7 = Rect(__class__=<class 'psychopy.visual.rect.Rect'>, autoDraw=False, autoLog=True, closeShape=True, color=method-wrapper(...), colorSpace=None, contrast=1.0, depth=-8.0, fillColor=array([-1.,  1., -1.]), fillColorSpace='rgb', fillRGB=array([-1.,  1., -1.]), interpolate=True, lineColor=array([1., 1., 1.]), lineColorSpace='rgb', lineRGB=array([1., 1., 1.]), lineWidth=0, name='dist7', opacity=1.0, ori=array(0.), pos=array([ 4., -4.]), size=array([3., 1.]), units='cm', vertices=ndarray(...), win=Window(...))
5.8840 	EXP 	Created dist8 = Rect(__class__=<class 'psychopy.visual.rect.Rect'>, autoDraw=False, autoLog=True, closeShape=True, color=method-wrapper(...), colorSpace=None, contrast=1.0, depth=-9.0, fillColor=array([ 1., -1., -1.]), fillColorSpace='rgb', fillRGB=array([ 1., -1., -1.]), interpolate=True, lineColor=array([1., 1., 1.]), lineColorSpace='rgb', lineRGB=array([1., 1., 1.]), lineWidth=0, name='dist8', opacity=1.0, ori=array(0.), pos=array([ 0., -4.]), size=array([1., 3.]), units='cm', vertices=ndarray(...), win=Window(...))
5.8855 	EXP 	Created dist9 = Rect(__class__=<class 'psychopy.visual.rect.Rect'>, autoDraw=False, autoLog=True, closeShape=True, color=method-wrapper(...), colorSpace=None, contrast=1.0, depth=-10.0, fillColor=array([-1.,  1., -1.]), fillColorSpace='rgb', fillRGB=array([-1.,  1., -1.]), interpolate=True, lineColor=array([1., 1., 1.]), lineColorSpace='rgb', lineRGB=array([1., 1., 1.]), lineWidth=0, name='dist9', opacity=1.0, ori=array(0.), pos=array([0., 8.]), size=array([3., 1.]), units='cm', vertices=ndarray(...), win=Window(...))
5.9290 	EXP 	targetRedVer: autoDraw = True
5.9290 	EXP 	dist1: autoDraw = True
5.9290 	EXP 	dist2: autoDraw = True
5.9290 	EXP 	dist3: autoDraw = True
5.9290 	EXP 	dist4: autoDraw = True
5.9290 	EXP 	dist5: autoDraw = True
5.9290 	EXP 	dist6: autoDraw = True
5.9290 	EXP 	dist7: autoDraw = True
5.9290 	EXP 	dist8: autoDraw = True
5.9290 	EXP 	dist9: autoDraw = True
7.0466 	EXP 	targetRedVer: autoDraw = False
7.0466 	EXP 	dist1: autoDraw = False
7.0466 	EXP 	dist2: autoDraw = False
7.0466 	EXP 	dist3: autoDraw = False
7.0466 	EXP 	dist4: autoDraw = False
7.0466 	EXP 	dist5: autoDraw = False
7.0466 	EXP 	dist6: autoDraw = False
7.0466 	EXP 	dist7: autoDraw = False
7.0466 	EXP 	dist8: autoDraw = False
7.0466 	EXP 	dist9: autoDraw = False
7.3013 	EXP 	window1: mouseVisible = True
