0.7947 	WARNING 	We strongly recommend you activate the PTB sound engine in PsychoPy prefs as the preferred audio engine. Its timing is vastly superior. Your prefs are currently set to use ['sounddevice', 'PTB', 'pyo', 'pygame'] (in that order).
5.3752 	WARNING 	User requested fullscreen with size [1024  768], but screen is actually [1920, 1080]. Using actual size
6.4462 	EXP 	Created window1 = Window(allowGUI=False, allowStencil=False, args=UNKNOWN, autoLog=True, bitsMode=UNKNOWN, blendMode='avg', bpc=(8, 8, 8), color=array([0., 0., 0.]), colorSpace='rgb', depthBits=8, fullscr=<method-wrapper '__getattribute__' of attributeSetter object at 0x000000697FAE9CC0>, gamma=None, gammaErrorPolicy='raise', kwargs=UNKNOWN, lms=UNKNOWN, monitor=<psychopy.monitors.calibTools.Monitor object at 0x000000697F706CF8>, multiSample=False, name='window1', numSamples=2, pos=[0.0, 0.0], screen=0, size=array([1920, 1080]), stencilBits=0, stereo=False, units='height', useFBO=True, useRetina=False, viewOri=0.0, viewPos=None, viewScale=None, waitBlanking=True, winType='pyglet')
6.4466 	EXP 	window1: mouseVisible = True
6.4467 	EXP 	window1: recordFrameIntervals = False
6.6118 	EXP 	window1: recordFrameIntervals = True
6.7955 	EXP 	window1: recordFrameIntervals = False
6.9872 	EXP 	Created text_2 = TextStim(__class__=<class 'psychopy.visual.text.TextStim'>, alignHoriz=method-wrapper(...), alignText='center', alignVert=method-wrapper(...), anchorHoriz='center', anchorVert='center', antialias=True, autoLog=True, bold=False, color='white', colorSpace='named', contrast=1.0, depth=0.0, flipHoriz=False, flipVert=False, font='Arial', fontFiles=[], height=0.07, italic=False, languageStyle='LTR', name='text_2', opacity=1.0, ori=0, pos=array([0., 0.]), rgb=array([255., 255., 255.]), text=str(...), units='height', win=Window(...), wrapWidth=1)
6.9893 	EXP 	Created image = ImageStim(__class__=<class 'psychopy.visual.image.ImageStim'>, autoLog=True, color=array([1., 1., 1.]), colorSpace='rgb', contrast=1.0, depth=0.0, flipHoriz=False, flipVert=False, image='sin', interpolate=True, mask=None, maskParams=None, name='image', opacity=1.0, ori=0.0, pos=array([0., 0.]), size=array([53., 30.]), texRes=128, units='cm', win=Window(...))
6.9908 	EXP 	Created image_2 = ImageStim(__class__=<class 'psychopy.visual.image.ImageStim'>, autoLog=True, color=array([1., 1., 1.]), colorSpace='rgb', contrast=1.0, depth=-1.0, flipHoriz=False, flipVert=False, image='sin', interpolate=True, mask=None, maskParams=None, name='image_2', opacity=0.0, ori=0.0, pos=array([0., 0.]), size=array([6., 2.]), texRes=128, units='cm', win=Window(...))
6.9923 	EXP 	Created image_3 = ImageStim(__class__=<class 'psychopy.visual.image.ImageStim'>, autoLog=True, color=array([1., 1., 1.]), colorSpace='rgb', contrast=1.0, depth=0.0, flipHoriz=False, flipVert=False, image='sin', interpolate=True, mask=None, maskParams=None, name='image_3', opacity=0.0, ori=0.0, pos=array([0., 0.]), size=array([6., 2.]), texRes=128, units='cm', win=Window(...))
6.9924 	EXP 	window1: mouseVisible = True
6.9938 	EXP 	Created background = ImageStim(__class__=<class 'psychopy.visual.image.ImageStim'>, autoLog=True, color=array([1., 1., 1.]), colorSpace='rgb', contrast=1.0, depth=-3.0, flipHoriz=False, flipVert=False, image='sin', interpolate=True, mask=None, maskParams=None, name='background', opacity=0.0, ori=0.0, pos=array([0., 0.]), size=array([53., 30.]), texRes=128, units='cm', win=Window(...))
7.0118 	EXP 	Created text_3 = TextStim(__class__=<class 'psychopy.visual.text.TextStim'>, alignHoriz=method-wrapper(...), alignText='center', alignVert=method-wrapper(...), anchorHoriz='center', anchorVert='center', antialias=True, autoLog=True, bold=False, color='white', colorSpace='named', contrast=1.0, depth=0.0, flipHoriz=False, flipVert=False, font='Arial', fontFiles=[], height=0.1, italic=False, languageStyle='LTR', name='text_3', opacity=1.0, ori=0, pos=array([0., 0.]), rgb=array([255., 255., 255.]), text='default text', units='height', win=Window(...), wrapWidth=1)
7.0451 	EXP 	text_2: autoDraw = True
8.0549 	EXP 	Imported conditions.xlsx as conditions, 100 conditions, 2 params
8.0556 	EXP 	Created sequence: random, trialTypes=100, nReps=3, seed=None
8.0559 	EXP 	New trial (rep=0, index=0): OrderedDict([('ImageFile', '0_dist_red/trial13.png'), ('tarPos', [-4, 4])])
8.1230 	EXP 	window1: mouseVisible = False
8.1583 	DATA 	Keypress: space
8.1964 	EXP 	text_2: autoDraw = False
8.1964 	EXP 	image: image = '0_dist_red/trial13.png'
8.1964 	EXP 	image_2: pos = array([-4.,  4.])
8.1964 	EXP 	image_2: image = '0_dist_red/trial13.png'
8.1964 	EXP 	image: autoDraw = True
8.1964 	EXP 	image_2: autoDraw = True
9.2548 	EXP 	window1: mouseVisible = True
9.2888 	DATA 	Keypress: space
9.3642 	EXP 	image: autoDraw = False
9.3642 	EXP 	image_2: autoDraw = False
9.3642 	EXP 	image_3: pos = array([-4.,  4.])
9.3642 	EXP 	image_3: image = '0_dist_red/trial13.png'
9.3642 	EXP 	background: image = '0_dist_red/trial13.png'
9.3642 	EXP 	image_3: autoDraw = True
9.3642 	EXP 	background: autoDraw = True
9.9655 	DATA 	Mouse: Left button down, pos=(802,679)
9.9983 	EXP 	image_3: autoDraw = False
9.9983 	EXP 	background: autoDraw = False
9.9983 	EXP 	text_3: text = 'dog'
9.9983 	EXP 	text_3: autoDraw = True
10.1006 	DATA 	Mouse:  Left button up, pos=(802,679)
11.1531 	DATA 	Keypress: space
11.9859 	EXP 	New trial (rep=0, index=1): OrderedDict([('ImageFile', '9_dist_red/trial9.png'), ('tarPos', [0, 0])])
12.0794 	EXP 	window1: mouseVisible = False
12.1504 	EXP 	text_3: autoDraw = False
12.1504 	EXP 	image: image = '9_dist_red/trial9.png'
12.1504 	EXP 	image_2: pos = array([0., 0.])
12.1504 	EXP 	image_2: image = '9_dist_red/trial9.png'
12.1504 	EXP 	image: autoDraw = True
12.1504 	EXP 	image_2: autoDraw = True
12.2624 	EXP 	window1: mouseVisible = True
12.2951 	DATA 	Keypress: space
12.3673 	EXP 	image: autoDraw = False
12.3673 	EXP 	image_2: autoDraw = False
12.3673 	EXP 	image_3: pos = array([0., 0.])
12.3673 	EXP 	image_3: image = '9_dist_red/trial9.png'
12.3673 	EXP 	background: image = '9_dist_red/trial9.png'
12.3673 	EXP 	image_3: autoDraw = True
12.3673 	EXP 	background: autoDraw = True
12.9184 	DATA 	Mouse: Left button down, pos=(820,657)
12.9345 	EXP 	image_3: autoDraw = False
12.9345 	EXP 	background: autoDraw = False
12.9345 	EXP 	text_3: text = 'dog'
12.9345 	EXP 	text_3: autoDraw = True
13.0867 	DATA 	Mouse:  Left button up, pos=(820,657)
13.9218 	DATA 	Keypress: space
14.8893 	DATA 	Keypress: space
14.9228 	EXP 	New trial (rep=0, index=2): OrderedDict([('ImageFile', '15_dist_red/trial10.png'), ('tarPos', [8, -8])])
15.0163 	EXP 	window1: mouseVisible = False
15.0865 	EXP 	text_3: autoDraw = False
15.0865 	EXP 	text_3: autoDraw = False
15.0865 	EXP 	image: image = '15_dist_red/trial10.png'
15.0865 	EXP 	image_2: pos = array([ 8., -8.])
15.0865 	EXP 	image_2: image = '15_dist_red/trial10.png'
15.0865 	EXP 	image: autoDraw = True
15.0865 	EXP 	image_2: autoDraw = True
15.3249 	DATA 	Mouse: Left button down, pos=(1003,494)
15.3578 	DATA 	Mouse:  Left button up, pos=(1003,494)
16.1170 	EXP 	window1: mouseVisible = True
16.1511 	DATA 	Keypress: space
16.2211 	EXP 	image: autoDraw = False
16.2211 	EXP 	image_2: autoDraw = False
16.2211 	EXP 	image_3: pos = array([ 8., -8.])
16.2211 	EXP 	image_3: image = '15_dist_red/trial10.png'
16.2211 	EXP 	background: image = '15_dist_red/trial10.png'
16.2211 	EXP 	image_3: autoDraw = True
16.2211 	EXP 	background: autoDraw = True
16.5911 	DATA 	Mouse: Left button down, pos=(970,582)
16.6214 	EXP 	image_3: autoDraw = False
16.6214 	EXP 	background: autoDraw = False
16.6214 	EXP 	text_3: text = 'dog'
16.6214 	EXP 	text_3: autoDraw = True
16.7408 	DATA 	Mouse:  Left button up, pos=(970,582)
17.2751 	DATA 	Keypress: space
17.8766 	DATA 	Mouse: Left button down, pos=(964,516)
18.0084 	DATA 	Mouse:  Left button up, pos=(964,516)
18.5605 	DATA 	Keypress: space
18.6105 	EXP 	New trial (rep=0, index=3): OrderedDict([('ImageFile', '3_dist_red/trial2.png'), ('tarPos', [-4, 0])])
18.7034 	EXP 	window1: mouseVisible = False
18.7736 	EXP 	text_3: autoDraw = False
18.7736 	EXP 	text_3: autoDraw = False
18.7736 	EXP 	image: image = '3_dist_red/trial2.png'
18.7736 	EXP 	image_2: pos = array([-4.,  0.])
18.7736 	EXP 	image_2: image = '3_dist_red/trial2.png'
18.7736 	EXP 	image: autoDraw = True
18.7736 	EXP 	image_2: autoDraw = True
19.1456 	DATA 	Mouse: Left button down, pos=(964,516)
19.3282 	DATA 	Mouse:  Left button up, pos=(964,516)
19.8043 	EXP 	window1: mouseVisible = True
19.8371 	DATA 	Keypress: space
19.9080 	EXP 	image: autoDraw = False
19.9080 	EXP 	image_2: autoDraw = False
19.9080 	EXP 	image_3: pos = array([-4.,  0.])
19.9080 	EXP 	image_3: image = '3_dist_red/trial2.png'
19.9080 	EXP 	background: image = '3_dist_red/trial2.png'
19.9080 	EXP 	image_3: autoDraw = True
19.9080 	EXP 	background: autoDraw = True
20.3257 	DATA 	Mouse: Left button down, pos=(964,516)
20.3418 	EXP 	image_3: autoDraw = False
20.3418 	EXP 	background: autoDraw = False
20.3418 	EXP 	text_3: text = 'dog'
20.3418 	EXP 	text_3: autoDraw = True
20.4945 	DATA 	Mouse:  Left button up, pos=(964,516)
20.9118 	DATA 	Keypress: space
21.3462 	DATA 	Mouse: Left button down, pos=(964,516)
21.5122 	DATA 	Mouse:  Left button up, pos=(964,516)
21.8303 	DATA 	Keypress: space
22.2633 	DATA 	Mouse: Right button down, pos=(964,516)
22.3298 	EXP 	New trial (rep=0, index=4): OrderedDict([('ImageFile', '15_dist_red/trial13.png'), ('tarPos', [8, 8])])
22.4019 	EXP 	window1: mouseVisible = False
22.4360 	DATA 	Mouse:  Right button up, pos=(964,516)
22.4772 	EXP 	text_3: autoDraw = False
22.4772 	EXP 	text_3: autoDraw = False
22.4772 	EXP 	image: image = '15_dist_red/trial13.png'
22.4772 	EXP 	image_2: pos = array([8., 8.])
22.4772 	EXP 	image_2: image = '15_dist_red/trial13.png'
22.4772 	EXP 	image: autoDraw = True
22.4772 	EXP 	image_2: autoDraw = True
22.9654 	DATA 	Mouse: Left button down, pos=(964,516)
23.1321 	DATA 	Mouse:  Left button up, pos=(964,516)
23.4159 	DATA 	Keypress: space
23.4914 	EXP 	window1: mouseVisible = True
23.5950 	EXP 	image: autoDraw = False
23.5950 	EXP 	image_2: autoDraw = False
23.5950 	EXP 	image_3: pos = array([8., 8.])
23.5950 	EXP 	image_3: image = '15_dist_red/trial13.png'
23.5950 	EXP 	background: image = '15_dist_red/trial13.png'
23.5950 	EXP 	image_3: autoDraw = True
23.5950 	EXP 	background: autoDraw = True
24.7300 	DATA 	Keypress: escape
25.1218 	EXP 	window1: mouseVisible = True
