0.7928 	WARNING 	We strongly recommend you activate the PTB sound engine in PsychoPy prefs as the preferred audio engine. Its timing is vastly superior. Your prefs are currently set to use ['sounddevice', 'PTB', 'pyo', 'pygame'] (in that order).
4.6390 	WARNING 	User requested fullscreen with size [1024  768], but screen is actually [1920, 1080]. Using actual size
5.6602 	EXP 	Created window1 = Window(allowGUI=False, allowStencil=False, args=UNKNOWN, autoLog=True, bitsMode=UNKNOWN, blendMode='avg', bpc=(8, 8, 8), color=array([0., 0., 0.]), colorSpace='rgb', depthBits=8, fullscr=<method-wrapper '__getattribute__' of attributeSetter object at 0x00000001371E9CC0>, gamma=None, gammaErrorPolicy='raise', kwargs=UNKNOWN, lms=UNKNOWN, monitor=<psychopy.monitors.calibTools.Monitor object at 0x0000000135E36CF8>, multiSample=False, name='window1', numSamples=2, pos=[0.0, 0.0], screen=0, size=array([1920, 1080]), stencilBits=0, stereo=False, units='height', useFBO=True, useRetina=False, viewOri=0.0, viewPos=None, viewScale=None, waitBlanking=True, winType='pyglet')
5.6606 	EXP 	window1: mouseVisible = True
5.6607 	EXP 	window1: recordFrameIntervals = False
5.8256 	EXP 	window1: recordFrameIntervals = True
6.0099 	EXP 	window1: recordFrameIntervals = False
6.1896 	EXP 	Created text_2 = TextStim(__class__=<class 'psychopy.visual.text.TextStim'>, alignHoriz=method-wrapper(...), alignText='center', alignVert=method-wrapper(...), anchorHoriz='center', anchorVert='center', antialias=True, autoLog=True, bold=False, color='white', colorSpace='named', contrast=1.0, depth=0.0, flipHoriz=False, flipVert=False, font='Arial', fontFiles=[], height=0.07, italic=False, languageStyle='LTR', name='text_2', opacity=1.0, ori=0, pos=array([0., 0.]), rgb=array([255., 255., 255.]), text=str(...), units='height', win=Window(...), wrapWidth=1)
6.1917 	EXP 	Created image = ImageStim(__class__=<class 'psychopy.visual.image.ImageStim'>, autoLog=True, color=array([1., 1., 1.]), colorSpace='rgb', contrast=1.0, depth=0.0, flipHoriz=False, flipVert=False, image='sin', interpolate=True, mask=None, maskParams=None, name='image', opacity=1.0, ori=0.0, pos=array([0., 0.]), size=array([53., 30.]), texRes=128, units='cm', win=Window(...))
6.1932 	EXP 	Created image_2 = ImageStim(__class__=<class 'psychopy.visual.image.ImageStim'>, autoLog=True, color=array([1., 1., 1.]), colorSpace='rgb', contrast=1.0, depth=-1.0, flipHoriz=False, flipVert=False, image='sin', interpolate=True, mask=None, maskParams=None, name='image_2', opacity=0.0, ori=0.0, pos=array([0., 0.]), size=array([6., 2.]), texRes=128, units='cm', win=Window(...))
6.1947 	EXP 	Created image_3 = ImageStim(__class__=<class 'psychopy.visual.image.ImageStim'>, autoLog=True, color=array([1., 1., 1.]), colorSpace='rgb', contrast=1.0, depth=0.0, flipHoriz=False, flipVert=False, image='sin', interpolate=True, mask=None, maskParams=None, name='image_3', opacity=0.0, ori=0.0, pos=array([0., 0.]), size=array([9., 3.]), texRes=128, units='cm', win=Window(...))
6.1948 	EXP 	window1: mouseVisible = True
6.1962 	EXP 	Created background = ImageStim(__class__=<class 'psychopy.visual.image.ImageStim'>, autoLog=True, color=array([1., 1., 1.]), colorSpace='rgb', contrast=1.0, depth=-3.0, flipHoriz=False, flipVert=False, image='sin', interpolate=True, mask=None, maskParams=None, name='background', opacity=0.0, ori=0.0, pos=array([0., 0.]), size=array([53., 30.]), texRes=128, units='cm', win=Window(...))
6.2144 	EXP 	Created text_3 = TextStim(__class__=<class 'psychopy.visual.text.TextStim'>, alignHoriz=method-wrapper(...), alignText='center', alignVert=method-wrapper(...), anchorHoriz='center', anchorVert='center', antialias=True, autoLog=True, bold=False, color='white', colorSpace='named', contrast=1.0, depth=0.0, flipHoriz=False, flipVert=False, font='Arial', fontFiles=[], height=0.1, italic=False, languageStyle='LTR', name='text_3', opacity=1.0, ori=0, pos=array([0., 0.]), rgb=array([255., 255., 255.]), text='default text', units='height', win=Window(...), wrapWidth=1)
6.2425 	EXP 	text_2: autoDraw = True
6.9473 	DATA 	Keypress: space
6.9938 	EXP 	Imported conditions.xlsx as conditions, 100 conditions, 2 params
6.9945 	EXP 	Created sequence: random, trialTypes=100, nReps=3, seed=None
6.9947 	EXP 	New trial (rep=0, index=0): OrderedDict([('ImageFile', '0_dist_red/trial10.png'), ('tarPos', [8, 4])])
7.0605 	EXP 	window1: mouseVisible = False
7.1269 	EXP 	text_2: autoDraw = False
7.1269 	EXP 	image: image = '0_dist_red/trial10.png'
7.1269 	EXP 	image_2: pos = array([8., 4.])
7.1269 	EXP 	image_2: image = '0_dist_red/trial10.png'
7.1269 	EXP 	image: autoDraw = True
7.1269 	EXP 	image_2: autoDraw = True
8.1223 	EXP 	window1: mouseVisible = True
8.1549 	DATA 	Keypress: space
8.2278 	EXP 	image: autoDraw = False
8.2278 	EXP 	image_2: autoDraw = False
8.2278 	EXP 	image_3: pos = array([8., 4.])
8.2278 	EXP 	image_3: image = '0_dist_red/trial10.png'
8.2278 	EXP 	background: image = '0_dist_red/trial10.png'
8.2278 	EXP 	image_3: autoDraw = True
8.2278 	EXP 	background: autoDraw = True
8.7792 	DATA 	Mouse: Left button down, pos=(1191,652)
8.8285 	EXP 	image_3: autoDraw = False
8.8285 	EXP 	background: autoDraw = False
8.8285 	EXP 	text_3: text = 'Your answer was correct.'
8.8285 	EXP 	text_3: autoDraw = True
8.9306 	DATA 	Mouse:  Left button up, pos=(1191,652)
9.9666 	DATA 	Keypress: space
10.7995 	EXP 	New trial (rep=0, index=1): OrderedDict([('ImageFile', '3_dist_red/trial11.png'), ('tarPos', [4, 4])])
10.8932 	EXP 	window1: mouseVisible = False
10.9640 	EXP 	text_3: autoDraw = False
10.9640 	EXP 	image: image = '3_dist_red/trial11.png'
10.9640 	EXP 	image_2: pos = array([4., 4.])
10.9640 	EXP 	image_2: image = '3_dist_red/trial11.png'
10.9640 	EXP 	image: autoDraw = True
10.9640 	EXP 	image_2: autoDraw = True
11.1256 	EXP 	window1: mouseVisible = True
11.1584 	DATA 	Keypress: space
11.2308 	EXP 	image: autoDraw = False
11.2308 	EXP 	image_2: autoDraw = False
11.2308 	EXP 	image_3: pos = array([4., 4.])
11.2308 	EXP 	image_3: image = '3_dist_red/trial11.png'
11.2308 	EXP 	background: image = '3_dist_red/trial11.png'
11.2308 	EXP 	image_3: autoDraw = True
11.2308 	EXP 	background: autoDraw = True
11.9324 	DATA 	Mouse: Left button down, pos=(1112,669)
11.9484 	EXP 	image_3: autoDraw = False
11.9484 	EXP 	background: autoDraw = False
11.9484 	EXP 	text_3: text = 'Your answer was correct.'
11.9484 	EXP 	text_3: autoDraw = True
12.0501 	DATA 	Mouse:  Left button up, pos=(1112,669)
13.1864 	DATA 	Keypress: space
13.9369 	EXP 	New trial (rep=0, index=2): OrderedDict([('ImageFile', '3_dist_red/trial22.png'), ('tarPos', [-4, -8])])
14.0280 	EXP 	window1: mouseVisible = False
14.0633 	DATA 	Keypress: space
14.1004 	EXP 	text_3: autoDraw = False
14.1004 	EXP 	text_3: autoDraw = False
14.1004 	EXP 	image: image = '3_dist_red/trial22.png'
14.1004 	EXP 	image_2: pos = array([-4., -8.])
14.1004 	EXP 	image_2: image = '3_dist_red/trial22.png'
14.1004 	EXP 	image: autoDraw = True
14.1004 	EXP 	image_2: autoDraw = True
14.9902 	DATA 	Mouse: Left button down, pos=(1093,249)
15.1391 	DATA 	Mouse:  Left button up, pos=(1093,249)
16.4919 	DATA 	Keypress: space
16.5716 	EXP 	window1: mouseVisible = True
16.6696 	EXP 	image: autoDraw = False
16.6696 	EXP 	image_2: autoDraw = False
16.6696 	EXP 	image_3: pos = array([-4., -8.])
16.6696 	EXP 	image_3: image = '3_dist_red/trial22.png'
16.6696 	EXP 	background: image = '3_dist_red/trial22.png'
16.6696 	EXP 	image_3: autoDraw = True
16.6696 	EXP 	background: autoDraw = True
17.3544 	DATA 	Mouse: Left button down, pos=(659,661)
17.4035 	EXP 	image_3: autoDraw = False
17.4035 	EXP 	background: autoDraw = False
17.4035 	EXP 	text_3: text = 'You did not click on the target. Try to be more accurate.'
17.4035 	EXP 	text_3: autoDraw = True
17.5063 	DATA 	Mouse:  Left button up, pos=(659,661)
19.3737 	EXP 	New trial (rep=0, index=3): OrderedDict([('ImageFile', '9_dist_red/trial1.png'), ('tarPos', [-8, -8])])
19.4804 	EXP 	window1: mouseVisible = False
19.5558 	EXP 	text_3: autoDraw = False
19.5558 	EXP 	image: image = '9_dist_red/trial1.png'
19.5558 	EXP 	image_2: pos = array([-8., -8.])
19.5558 	EXP 	image_2: image = '9_dist_red/trial1.png'
19.5558 	EXP 	image: autoDraw = True
19.5558 	EXP 	image_2: autoDraw = True
20.9950 	DATA 	Keypress: space
21.0709 	EXP 	window1: mouseVisible = True
21.1740 	EXP 	image: autoDraw = False
21.1740 	EXP 	image_2: autoDraw = False
21.1740 	EXP 	image_3: pos = array([-8., -8.])
21.1740 	EXP 	image_3: image = '9_dist_red/trial1.png'
21.1740 	EXP 	background: image = '9_dist_red/trial1.png'
21.1740 	EXP 	image_3: autoDraw = True
21.1740 	EXP 	background: autoDraw = True
22.2589 	DATA 	Keypress: space
23.4602 	DATA 	Keypress: space
24.4446 	DATA 	Mouse: Left button down, pos=(984,587)
24.4607 	EXP 	image_3: autoDraw = False
24.4607 	EXP 	background: autoDraw = False
24.4607 	EXP 	text_3: text = 'You did not click on the target. Try to be more accurate.'
24.4607 	EXP 	text_3: autoDraw = True
24.6300 	DATA 	Mouse:  Left button up, pos=(984,587)
26.4488 	EXP 	New trial (rep=0, index=4): OrderedDict([('ImageFile', '0_dist_red/trial13.png'), ('tarPos', [-4, 4])])
26.5383 	EXP 	window1: mouseVisible = False
26.6127 	EXP 	text_3: autoDraw = False
26.6127 	EXP 	text_3: autoDraw = False
26.6127 	EXP 	image: image = '0_dist_red/trial13.png'
26.6127 	EXP 	image_2: pos = array([-4.,  4.])
26.6127 	EXP 	image_2: image = '0_dist_red/trial13.png'
26.6127 	EXP 	image: autoDraw = True
26.6127 	EXP 	image_2: autoDraw = True
27.4194 	DATA 	Keypress: space
27.4912 	EXP 	window1: mouseVisible = True
27.5970 	EXP 	image: autoDraw = False
27.5970 	EXP 	image_2: autoDraw = False
27.5970 	EXP 	image_3: pos = array([-4.,  4.])
27.5970 	EXP 	image_3: image = '0_dist_red/trial13.png'
27.5970 	EXP 	background: image = '0_dist_red/trial13.png'
27.5970 	EXP 	image_3: autoDraw = True
27.5970 	EXP 	background: autoDraw = True
28.3984 	DATA 	Keypress: space
29.1162 	DATA 	Mouse: Right button down, pos=(996,616)
29.1319 	EXP 	image_3: autoDraw = False
29.1319 	EXP 	background: autoDraw = False
29.1319 	EXP 	text_3: text = 'You did not click on the target. Try to be more accurate.'
29.1319 	EXP 	text_3: autoDraw = True
29.2674 	DATA 	Mouse:  Right button up, pos=(996,616)
30.0860 	DATA 	Mouse: Left button down, pos=(1122,474)
30.2188 	DATA 	Mouse:  Left button up, pos=(1122,474)
30.6369 	DATA 	Keypress: space
31.1201 	EXP 	New trial (rep=0, index=5): OrderedDict([('ImageFile', '0_dist_red/trial12.png'), ('tarPos', [4, -4])])
31.2116 	EXP 	window1: mouseVisible = False
31.2840 	EXP 	text_3: autoDraw = False
31.2840 	EXP 	text_3: autoDraw = False
31.2840 	EXP 	image: image = '0_dist_red/trial12.png'
31.2840 	EXP 	image_2: pos = array([ 4., -4.])
31.2840 	EXP 	image_2: image = '0_dist_red/trial12.png'
31.2840 	EXP 	image: autoDraw = True
31.2840 	EXP 	image_2: autoDraw = True
31.6060 	DATA 	Keypress: escape
32.0196 	EXP 	window1: mouseVisible = True
