0.7953 	WARNING 	We strongly recommend you activate the PTB sound engine in PsychoPy prefs as the preferred audio engine. Its timing is vastly superior. Your prefs are currently set to use ['sounddevice', 'PTB', 'pyo', 'pygame'] (in that order).
4.4438 	WARNING 	User requested fullscreen with size [1024  768], but screen is actually [1920, 1080]. Using actual size
5.4729 	EXP 	Created window1 = Window(allowGUI=False, allowStencil=False, args=UNKNOWN, autoLog=True, bitsMode=UNKNOWN, blendMode='avg', bpc=(8, 8, 8), color=array([0., 0., 0.]), colorSpace='rgb', depthBits=8, fullscr=<method-wrapper '__getattribute__' of attributeSetter object at 0x00000054C256CC88>, gamma=None, gammaErrorPolicy='raise', kwargs=UNKNOWN, lms=UNKNOWN, monitor=<psychopy.monitors.calibTools.Monitor object at 0x00000054C11F6CC0>, multiSample=False, name='window1', numSamples=2, pos=[0.0, 0.0], screen=0, size=array([1920, 1080]), stencilBits=0, stereo=False, units='height', useFBO=True, useRetina=False, viewOri=0.0, viewPos=None, viewScale=None, waitBlanking=True, winType='pyglet')
5.4731 	EXP 	window1: mouseVisible = True
5.4732 	EXP 	window1: recordFrameIntervals = False
5.6385 	EXP 	window1: recordFrameIntervals = True
5.8225 	EXP 	window1: recordFrameIntervals = False
6.0036 	EXP 	Created text_2 = TextStim(__class__=<class 'psychopy.visual.text.TextStim'>, alignHoriz=method-wrapper(...), alignText='center', alignVert=method-wrapper(...), anchorHoriz='center', anchorVert='center', antialias=True, autoLog=True, bold=False, color='white', colorSpace='named', contrast=1.0, depth=0.0, flipHoriz=False, flipVert=False, font='Arial', fontFiles=[], height=0.07, italic=False, languageStyle='LTR', name='text_2', opacity=1.0, ori=0, pos=array([0., 0.]), rgb=array([255., 255., 255.]), text=str(...), units='height', win=Window(...), wrapWidth=1)
6.0056 	EXP 	Created image = ImageStim(__class__=<class 'psychopy.visual.image.ImageStim'>, autoLog=True, color=array([1., 1., 1.]), colorSpace='rgb', contrast=1.0, depth=0.0, flipHoriz=False, flipVert=False, image='sin', interpolate=True, mask=None, maskParams=None, name='image', opacity=1.0, ori=0.0, pos=array([0., 0.]), size=array([53., 30.]), texRes=128, units='cm', win=Window(...))
6.0071 	EXP 	Created image_2 = ImageStim(__class__=<class 'psychopy.visual.image.ImageStim'>, autoLog=True, color=array([1., 1., 1.]), colorSpace='rgb', contrast=1.0, depth=-1.0, flipHoriz=False, flipVert=False, image='sin', interpolate=True, mask=None, maskParams=None, name='image_2', opacity=0.0, ori=0.0, pos=array([0., 0.]), size=array([6., 2.]), texRes=128, units='cm', win=Window(...))
6.0086 	EXP 	Created image_3 = ImageStim(__class__=<class 'psychopy.visual.image.ImageStim'>, autoLog=True, color=array([1., 1., 1.]), colorSpace='rgb', contrast=1.0, depth=0.0, flipHoriz=False, flipVert=False, image='sin', interpolate=True, mask=None, maskParams=None, name='image_3', opacity=0.0, ori=0.0, pos=array([0., 0.]), size=array([6., 2.]), texRes=128, units='cm', win=Window(...))
6.0087 	EXP 	window1: mouseVisible = True
6.0101 	EXP 	Created background = ImageStim(__class__=<class 'psychopy.visual.image.ImageStim'>, autoLog=True, color=array([1., 1., 1.]), colorSpace='rgb', contrast=1.0, depth=-3.0, flipHoriz=False, flipVert=False, image='sin', interpolate=True, mask=None, maskParams=None, name='background', opacity=0.0, ori=0.0, pos=array([0., 0.]), size=array([53., 30.]), texRes=128, units='cm', win=Window(...))
6.0280 	EXP 	Created text_3 = TextStim(__class__=<class 'psychopy.visual.text.TextStim'>, alignHoriz=method-wrapper(...), alignText='center', alignVert=method-wrapper(...), anchorHoriz='center', anchorVert='center', antialias=True, autoLog=True, bold=False, color='white', colorSpace='named', contrast=1.0, depth=0.0, flipHoriz=False, flipVert=False, font='Arial', fontFiles=[], height=0.1, italic=False, languageStyle='LTR', name='text_3', opacity=1.0, ori=0, pos=array([0., 0.]), rgb=array([255., 255., 255.]), text='default text', units='height', win=Window(...), wrapWidth=1)
6.0553 	EXP 	text_2: autoDraw = True
7.6198 	EXP 	Imported conditions.xlsx as conditions, 100 conditions, 2 params
7.6204 	EXP 	Created sequence: random, trialTypes=100, nReps=3, seed=None
7.6207 	EXP 	New trial (rep=0, index=0): OrderedDict([('ImageFile', '9_dist_red/trial4.png'), ('tarPos', [-4, 0])])
7.6865 	EXP 	window1: mouseVisible = False
7.7211 	DATA 	Keypress: space
7.7572 	EXP 	text_2: autoDraw = False
7.7572 	EXP 	image: image = '9_dist_red/trial4.png'
7.7572 	EXP 	image_2: pos = array([-4.,  0.])
7.7572 	EXP 	image_2: image = '9_dist_red/trial4.png'
7.7572 	EXP 	image: autoDraw = True
7.7572 	EXP 	image_2: autoDraw = True
8.8297 	EXP 	window1: mouseVisible = True
8.8676 	DATA 	Keypress: space
8.9418 	EXP 	image: autoDraw = False
8.9418 	EXP 	image_2: autoDraw = False
8.9418 	EXP 	image_3: pos = array([-4.,  0.])
8.9418 	EXP 	image_3: image = '9_dist_red/trial4.png'
8.9418 	EXP 	background: image = '9_dist_red/trial4.png'
8.9418 	EXP 	image_3: autoDraw = True
8.9418 	EXP 	background: autoDraw = True
9.6931 	DATA 	Mouse: Left button down, pos=(686,654)
9.9748 	EXP 	window1: mouseVisible = True
0.7888 	WARNING 	We strongly recommend you activate the PTB sound engine in PsychoPy prefs as the preferred audio engine. Its timing is vastly superior. Your prefs are currently set to use ['sounddevice', 'PTB', 'pyo', 'pygame'] (in that order).
3.8011 	WARNING 	User requested fullscreen with size [1024  768], but screen is actually [1920, 1080]. Using actual size
4.8494 	EXP 	Created window1 = Window(allowGUI=False, allowStencil=False, args=UNKNOWN, autoLog=True, bitsMode=UNKNOWN, blendMode='avg', bpc=(8, 8, 8), color=array([0., 0., 0.]), colorSpace='rgb', depthBits=8, fullscr=<method-wrapper '__getattribute__' of attributeSetter object at 0x000000E742FDBC88>, gamma=None, gammaErrorPolicy='raise', kwargs=UNKNOWN, lms=UNKNOWN, monitor=<psychopy.monitors.calibTools.Monitor object at 0x000000E741C26CC0>, multiSample=False, name='window1', numSamples=2, pos=[0.0, 0.0], screen=0, size=array([1920, 1080]), stencilBits=0, stereo=False, units='height', useFBO=True, useRetina=False, viewOri=0.0, viewPos=None, viewScale=None, waitBlanking=True, winType='pyglet')
4.8500 	EXP 	window1: mouseVisible = True
4.8501 	EXP 	window1: recordFrameIntervals = False
5.0151 	EXP 	window1: recordFrameIntervals = True
5.1991 	EXP 	window1: recordFrameIntervals = False
5.3919 	EXP 	Created text_2 = TextStim(__class__=<class 'psychopy.visual.text.TextStim'>, alignHoriz=method-wrapper(...), alignText='center', alignVert=method-wrapper(...), anchorHoriz='center', anchorVert='center', antialias=True, autoLog=True, bold=False, color='white', colorSpace='named', contrast=1.0, depth=0.0, flipHoriz=False, flipVert=False, font='Arial', fontFiles=[], height=0.07, italic=False, languageStyle='LTR', name='text_2', opacity=1.0, ori=0, pos=array([0., 0.]), rgb=array([255., 255., 255.]), text=str(...), units='height', win=Window(...), wrapWidth=1)
5.3940 	EXP 	Created image = ImageStim(__class__=<class 'psychopy.visual.image.ImageStim'>, autoLog=True, color=array([1., 1., 1.]), colorSpace='rgb', contrast=1.0, depth=0.0, flipHoriz=False, flipVert=False, image='sin', interpolate=True, mask=None, maskParams=None, name='image', opacity=1.0, ori=0.0, pos=array([0., 0.]), size=array([53., 30.]), texRes=128, units='cm', win=Window(...))
5.3955 	EXP 	Created image_2 = ImageStim(__class__=<class 'psychopy.visual.image.ImageStim'>, autoLog=True, color=array([1., 1., 1.]), colorSpace='rgb', contrast=1.0, depth=-1.0, flipHoriz=False, flipVert=False, image='sin', interpolate=True, mask=None, maskParams=None, name='image_2', opacity=0.0, ori=0.0, pos=array([0., 0.]), size=array([6., 2.]), texRes=128, units='cm', win=Window(...))
5.3970 	EXP 	Created image_3 = ImageStim(__class__=<class 'psychopy.visual.image.ImageStim'>, autoLog=True, color=array([1., 1., 1.]), colorSpace='rgb', contrast=1.0, depth=0.0, flipHoriz=False, flipVert=False, image='sin', interpolate=True, mask=None, maskParams=None, name='image_3', opacity=0.0, ori=0.0, pos=array([0., 0.]), size=array([6., 2.]), texRes=128, units='cm', win=Window(...))
5.3970 	EXP 	window1: mouseVisible = True
5.3985 	EXP 	Created background = ImageStim(__class__=<class 'psychopy.visual.image.ImageStim'>, autoLog=True, color=array([1., 1., 1.]), colorSpace='rgb', contrast=1.0, depth=-3.0, flipHoriz=False, flipVert=False, image='sin', interpolate=True, mask=None, maskParams=None, name='background', opacity=0.0, ori=0.0, pos=array([0., 0.]), size=array([53., 30.]), texRes=128, units='cm', win=Window(...))
5.4166 	EXP 	Created text_3 = TextStim(__class__=<class 'psychopy.visual.text.TextStim'>, alignHoriz=method-wrapper(...), alignText='center', alignVert=method-wrapper(...), anchorHoriz='center', anchorVert='center', antialias=True, autoLog=True, bold=False, color='white', colorSpace='named', contrast=1.0, depth=0.0, flipHoriz=False, flipVert=False, font='Arial', fontFiles=[], height=0.1, italic=False, languageStyle='LTR', name='text_3', opacity=1.0, ori=0, pos=array([0., 0.]), rgb=array([255., 255., 255.]), text='default text', units='height', win=Window(...), wrapWidth=1)
5.4485 	EXP 	text_2: autoDraw = True
6.1567 	EXP 	Imported conditions.xlsx as conditions, 100 conditions, 2 params
6.1575 	EXP 	Created sequence: random, trialTypes=100, nReps=3, seed=None
6.1579 	EXP 	New trial (rep=0, index=0): OrderedDict([('ImageFile', '9_dist_red/trial12.png'), ('tarPos', [-8, -4])])
6.2251 	EXP 	window1: mouseVisible = False
6.2600 	DATA 	Keypress: space
6.2995 	EXP 	text_2: autoDraw = False
6.2995 	EXP 	image: image = '9_dist_red/trial12.png'
6.2995 	EXP 	image_2: pos = array([-8., -4.])
6.2995 	EXP 	image_2: image = '9_dist_red/trial12.png'
6.2995 	EXP 	image: autoDraw = True
6.2995 	EXP 	image_2: autoDraw = True
7.9285 	EXP 	window1: mouseVisible = True
7.9618 	DATA 	Keypress: space
8.0345 	EXP 	image: autoDraw = False
8.0345 	EXP 	image_2: autoDraw = False
8.0345 	EXP 	image_3: pos = array([-8., -4.])
8.0345 	EXP 	image_3: image = '9_dist_red/trial12.png'
8.0345 	EXP 	background: image = '9_dist_red/trial12.png'
8.0345 	EXP 	image_3: autoDraw = True
8.0345 	EXP 	background: autoDraw = True
9.0531 	DATA 	Mouse: Left button down, pos=(720,419)
9.1188 	EXP 	image_3: autoDraw = False
9.1188 	EXP 	background: autoDraw = False
9.1188 	EXP 	text_3: text = ['image_3', 'background']
9.1188 	EXP 	text_3: autoDraw = True
9.1882 	DATA 	Mouse:  Left button up, pos=(720,419)
11.0080 	DATA 	Keypress: space
11.0734 	EXP 	New trial (rep=0, index=1): OrderedDict([('ImageFile', '3_dist_red/trial13.png'), ('tarPos', [-4, 4])])
11.1627 	EXP 	window1: mouseVisible = False
11.2378 	EXP 	text_3: autoDraw = False
11.2378 	EXP 	image: image = '3_dist_red/trial13.png'
11.2378 	EXP 	image_2: pos = array([-4.,  4.])
11.2378 	EXP 	image_2: image = '3_dist_red/trial13.png'
11.2378 	EXP 	image: autoDraw = True
11.2378 	EXP 	image_2: autoDraw = True
12.2839 	EXP 	window1: mouseVisible = True
12.3170 	DATA 	Keypress: space
12.3888 	EXP 	image: autoDraw = False
12.3888 	EXP 	image_2: autoDraw = False
12.3888 	EXP 	image_3: pos = array([-4.,  4.])
12.3888 	EXP 	image_3: image = '3_dist_red/trial13.png'
12.3888 	EXP 	background: image = '3_dist_red/trial13.png'
12.3888 	EXP 	image_3: autoDraw = True
12.3888 	EXP 	background: autoDraw = True
13.0597 	DATA 	Mouse: Left button down, pos=(819,657)
13.1063 	EXP 	image_3: autoDraw = False
13.1063 	EXP 	background: autoDraw = False
13.1063 	EXP 	text_3: text = ['image_3', 'background']
13.1063 	EXP 	text_3: autoDraw = True
13.2091 	DATA 	Mouse:  Left button up, pos=(819,657)
14.3778 	DATA 	Keypress: space
15.0931 	EXP 	New trial (rep=0, index=2): OrderedDict([('ImageFile', '15_dist_red/trial9.png'), ('tarPos', [0, 0])])
15.1860 	EXP 	window1: mouseVisible = False
15.2584 	EXP 	text_3: autoDraw = False
15.2584 	EXP 	image: image = '15_dist_red/trial9.png'
15.2584 	EXP 	image_2: pos = array([0., 0.])
15.2584 	EXP 	image_2: image = '15_dist_red/trial9.png'
15.2584 	EXP 	image: autoDraw = True
15.2584 	EXP 	image_2: autoDraw = True
15.3687 	EXP 	window1: mouseVisible = True
15.4016 	DATA 	Keypress: space
15.4751 	EXP 	image: autoDraw = False
15.4751 	EXP 	image_2: autoDraw = False
15.4751 	EXP 	image_3: pos = array([0., 0.])
15.4751 	EXP 	image_3: image = '15_dist_red/trial9.png'
15.4751 	EXP 	background: image = '15_dist_red/trial9.png'
15.4751 	EXP 	image_3: autoDraw = True
15.4751 	EXP 	background: autoDraw = True
16.3104 	DATA 	Mouse: Left button down, pos=(1003,550)
16.3429 	EXP 	image_3: autoDraw = False
16.3429 	EXP 	background: autoDraw = False
16.3429 	EXP 	text_3: text = ['image_3', 'background']
16.3429 	EXP 	text_3: autoDraw = True
16.4622 	DATA 	Mouse:  Left button up, pos=(1003,550)
17.5474 	DATA 	Keypress: space
18.3297 	EXP 	New trial (rep=0, index=3): OrderedDict([('ImageFile', '15_dist_red/trial19.png'), ('tarPos', [4, 8])])
18.4076 	EXP 	window1: mouseVisible = False
18.4783 	EXP 	text_3: autoDraw = False
18.4783 	EXP 	image: image = '15_dist_red/trial19.png'
18.4783 	EXP 	image_2: pos = array([4., 8.])
18.4783 	EXP 	image_2: image = '15_dist_red/trial19.png'
18.4783 	EXP 	image: autoDraw = True
18.4783 	EXP 	image_2: autoDraw = True
18.6402 	EXP 	window1: mouseVisible = True
18.6737 	DATA 	Keypress: space
18.7451 	EXP 	image: autoDraw = False
18.7451 	EXP 	image_2: autoDraw = False
18.7451 	EXP 	image_3: pos = array([4., 8.])
18.7451 	EXP 	image_3: image = '15_dist_red/trial19.png'
18.7451 	EXP 	background: image = '15_dist_red/trial19.png'
18.7451 	EXP 	image_3: autoDraw = True
18.7451 	EXP 	background: autoDraw = True
19.4299 	DATA 	Mouse: Left button down, pos=(1112,603)
19.4627 	EXP 	image_3: autoDraw = False
19.4627 	EXP 	background: autoDraw = False
19.4627 	EXP 	text_3: text = ['background']
19.4627 	EXP 	text_3: autoDraw = True
19.5645 	DATA 	Mouse:  Left button up, pos=(1112,603)
20.5007 	DATA 	Keypress: space
21.4179 	DATA 	Keypress: space
21.4495 	EXP 	New trial (rep=0, index=4): OrderedDict([('ImageFile', '15_dist_red/trial4.png'), ('tarPos', [-4, 0])])
21.5534 	EXP 	window1: mouseVisible = False
21.6146 	EXP 	text_3: autoDraw = False
21.6146 	EXP 	image: image = '15_dist_red/trial4.png'
21.6146 	EXP 	image_2: pos = array([-4.,  0.])
21.6146 	EXP 	image_2: image = '15_dist_red/trial4.png'
21.6146 	EXP 	image: autoDraw = True
21.6146 	EXP 	image_2: autoDraw = True
23.4891 	DATA 	Mouse: Left button down, pos=(809,407)
23.6544 	DATA 	Mouse:  Left button up, pos=(810,407)
24.3329 	EXP 	window1: mouseVisible = True
24.3665 	DATA 	Keypress: space
24.4340 	EXP 	image: autoDraw = False
24.4340 	EXP 	image_2: autoDraw = False
24.4340 	EXP 	image_3: pos = array([-4.,  0.])
24.4340 	EXP 	image_3: image = '15_dist_red/trial4.png'
24.4340 	EXP 	background: image = '15_dist_red/trial4.png'
24.4340 	EXP 	image_3: autoDraw = True
24.4340 	EXP 	background: autoDraw = True
25.4860 	DATA 	Mouse: Left button down, pos=(828,514)
25.5185 	EXP 	image_3: autoDraw = False
25.5185 	EXP 	background: autoDraw = False
25.5185 	EXP 	text_3: text = ['image_3', 'background']
25.5185 	EXP 	text_3: autoDraw = True
25.6545 	DATA 	Mouse:  Left button up, pos=(828,514)
27.5053 	EXP 	New trial (rep=0, index=5): OrderedDict([('ImageFile', '9_dist_red/trial16.png'), ('tarPos', [0, -4])])
27.5922 	EXP 	window1: mouseVisible = False
27.6539 	EXP 	text_3: autoDraw = False
27.6539 	EXP 	image: image = '9_dist_red/trial16.png'
27.6539 	EXP 	image_2: pos = array([ 0., -4.])
27.6539 	EXP 	image_2: image = '9_dist_red/trial16.png'
27.6539 	EXP 	image: autoDraw = True
27.6539 	EXP 	image_2: autoDraw = True
29.5986 	EXP 	window1: mouseVisible = True
29.6315 	DATA 	Keypress: space
29.7059 	EXP 	image: autoDraw = False
29.7059 	EXP 	image_2: autoDraw = False
29.7059 	EXP 	image_3: pos = array([ 0., -4.])
29.7059 	EXP 	image_3: image = '9_dist_red/trial16.png'
29.7059 	EXP 	background: image = '9_dist_red/trial16.png'
29.7059 	EXP 	image_3: autoDraw = True
29.7059 	EXP 	background: autoDraw = True
30.5744 	DATA 	Mouse: Left button down, pos=(967,400)
30.6069 	EXP 	image_3: autoDraw = False
30.6069 	EXP 	background: autoDraw = False
30.6069 	EXP 	text_3: text = ['image_3', 'background']
30.6069 	EXP 	text_3: autoDraw = True
30.7261 	DATA 	Mouse:  Left button up, pos=(967,400)
31.7784 	DATA 	Keypress: space
32.5935 	EXP 	New trial (rep=0, index=6): OrderedDict([('ImageFile', '9_dist_red/trial23.png'), ('tarPos', [-8, 4])])
32.6813 	EXP 	window1: mouseVisible = False
32.7422 	EXP 	text_3: autoDraw = False
32.7422 	EXP 	image: image = '9_dist_red/trial23.png'
32.7422 	EXP 	image_2: pos = array([-8.,  4.])
32.7422 	EXP 	image_2: image = '9_dist_red/trial23.png'
32.7422 	EXP 	image: autoDraw = True
32.7422 	EXP 	image_2: autoDraw = True
32.9512 	EXP 	window1: mouseVisible = True
32.9838 	DATA 	Keypress: space
33.0592 	EXP 	image: autoDraw = False
33.0592 	EXP 	image_2: autoDraw = False
33.0592 	EXP 	image_3: pos = array([-8.,  4.])
33.0592 	EXP 	image_3: image = '9_dist_red/trial23.png'
33.0592 	EXP 	background: image = '9_dist_red/trial23.png'
33.0592 	EXP 	image_3: autoDraw = True
33.0592 	EXP 	background: autoDraw = True
33.9296 	DATA 	Mouse: Left button down, pos=(1024,659)
33.9770 	EXP 	image_3: autoDraw = False
33.9770 	EXP 	background: autoDraw = False
33.9770 	EXP 	text_3: text = ['background']
33.9770 	EXP 	text_3: autoDraw = True
34.1132 	DATA 	Mouse:  Left button up, pos=(1024,659)
34.9809 	DATA 	Keypress: space
35.9636 	EXP 	New trial (rep=0, index=7): OrderedDict([('ImageFile', '3_dist_red/trial24.png'), ('tarPos', [0, -8])])
36.0534 	EXP 	window1: mouseVisible = False
36.1288 	EXP 	text_3: autoDraw = False
36.1288 	EXP 	image: image = '3_dist_red/trial24.png'
36.1288 	EXP 	image_2: pos = array([ 0., -8.])
36.1288 	EXP 	image_2: image = '3_dist_red/trial24.png'
36.1288 	EXP 	image: autoDraw = True
36.1288 	EXP 	image_2: autoDraw = True
37.6397 	EXP 	window1: mouseVisible = True
37.6724 	DATA 	Keypress: space
37.7472 	EXP 	image: autoDraw = False
37.7472 	EXP 	image_2: autoDraw = False
37.7472 	EXP 	image_3: pos = array([ 0., -8.])
37.7472 	EXP 	image_3: image = '3_dist_red/trial24.png'
37.7472 	EXP 	background: image = '3_dist_red/trial24.png'
37.7472 	EXP 	image_3: autoDraw = True
37.7472 	EXP 	background: autoDraw = True
38.6989 	DATA 	Mouse: Left button down, pos=(944,290)
38.7315 	EXP 	image_3: autoDraw = False
38.7315 	EXP 	background: autoDraw = False
38.7315 	EXP 	text_3: text = ['image_3', 'background']
38.7315 	EXP 	text_3: autoDraw = True
38.8337 	DATA 	Mouse:  Left button up, pos=(944,290)
40.7184 	EXP 	New trial (rep=0, index=8): OrderedDict([('ImageFile', '9_dist_red/trial10.png'), ('tarPos', [8, -8])])
40.8092 	EXP 	window1: mouseVisible = False
40.8836 	EXP 	text_3: autoDraw = False
40.8836 	EXP 	image: image = '9_dist_red/trial10.png'
40.8836 	EXP 	image_2: pos = array([ 8., -8.])
40.8836 	EXP 	image_2: image = '9_dist_red/trial10.png'
40.8836 	EXP 	image: autoDraw = True
40.8836 	EXP 	image_2: autoDraw = True
42.2072 	DATA 	Keypress: space
42.2803 	EXP 	window1: mouseVisible = True
42.3851 	EXP 	image: autoDraw = False
42.3851 	EXP 	image_2: autoDraw = False
42.3851 	EXP 	image_3: pos = array([ 8., -8.])
42.3851 	EXP 	image_3: image = '9_dist_red/trial10.png'
42.3851 	EXP 	background: image = '9_dist_red/trial10.png'
42.3851 	EXP 	image_3: autoDraw = True
42.3851 	EXP 	background: autoDraw = True
43.7202 	DATA 	Keypress: space
44.4880 	DATA 	Mouse: Left button down, pos=(991,385)
44.5206 	EXP 	image_3: autoDraw = False
44.5206 	EXP 	background: autoDraw = False
44.5206 	EXP 	text_3: text = ['background']
44.5206 	EXP 	text_3: autoDraw = True
44.6398 	DATA 	Mouse:  Left button up, pos=(991,385)
45.9087 	DATA 	Keypress: space
46.5074 	EXP 	New trial (rep=0, index=9): OrderedDict([('ImageFile', '3_dist_red/trial17.png'), ('tarPos', [-8, 0])])
46.5976 	EXP 	window1: mouseVisible = False
46.6327 	DATA 	Mouse: Left button down, pos=(1062,529)
46.6727 	EXP 	text_3: autoDraw = False
46.6727 	EXP 	image: image = '3_dist_red/trial17.png'
46.6727 	EXP 	image_2: pos = array([-8.,  0.])
46.6727 	EXP 	image_2: image = '3_dist_red/trial17.png'
46.6727 	EXP 	image: autoDraw = True
46.6727 	EXP 	image_2: autoDraw = True
46.7437 	DATA 	Mouse:  Left button up, pos=(1062,529)
48.0286 	DATA 	Keypress: escape
48.4799 	EXP 	window1: mouseVisible = True
