0.7918 	WARNING 	We strongly recommend you activate the PTB sound engine in PsychoPy prefs as the preferred audio engine. Its timing is vastly superior. Your prefs are currently set to use ['sounddevice', 'PTB', 'pyo', 'pygame'] (in that order).
4.9429 	WARNING 	User requested fullscreen with size [1024  768], but screen is actually [1920, 1080]. Using actual size
6.0122 	EXP 	Created window1 = Window(allowGUI=False, allowStencil=False, args=UNKNOWN, autoLog=True, bitsMode=UNKNOWN, blendMode='avg', bpc=(8, 8, 8), color=array([0., 0., 0.]), colorSpace='rgb', depthBits=8, fullscr=<method-wrapper '__getattribute__' of attributeSetter object at 0x000000C3F2D9ACC0>, gamma=None, gammaErrorPolicy='raise', kwargs=UNKNOWN, lms=UNKNOWN, monitor=<psychopy.monitors.calibTools.Monitor object at 0x000000C3F19E6CF8>, multiSample=False, name='window1', numSamples=2, pos=[0.0, 0.0], screen=0, size=array([1920, 1080]), stencilBits=0, stereo=False, units='height', useFBO=True, useRetina=False, viewOri=0.0, viewPos=None, viewScale=None, waitBlanking=True, winType='pyglet')
6.0126 	EXP 	window1: mouseVisible = True
6.0127 	EXP 	window1: recordFrameIntervals = False
6.1779 	EXP 	window1: recordFrameIntervals = True
6.3619 	EXP 	window1: recordFrameIntervals = False
6.5553 	EXP 	Created text_2 = TextStim(__class__=<class 'psychopy.visual.text.TextStim'>, alignHoriz=method-wrapper(...), alignText='center', alignVert=method-wrapper(...), anchorHoriz='center', anchorVert='center', antialias=True, autoLog=True, bold=False, color='white', colorSpace='named', contrast=1.0, depth=0.0, flipHoriz=False, flipVert=False, font='Arial', fontFiles=[], height=0.07, italic=False, languageStyle='LTR', name='text_2', opacity=1.0, ori=0, pos=array([0., 0.]), rgb=array([255., 255., 255.]), text=str(...), units='height', win=Window(...), wrapWidth=1)
6.5573 	EXP 	Created image = ImageStim(__class__=<class 'psychopy.visual.image.ImageStim'>, autoLog=True, color=array([1., 1., 1.]), colorSpace='rgb', contrast=1.0, depth=0.0, flipHoriz=False, flipVert=False, image='sin', interpolate=True, mask=None, maskParams=None, name='image', opacity=1.0, ori=0.0, pos=array([0., 0.]), size=array([53., 30.]), texRes=128, units='cm', win=Window(...))
6.5588 	EXP 	Created image_2 = ImageStim(__class__=<class 'psychopy.visual.image.ImageStim'>, autoLog=True, color=array([1., 1., 1.]), colorSpace='rgb', contrast=1.0, depth=-1.0, flipHoriz=False, flipVert=False, image='sin', interpolate=True, mask=None, maskParams=None, name='image_2', opacity=0.0, ori=0.0, pos=array([0., 0.]), size=array([6., 2.]), texRes=128, units='cm', win=Window(...))
6.5602 	EXP 	Created image_3 = ImageStim(__class__=<class 'psychopy.visual.image.ImageStim'>, autoLog=True, color=array([1., 1., 1.]), colorSpace='rgb', contrast=1.0, depth=0.0, flipHoriz=False, flipVert=False, image='sin', interpolate=True, mask=None, maskParams=None, name='image_3', opacity=0.0, ori=0.0, pos=array([0., 0.]), size=array([6., 2.]), texRes=128, units='cm', win=Window(...))
6.5603 	EXP 	window1: mouseVisible = True
6.5617 	EXP 	Created background = ImageStim(__class__=<class 'psychopy.visual.image.ImageStim'>, autoLog=True, color=array([1., 1., 1.]), colorSpace='rgb', contrast=1.0, depth=-3.0, flipHoriz=False, flipVert=False, image='sin', interpolate=True, mask=None, maskParams=None, name='background', opacity=0.0, ori=0.0, pos=array([0., 0.]), size=array([53., 30.]), texRes=128, units='cm', win=Window(...))
6.5795 	EXP 	Created text_3 = TextStim(__class__=<class 'psychopy.visual.text.TextStim'>, alignHoriz=method-wrapper(...), alignText='center', alignVert=method-wrapper(...), anchorHoriz='center', anchorVert='center', antialias=True, autoLog=True, bold=False, color='white', colorSpace='named', contrast=1.0, depth=0.0, flipHoriz=False, flipVert=False, font='Arial', fontFiles=[], height=0.1, italic=False, languageStyle='LTR', name='text_3', opacity=1.0, ori=0, pos=array([0., 0.]), rgb=array([255., 255., 255.]), text='default text', units='height', win=Window(...), wrapWidth=1)
6.6113 	EXP 	text_2: autoDraw = True
7.8017 	DATA 	Keypress: space
7.8694 	EXP 	Imported conditions.xlsx as conditions, 100 conditions, 2 params
7.8700 	EXP 	Created sequence: random, trialTypes=100, nReps=3, seed=None
7.8703 	EXP 	New trial (rep=0, index=0): OrderedDict([('ImageFile', '15_dist_red/trial13.png'), ('tarPos', [8, 8])])
7.9364 	EXP 	window1: mouseVisible = False
8.0130 	EXP 	text_2: autoDraw = False
8.0130 	EXP 	image: image = '15_dist_red/trial13.png'
8.0130 	EXP 	image_2: pos = array([8., 8.])
8.0130 	EXP 	image_2: image = '15_dist_red/trial13.png'
8.0130 	EXP 	image: autoDraw = True
8.0130 	EXP 	image_2: autoDraw = True
11.1438 	EXP 	window1: mouseVisible = True
11.1768 	DATA 	Keypress: space
11.2493 	EXP 	image: autoDraw = False
11.2493 	EXP 	image_2: autoDraw = False
11.2493 	EXP 	image_3: pos = array([8., 8.])
11.2493 	EXP 	image_3: image = '15_dist_red/trial13.png'
11.2493 	EXP 	background: image = '15_dist_red/trial13.png'
11.2493 	EXP 	image_3: autoDraw = True
11.2493 	EXP 	background: autoDraw = True
12.1509 	DATA 	Mouse: Left button down, pos=(1203,775)
12.1837 	EXP 	image_3: autoDraw = False
12.1837 	EXP 	background: autoDraw = False
12.1837 	EXP 	text_3: text = 'dog'
12.1837 	EXP 	text_3: autoDraw = True
12.2703 	DATA 	Mouse:  Left button up, pos=(1202,775)
13.3547 	DATA 	Keypress: space
14.1712 	EXP 	New trial (rep=0, index=1): OrderedDict([('ImageFile', '9_dist_red/trial18.png'), ('tarPos', [0, 8])])
14.2572 	EXP 	window1: mouseVisible = False
14.3191 	EXP 	text_3: autoDraw = False
14.3191 	EXP 	image: image = '9_dist_red/trial18.png'
14.3191 	EXP 	image_2: pos = array([0., 8.])
14.3191 	EXP 	image_2: image = '9_dist_red/trial18.png'
14.3191 	EXP 	image: autoDraw = True
14.3191 	EXP 	image_2: autoDraw = True
14.9075 	DATA 	Mouse: Left button down, pos=(1064,643)
15.0577 	DATA 	Mouse:  Left button up, pos=(1064,643)
18.6032 	EXP 	window1: mouseVisible = True
18.6363 	DATA 	Keypress: space
18.7066 	EXP 	image: autoDraw = False
18.7066 	EXP 	image_2: autoDraw = False
18.7066 	EXP 	image_3: pos = array([0., 8.])
18.7066 	EXP 	image_3: image = '9_dist_red/trial18.png'
18.7066 	EXP 	background: image = '9_dist_red/trial18.png'
18.7066 	EXP 	image_3: autoDraw = True
18.7066 	EXP 	background: autoDraw = True
19.5084 	DATA 	Mouse: Left button down, pos=(987,798)
19.5243 	EXP 	image_3: autoDraw = False
19.5243 	EXP 	background: autoDraw = False
19.5243 	EXP 	text_3: text = 'dog'
19.5243 	EXP 	text_3: autoDraw = True
19.6604 	DATA 	Mouse:  Left button up, pos=(987,798)
20.6456 	DATA 	Keypress: space
21.5130 	EXP 	New trial (rep=0, index=2): OrderedDict([('ImageFile', '0_dist_red/trial12.png'), ('tarPos', [4, -4])])
21.6064 	EXP 	window1: mouseVisible = False
21.6397 	DATA 	Mouse: Left button down, pos=(833,706)
21.6764 	EXP 	text_3: autoDraw = False
21.6764 	EXP 	text_3: autoDraw = False
21.6764 	EXP 	image: image = '0_dist_red/trial12.png'
21.6764 	EXP 	image_2: pos = array([ 4., -4.])
21.6764 	EXP 	image_2: image = '0_dist_red/trial12.png'
21.6764 	EXP 	image: autoDraw = True
21.6764 	EXP 	image_2: autoDraw = True
21.7302 	DATA 	Mouse:  Left button up, pos=(833,706)
22.6623 	EXP 	window1: mouseVisible = True
22.6952 	DATA 	Keypress: space
22.7608 	EXP 	image: autoDraw = False
22.7608 	EXP 	image_2: autoDraw = False
22.7608 	EXP 	image_3: pos = array([ 4., -4.])
22.7608 	EXP 	image_3: image = '0_dist_red/trial12.png'
22.7608 	EXP 	background: image = '0_dist_red/trial12.png'
22.7608 	EXP 	image_3: autoDraw = True
22.7608 	EXP 	background: autoDraw = True
23.4786 	DATA 	Mouse: Left button down, pos=(1076,758)
23.4949 	EXP 	image_3: autoDraw = False
23.4949 	EXP 	background: autoDraw = False
23.4949 	EXP 	text_3: text = 'dog'
23.4949 	EXP 	text_3: autoDraw = True
23.6309 	DATA 	Mouse:  Left button up, pos=(1076,758)
24.2823 	DATA 	Keypress: space
25.1328 	DATA 	Mouse: Left button down, pos=(1117,705)
25.2992 	DATA 	Mouse:  Left button up, pos=(1117,705)
25.4835 	EXP 	New trial (rep=0, index=3): OrderedDict([('ImageFile', '15_dist_red/trial18.png'), ('tarPos', [0, 8])])
25.5795 	EXP 	window1: mouseVisible = False
25.6470 	EXP 	text_3: autoDraw = False
25.6470 	EXP 	text_3: autoDraw = False
25.6470 	EXP 	image: image = '15_dist_red/trial18.png'
25.6470 	EXP 	image_2: pos = array([0., 8.])
25.6470 	EXP 	image_2: image = '15_dist_red/trial18.png'
25.6470 	EXP 	image: autoDraw = True
25.6470 	EXP 	image_2: autoDraw = True
26.5421 	EXP 	window1: mouseVisible = True
26.5753 	DATA 	Keypress: space
26.6479 	EXP 	image: autoDraw = False
26.6479 	EXP 	image_2: autoDraw = False
26.6479 	EXP 	image_3: pos = array([0., 8.])
26.6479 	EXP 	image_3: image = '15_dist_red/trial18.png'
26.6479 	EXP 	background: image = '15_dist_red/trial18.png'
26.6479 	EXP 	image_3: autoDraw = True
26.6479 	EXP 	background: autoDraw = True
27.1657 	DATA 	Mouse: Left button down, pos=(954,785)
27.1819 	EXP 	image_3: autoDraw = False
27.1819 	EXP 	background: autoDraw = False
27.1819 	EXP 	text_3: text = 'dog'
27.1819 	EXP 	text_3: autoDraw = True
27.3179 	DATA 	Mouse:  Left button up, pos=(954,785)
27.8360 	DATA 	Keypress: space
29.1708 	EXP 	New trial (rep=0, index=4): OrderedDict([('ImageFile', '9_dist_red/trial1.png'), ('tarPos', [-8, -8])])
29.2554 	EXP 	window1: mouseVisible = False
29.3171 	EXP 	text_3: autoDraw = False
29.3171 	EXP 	text_3: autoDraw = False
29.3171 	EXP 	image: image = '9_dist_red/trial1.png'
29.3171 	EXP 	image_2: pos = array([-8., -8.])
29.3171 	EXP 	image_2: image = '9_dist_red/trial1.png'
29.3171 	EXP 	image: autoDraw = True
29.3171 	EXP 	image_2: autoDraw = True
32.8423 	DATA 	Mouse: Left button down, pos=(994,655)
32.9911 	DATA 	Mouse:  Left button up, pos=(994,655)
34.1930 	DATA 	Keypress: escape
34.6184 	EXP 	window1: mouseVisible = True
