0.7900 	WARNING 	We strongly recommend you activate the PTB sound engine in PsychoPy prefs as the preferred audio engine. Its timing is vastly superior. Your prefs are currently set to use ['sounddevice', 'PTB', 'pyo', 'pygame'] (in that order).
4.4124 	WARNING 	User requested fullscreen with size [1024  768], but screen is actually [1920, 1080]. Using actual size
5.4425 	EXP 	Created window1 = Window(allowGUI=False, allowStencil=False, args=UNKNOWN, autoLog=True, bitsMode=UNKNOWN, blendMode='avg', bpc=(8, 8, 8), color=array([0., 0., 0.]), colorSpace='rgb', depthBits=8, fullscr=<method-wrapper '__getattribute__' of attributeSetter object at 0x000000A012FD3CC0>, gamma=None, gammaErrorPolicy='raise', kwargs=UNKNOWN, lms=UNKNOWN, monitor=<psychopy.monitors.calibTools.Monitor object at 0x000000A011ED5CF8>, multiSample=False, name='window1', numSamples=2, pos=[0.0, 0.0], screen=0, size=array([1920, 1080]), stencilBits=0, stereo=False, units='height', useFBO=True, useRetina=False, viewOri=0.0, viewPos=None, viewScale=None, waitBlanking=True, winType='pyglet')
5.4427 	EXP 	window1: mouseVisible = True
5.4427 	EXP 	window1: recordFrameIntervals = False
5.6081 	EXP 	window1: recordFrameIntervals = True
5.7920 	EXP 	window1: recordFrameIntervals = False
5.9649 	EXP 	Created text_2 = TextStim(__class__=<class 'psychopy.visual.text.TextStim'>, alignHoriz=method-wrapper(...), alignText='center', alignVert=method-wrapper(...), anchorHoriz='center', anchorVert='center', antialias=True, autoLog=True, bold=False, color='white', colorSpace='named', contrast=1.0, depth=0.0, flipHoriz=False, flipVert=False, font='Arial', fontFiles=[], height=0.07, italic=False, languageStyle='LTR', name='text_2', opacity=1.0, ori=0, pos=array([0., 0.]), rgb=array([255., 255., 255.]), text=str(...), units='height', win=Window(...), wrapWidth=1)
5.9670 	EXP 	Created image = ImageStim(__class__=<class 'psychopy.visual.image.ImageStim'>, autoLog=True, color=array([1., 1., 1.]), colorSpace='rgb', contrast=1.0, depth=0.0, flipHoriz=False, flipVert=False, image='sin', interpolate=True, mask=None, maskParams=None, name='image', opacity=1.0, ori=0.0, pos=array([0., 0.]), size=array([53., 30.]), texRes=128, units='cm', win=Window(...))
5.9685 	EXP 	Created image_2 = ImageStim(__class__=<class 'psychopy.visual.image.ImageStim'>, autoLog=True, color=array([1., 1., 1.]), colorSpace='rgb', contrast=1.0, depth=-1.0, flipHoriz=False, flipVert=False, image='sin', interpolate=True, mask=None, maskParams=None, name='image_2', opacity=0.0, ori=0.0, pos=array([0., 0.]), size=array([6., 2.]), texRes=128, units='cm', win=Window(...))
5.9699 	EXP 	Created image_3 = ImageStim(__class__=<class 'psychopy.visual.image.ImageStim'>, autoLog=True, color=array([1., 1., 1.]), colorSpace='rgb', contrast=1.0, depth=0.0, flipHoriz=False, flipVert=False, image='sin', interpolate=True, mask=None, maskParams=None, name='image_3', opacity=0.0, ori=0.0, pos=array([0., 0.]), size=array([9., 3.]), texRes=128, units='cm', win=Window(...))
5.9700 	EXP 	window1: mouseVisible = True
5.9715 	EXP 	Created background = ImageStim(__class__=<class 'psychopy.visual.image.ImageStim'>, autoLog=True, color=array([1., 1., 1.]), colorSpace='rgb', contrast=1.0, depth=-3.0, flipHoriz=False, flipVert=False, image='sin', interpolate=True, mask=None, maskParams=None, name='background', opacity=0.0, ori=0.0, pos=array([0., 0.]), size=array([53., 30.]), texRes=128, units='cm', win=Window(...))
5.9894 	EXP 	Created text_3 = TextStim(__class__=<class 'psychopy.visual.text.TextStim'>, alignHoriz=method-wrapper(...), alignText='center', alignVert=method-wrapper(...), anchorHoriz='center', anchorVert='center', antialias=True, autoLog=True, bold=False, color='white', colorSpace='named', contrast=1.0, depth=0.0, flipHoriz=False, flipVert=False, font='Arial', fontFiles=[], height=0.1, italic=False, languageStyle='LTR', name='text_3', opacity=1.0, ori=0, pos=array([0., 0.]), rgb=array([255., 255., 255.]), text='default text', units='height', win=Window(...), wrapWidth=1)
6.0248 	EXP 	text_2: autoDraw = True
7.4181 	EXP 	Imported conditions.xlsx as conditions, 100 conditions, 2 params
7.4187 	EXP 	Created sequence: random, trialTypes=100, nReps=3, seed=None
7.4190 	EXP 	New trial (rep=0, index=0): OrderedDict([('ImageFile', '3_dist_red/trial21.png'), ('tarPos', [-8, -8])])
7.4860 	EXP 	window1: mouseVisible = False
7.5216 	DATA 	Keypress: space
7.5598 	EXP 	text_2: autoDraw = False
7.5598 	EXP 	image: image = '3_dist_red/trial21.png'
7.5598 	EXP 	image_2: pos = array([-8., -8.])
7.5598 	EXP 	image_2: image = '3_dist_red/trial21.png'
7.5598 	EXP 	image: autoDraw = True
7.5598 	EXP 	image_2: autoDraw = True
8.5201 	EXP 	window1: mouseVisible = True
8.5531 	DATA 	Keypress: space
8.6276 	EXP 	image: autoDraw = False
8.6276 	EXP 	image_2: autoDraw = False
8.6276 	EXP 	image_3: pos = array([-8., -8.])
8.6276 	EXP 	image_3: image = '3_dist_red/trial21.png'
8.6276 	EXP 	background: image = '3_dist_red/trial21.png'
8.6276 	EXP 	image_3: autoDraw = True
8.6276 	EXP 	background: autoDraw = True
9.3459 	DATA 	Mouse: Left button down, pos=(685,291)
9.3948 	EXP 	image_3: autoDraw = False
9.3948 	EXP 	background: autoDraw = False
9.3948 	EXP 	text_3: text = 'Your answer was correct.'
9.3948 	EXP 	text_3: autoDraw = True
9.4655 	DATA 	Mouse:  Left button up, pos=(685,291)
10.3545 	EXP 	New trial (rep=0, index=1): OrderedDict([('ImageFile', '15_dist_red/trial15.png'), ('tarPos', [4, 4])])
10.4412 	EXP 	window1: mouseVisible = False
10.4477 	DATA 	Keypress: space
10.5128 	EXP 	text_3: autoDraw = False
10.5128 	EXP 	image: image = '15_dist_red/trial15.png'
10.5128 	EXP 	image_2: pos = array([4., 4.])
10.5128 	EXP 	image_2: image = '15_dist_red/trial15.png'
10.5128 	EXP 	image: autoDraw = True
10.5128 	EXP 	image_2: autoDraw = True
11.1888 	EXP 	window1: mouseVisible = True
11.2218 	DATA 	Keypress: space
11.2969 	EXP 	image: autoDraw = False
11.2969 	EXP 	image_2: autoDraw = False
11.2969 	EXP 	image_3: pos = array([4., 4.])
11.2969 	EXP 	image_3: image = '15_dist_red/trial15.png'
11.2969 	EXP 	background: image = '15_dist_red/trial15.png'
11.2969 	EXP 	image_3: autoDraw = True
11.2969 	EXP 	background: autoDraw = True
11.7812 	DATA 	Mouse: Left button down, pos=(1130,429)
11.8309 	EXP 	image_3: autoDraw = False
11.8309 	EXP 	background: autoDraw = False
11.8309 	EXP 	text_3: text = 'You did not click on the target. Try to be more accurate.'
11.8309 	EXP 	text_3: autoDraw = True
11.9181 	DATA 	Mouse:  Left button up, pos=(1130,429)
13.1215 	DATA 	Keypress: space
13.1380 	EXP 	New trial (rep=0, index=2): OrderedDict([('ImageFile', '15_dist_red/trial5.png'), ('tarPos', [4, -8])])
13.2342 	EXP 	window1: mouseVisible = False
13.2989 	EXP 	text_3: autoDraw = False
13.2989 	EXP 	image: image = '15_dist_red/trial5.png'
13.2989 	EXP 	image_2: pos = array([ 4., -8.])
13.2989 	EXP 	image_2: image = '15_dist_red/trial5.png'
13.2989 	EXP 	image: autoDraw = True
13.2989 	EXP 	image_2: autoDraw = True
14.3543 	DATA 	Keypress: space
14.4321 	EXP 	window1: mouseVisible = True
14.5334 	EXP 	image: autoDraw = False
14.5334 	EXP 	image_2: autoDraw = False
14.5334 	EXP 	image_3: pos = array([ 4., -8.])
14.5334 	EXP 	image_3: image = '15_dist_red/trial5.png'
14.5334 	EXP 	background: image = '15_dist_red/trial5.png'
14.5334 	EXP 	image_3: autoDraw = True
14.5334 	EXP 	background: autoDraw = True
15.3515 	DATA 	Mouse: Left button down, pos=(902,708)
15.3676 	EXP 	image_3: autoDraw = False
15.3676 	EXP 	background: autoDraw = False
15.3676 	EXP 	text_3: text = 'You did not click on the target. Try to be more accurate.'
15.3676 	EXP 	text_3: autoDraw = True
15.4723 	DATA 	Mouse:  Left button up, pos=(902,708)
16.3240 	DATA 	Keypress: space
16.3416 	EXP 	New trial (rep=0, index=3): OrderedDict([('ImageFile', '9_dist_red/trial19.png'), ('tarPos', [4, 8])])
16.4314 	EXP 	window1: mouseVisible = False
16.5020 	EXP 	text_3: autoDraw = False
16.5020 	EXP 	image: image = '9_dist_red/trial19.png'
16.5020 	EXP 	image_2: pos = array([4., 8.])
16.5020 	EXP 	image_2: image = '9_dist_red/trial19.png'
16.5020 	EXP 	image: autoDraw = True
16.5020 	EXP 	image_2: autoDraw = True
17.5968 	EXP 	window1: mouseVisible = True
17.6295 	DATA 	Keypress: space
17.7032 	EXP 	image: autoDraw = False
17.7032 	EXP 	image_2: autoDraw = False
17.7032 	EXP 	image_3: pos = array([4., 8.])
17.7032 	EXP 	image_3: image = '9_dist_red/trial19.png'
17.7032 	EXP 	background: image = '9_dist_red/trial19.png'
17.7032 	EXP 	image_3: autoDraw = True
17.7032 	EXP 	background: autoDraw = True
18.5046 	DATA 	Mouse: Left button down, pos=(1096,760)
18.5208 	EXP 	image_3: autoDraw = False
18.5208 	EXP 	background: autoDraw = False
18.5208 	EXP 	text_3: text = 'You did not click on the target. Try to be more accurate.'
18.5208 	EXP 	text_3: autoDraw = True
18.6256 	DATA 	Mouse:  Left button up, pos=(1096,760)
19.5941 	DATA 	Keypress: space
19.6113 	EXP 	New trial (rep=0, index=4): OrderedDict([('ImageFile', '0_dist_red/trial12.png'), ('tarPos', [4, -4])])
19.7071 	EXP 	window1: mouseVisible = False
19.7719 	EXP 	text_3: autoDraw = False
19.7719 	EXP 	image: image = '0_dist_red/trial12.png'
19.7719 	EXP 	image_2: pos = array([ 4., -4.])
19.7719 	EXP 	image_2: image = '0_dist_red/trial12.png'
19.7719 	EXP 	image: autoDraw = True
19.7719 	EXP 	image_2: autoDraw = True
20.5514 	EXP 	window1: mouseVisible = True
20.5847 	DATA 	Keypress: space
20.6561 	EXP 	image: autoDraw = False
20.6561 	EXP 	image_2: autoDraw = False
20.6561 	EXP 	image_3: pos = array([ 4., -4.])
20.6561 	EXP 	image_3: image = '0_dist_red/trial12.png'
20.6561 	EXP 	background: image = '0_dist_red/trial12.png'
20.6561 	EXP 	image_3: autoDraw = True
20.6561 	EXP 	background: autoDraw = True
21.4074 	DATA 	Mouse: Left button down, pos=(1105,421)
21.4403 	EXP 	image_3: autoDraw = False
21.4403 	EXP 	background: autoDraw = False
21.4403 	EXP 	text_3: text = 'Your answer was correct.'
21.4403 	EXP 	text_3: autoDraw = True
21.5450 	DATA 	Mouse:  Left button up, pos=(1105,421)
22.3645 	EXP 	New trial (rep=0, index=5): OrderedDict([('ImageFile', '3_dist_red/trial6.png'), ('tarPos', [-4, 8])])
22.4520 	EXP 	window1: mouseVisible = False
22.4861 	DATA 	Keypress: space
22.5246 	EXP 	text_3: autoDraw = False
22.5246 	EXP 	image: image = '3_dist_red/trial6.png'
22.5246 	EXP 	image_2: pos = array([-4.,  8.])
22.5246 	EXP 	image_2: image = '3_dist_red/trial6.png'
22.5246 	EXP 	image: autoDraw = True
22.5246 	EXP 	image_2: autoDraw = True
23.2686 	EXP 	window1: mouseVisible = True
23.3011 	DATA 	Keypress: space
23.3753 	EXP 	image: autoDraw = False
23.3753 	EXP 	image_2: autoDraw = False
23.3753 	EXP 	image_3: pos = array([-4.,  8.])
23.3753 	EXP 	image_3: image = '3_dist_red/trial6.png'
23.3753 	EXP 	background: image = '3_dist_red/trial6.png'
23.3753 	EXP 	image_3: autoDraw = True
23.3753 	EXP 	background: autoDraw = True
24.4104 	DATA 	Mouse: Left button down, pos=(829,757)
24.4433 	EXP 	image_3: autoDraw = False
24.4433 	EXP 	background: autoDraw = False
24.4433 	EXP 	text_3: text = 'You did not click on the target. Try to be more accurate.'
24.4433 	EXP 	text_3: autoDraw = True
24.5479 	DATA 	Mouse:  Left button up, pos=(829,757)
25.4497 	DATA 	Keypress: space
25.4668 	EXP 	New trial (rep=0, index=6): OrderedDict([('ImageFile', '0_dist_red/trial1.png'), ('tarPos', [8, 8])])
25.5620 	EXP 	window1: mouseVisible = False
25.6276 	EXP 	text_3: autoDraw = False
25.6276 	EXP 	image: image = '0_dist_red/trial1.png'
25.6276 	EXP 	image_2: pos = array([8., 8.])
25.6276 	EXP 	image_2: image = '0_dist_red/trial1.png'
25.6276 	EXP 	image: autoDraw = True
25.6276 	EXP 	image_2: autoDraw = True
26.2703 	EXP 	window1: mouseVisible = True
26.3030 	DATA 	Keypress: space
26.3783 	EXP 	image: autoDraw = False
26.3783 	EXP 	image_2: autoDraw = False
26.3783 	EXP 	image_3: pos = array([8., 8.])
26.3783 	EXP 	image_3: image = '0_dist_red/trial1.png'
26.3783 	EXP 	background: image = '0_dist_red/trial1.png'
26.3783 	EXP 	image_3: autoDraw = True
26.3783 	EXP 	background: autoDraw = True
27.1964 	DATA 	Mouse: Left button down, pos=(1208,790)
27.2292 	EXP 	image_3: autoDraw = False
27.2292 	EXP 	background: autoDraw = False
27.2292 	EXP 	text_3: text = 'Your answer was correct.'
27.2292 	EXP 	text_3: autoDraw = True
27.3336 	DATA 	Mouse:  Left button up, pos=(1208,790)
28.1529 	EXP 	New trial (rep=0, index=7): OrderedDict([('ImageFile', '15_dist_red/trial8.png'), ('tarPos', [8, -4])])
28.2406 	EXP 	window1: mouseVisible = False
28.2744 	DATA 	Keypress: space
28.3137 	EXP 	text_3: autoDraw = False
28.3137 	EXP 	image: image = '15_dist_red/trial8.png'
28.3137 	EXP 	image_2: pos = array([ 8., -4.])
28.3137 	EXP 	image_2: image = '15_dist_red/trial8.png'
28.3137 	EXP 	image: autoDraw = True
28.3137 	EXP 	image_2: autoDraw = True
29.3999 	EXP 	window1: mouseVisible = True
29.4337 	DATA 	Keypress: space
29.4981 	EXP 	image: autoDraw = False
29.4981 	EXP 	image_2: autoDraw = False
29.4981 	EXP 	image_3: pos = array([ 8., -4.])
29.4981 	EXP 	image_3: image = '15_dist_red/trial8.png'
29.4981 	EXP 	background: image = '15_dist_red/trial8.png'
29.4981 	EXP 	image_3: autoDraw = True
29.4981 	EXP 	background: autoDraw = True
30.4664 	DATA 	Mouse: Left button down, pos=(1216,415)
30.4825 	EXP 	image_3: autoDraw = False
30.4825 	EXP 	background: autoDraw = False
30.4825 	EXP 	text_3: text = 'Your answer was correct.'
30.4825 	EXP 	text_3: autoDraw = True
30.6367 	DATA 	Mouse:  Left button up, pos=(1216,415)
31.3894 	EXP 	New trial (rep=0, index=8): OrderedDict([('ImageFile', '3_dist_red/trial14.png'), ('tarPos', [0, 8])])
31.4759 	EXP 	window1: mouseVisible = False
31.5096 	DATA 	Keypress: space
31.5501 	EXP 	text_3: autoDraw = False
31.5501 	EXP 	image: image = '3_dist_red/trial14.png'
31.5501 	EXP 	image_2: pos = array([0., 8.])
31.5501 	EXP 	image_2: image = '3_dist_red/trial14.png'
31.5501 	EXP 	image: autoDraw = True
31.5501 	EXP 	image_2: autoDraw = True
32.2611 	EXP 	window1: mouseVisible = True
32.2937 	DATA 	Keypress: space
32.3676 	EXP 	image: autoDraw = False
32.3676 	EXP 	image_2: autoDraw = False
32.3676 	EXP 	image_3: pos = array([0., 8.])
32.3676 	EXP 	image_3: image = '3_dist_red/trial14.png'
32.3676 	EXP 	background: image = '3_dist_red/trial14.png'
32.3676 	EXP 	image_3: autoDraw = True
32.3676 	EXP 	background: autoDraw = True
33.0857 	DATA 	Mouse: Left button down, pos=(954,791)
33.1018 	EXP 	image_3: autoDraw = False
33.1018 	EXP 	background: autoDraw = False
33.1018 	EXP 	text_3: text = 'Your answer was correct.'
33.1018 	EXP 	text_3: autoDraw = True
33.2224 	DATA 	Mouse:  Left button up, pos=(954,791)
33.8924 	EXP 	New trial (rep=0, index=9): OrderedDict([('ImageFile', '3_dist_red/trial13.png'), ('tarPos', [-4, 4])])
33.9908 	EXP 	window1: mouseVisible = False
34.0247 	DATA 	Keypress: space
34.0524 	EXP 	text_3: autoDraw = False
34.0524 	EXP 	image: image = '3_dist_red/trial13.png'
34.0524 	EXP 	image_2: pos = array([-4.,  4.])
34.0524 	EXP 	image_2: image = '3_dist_red/trial13.png'
34.0524 	EXP 	image: autoDraw = True
34.0524 	EXP 	image_2: autoDraw = True
34.6415 	DATA 	Keypress: space
34.7146 	EXP 	window1: mouseVisible = True
34.8200 	EXP 	image: autoDraw = False
34.8200 	EXP 	image_2: autoDraw = False
34.8200 	EXP 	image_3: pos = array([-4.,  4.])
34.8200 	EXP 	image_3: image = '3_dist_red/trial13.png'
34.8200 	EXP 	background: image = '3_dist_red/trial13.png'
34.8200 	EXP 	image_3: autoDraw = True
34.8200 	EXP 	background: autoDraw = True
35.4713 	DATA 	Mouse: Left button down, pos=(841,673)
35.4874 	EXP 	image_3: autoDraw = False
35.4874 	EXP 	background: autoDraw = False
35.4874 	EXP 	text_3: text = 'Your answer was correct.'
35.4874 	EXP 	text_3: autoDraw = True
35.6081 	DATA 	Mouse:  Left button up, pos=(841,673)
36.2781 	EXP 	New trial (rep=0, index=10): OrderedDict([('ImageFile', '0_dist_red/trial7.png'), ('tarPos', [0, 0])])
36.3658 	EXP 	window1: mouseVisible = False
36.3996 	DATA 	Keypress: space
36.4382 	EXP 	text_3: autoDraw = False
36.4382 	EXP 	image: image = '0_dist_red/trial7.png'
36.4382 	EXP 	image_2: pos = array([0., 0.])
36.4382 	EXP 	image_2: image = '0_dist_red/trial7.png'
36.4382 	EXP 	image: autoDraw = True
36.4382 	EXP 	image_2: autoDraw = True
37.1765 	DATA 	Keypress: space
37.2489 	EXP 	window1: mouseVisible = True
37.3559 	EXP 	image: autoDraw = False
37.3559 	EXP 	image_2: autoDraw = False
37.3559 	EXP 	image_3: pos = array([0., 0.])
37.3559 	EXP 	image_3: image = '0_dist_red/trial7.png'
37.3559 	EXP 	background: image = '0_dist_red/trial7.png'
37.3559 	EXP 	image_3: autoDraw = True
37.3559 	EXP 	background: autoDraw = True
37.8068 	DATA 	Mouse: Left button down, pos=(978,542)
37.8230 	EXP 	image_3: autoDraw = False
37.8230 	EXP 	background: autoDraw = False
37.8230 	EXP 	text_3: text = 'Your answer was correct.'
37.8230 	EXP 	text_3: autoDraw = True
37.9269 	DATA 	Mouse:  Left button up, pos=(978,542)
38.4970 	EXP 	New trial (rep=0, index=11): OrderedDict([('ImageFile', '15_dist_red/trial18.png'), ('tarPos', [0, 8])])
38.5855 	EXP 	window1: mouseVisible = False
38.6189 	DATA 	Keypress: space
38.6572 	EXP 	text_3: autoDraw = False
38.6572 	EXP 	image: image = '15_dist_red/trial18.png'
38.6572 	EXP 	image_2: pos = array([0., 8.])
38.6572 	EXP 	image_2: image = '15_dist_red/trial18.png'
38.6572 	EXP 	image: autoDraw = True
38.6572 	EXP 	image_2: autoDraw = True
39.3296 	DATA 	Keypress: space
39.4016 	EXP 	window1: mouseVisible = True
39.5080 	EXP 	image: autoDraw = False
39.5080 	EXP 	image_2: autoDraw = False
39.5080 	EXP 	image_3: pos = array([0., 8.])
39.5080 	EXP 	image_3: image = '15_dist_red/trial18.png'
39.5080 	EXP 	background: image = '15_dist_red/trial18.png'
39.5080 	EXP 	image_3: autoDraw = True
39.5080 	EXP 	background: autoDraw = True
40.1929 	DATA 	Mouse: Left button down, pos=(948,798)
40.2088 	EXP 	image_3: autoDraw = False
40.2088 	EXP 	background: autoDraw = False
40.2088 	EXP 	text_3: text = 'Your answer was correct.'
40.2088 	EXP 	text_3: autoDraw = True
40.2967 	DATA 	Mouse:  Left button up, pos=(948,798)
40.8654 	DATA 	Keypress: space
40.8820 	EXP 	New trial (rep=0, index=12): OrderedDict([('ImageFile', '3_dist_red/trial10.png'), ('tarPos', [8, 4])])
40.9808 	EXP 	window1: mouseVisible = False
41.0429 	EXP 	text_3: autoDraw = False
41.0429 	EXP 	image: image = '3_dist_red/trial10.png'
41.0429 	EXP 	image_2: pos = array([8., 4.])
41.0429 	EXP 	image_2: image = '3_dist_red/trial10.png'
41.0429 	EXP 	image: autoDraw = True
41.0429 	EXP 	image_2: autoDraw = True
41.7064 	EXP 	window1: mouseVisible = True
41.7392 	DATA 	Keypress: space
41.8103 	EXP 	image: autoDraw = False
41.8103 	EXP 	image_2: autoDraw = False
41.8103 	EXP 	image_3: pos = array([8., 4.])
41.8103 	EXP 	image_3: image = '3_dist_red/trial10.png'
41.8103 	EXP 	background: image = '3_dist_red/trial10.png'
41.8103 	EXP 	image_3: autoDraw = True
41.8103 	EXP 	background: autoDraw = True
42.7618 	DATA 	Mouse: Left button down, pos=(1214,669)
42.7779 	EXP 	image_3: autoDraw = False
42.7779 	EXP 	background: autoDraw = False
42.7779 	EXP 	text_3: text = 'Your answer was correct.'
42.7779 	EXP 	text_3: autoDraw = True
42.9151 	DATA 	Mouse:  Left button up, pos=(1214,669)
43.5349 	EXP 	New trial (rep=0, index=13): OrderedDict([('ImageFile', '9_dist_red/trial4.png'), ('tarPos', [-4, 0])])
43.6249 	EXP 	window1: mouseVisible = False
43.6580 	DATA 	Keypress: space
43.6954 	EXP 	text_3: autoDraw = False
43.6954 	EXP 	image: image = '9_dist_red/trial4.png'
43.6954 	EXP 	image_2: pos = array([-4.,  0.])
43.6954 	EXP 	image_2: image = '9_dist_red/trial4.png'
43.6954 	EXP 	image: autoDraw = True
43.6954 	EXP 	image_2: autoDraw = True
45.2178 	DATA 	Keypress: space
45.2954 	EXP 	window1: mouseVisible = True
45.3970 	EXP 	image: autoDraw = False
45.3970 	EXP 	image_2: autoDraw = False
45.3970 	EXP 	image_3: pos = array([-4.,  0.])
45.3970 	EXP 	image_3: image = '9_dist_red/trial4.png'
45.3970 	EXP 	background: image = '9_dist_red/trial4.png'
45.3970 	EXP 	image_3: autoDraw = True
45.3970 	EXP 	background: autoDraw = True
46.3820 	DATA 	Mouse: Left button down, pos=(850,543)
46.3982 	EXP 	image_3: autoDraw = False
46.3982 	EXP 	background: autoDraw = False
46.3982 	EXP 	text_3: text = 'Your answer was correct.'
46.3982 	EXP 	text_3: autoDraw = True
46.5190 	DATA 	Mouse:  Left button up, pos=(850,543)
47.2556 	EXP 	New trial (rep=0, index=14): OrderedDict([('ImageFile', '0_dist_red/trial4.png'), ('tarPos', [0, -4])])
47.3447 	EXP 	window1: mouseVisible = False
47.3780 	DATA 	Keypress: space
47.4157 	EXP 	text_3: autoDraw = False
47.4157 	EXP 	image: image = '0_dist_red/trial4.png'
47.4157 	EXP 	image_2: pos = array([ 0., -4.])
47.4157 	EXP 	image_2: image = '0_dist_red/trial4.png'
47.4157 	EXP 	image: autoDraw = True
47.4157 	EXP 	image_2: autoDraw = True
48.0765 	EXP 	window1: mouseVisible = True
48.1092 	DATA 	Keypress: space
48.1832 	EXP 	image: autoDraw = False
48.1832 	EXP 	image_2: autoDraw = False
48.1832 	EXP 	image_3: pos = array([ 0., -4.])
48.1832 	EXP 	image_3: image = '0_dist_red/trial4.png'
48.1832 	EXP 	background: image = '0_dist_red/trial4.png'
48.1832 	EXP 	image_3: autoDraw = True
48.1832 	EXP 	background: autoDraw = True
48.7510 	DATA 	Mouse: Left button down, pos=(944,424)
48.7670 	EXP 	image_3: autoDraw = False
48.7670 	EXP 	background: autoDraw = False
48.7670 	EXP 	text_3: text = 'Your answer was correct.'
48.7670 	EXP 	text_3: autoDraw = True
48.8716 	DATA 	Mouse:  Left button up, pos=(944,424)
49.6405 	EXP 	New trial (rep=0, index=15): OrderedDict([('ImageFile', '15_dist_red/trial7.png'), ('tarPos', [8, 4])])
49.7279 	EXP 	window1: mouseVisible = False
49.7620 	DATA 	Keypress: space
49.8013 	EXP 	text_3: autoDraw = False
49.8013 	EXP 	image: image = '15_dist_red/trial7.png'
49.8013 	EXP 	image_2: pos = array([8., 4.])
49.8013 	EXP 	image_2: image = '15_dist_red/trial7.png'
49.8013 	EXP 	image: autoDraw = True
49.8013 	EXP 	image_2: autoDraw = True
59.9892 	EXP 	window1: mouseVisible = True
60.0220 	DATA 	Keypress: space
60.0950 	EXP 	image: autoDraw = False
60.0950 	EXP 	image_2: autoDraw = False
60.0950 	EXP 	image_3: pos = array([8., 4.])
60.0950 	EXP 	image_3: image = '15_dist_red/trial7.png'
60.0950 	EXP 	background: image = '15_dist_red/trial7.png'
60.0950 	EXP 	image_3: autoDraw = True
60.0950 	EXP 	background: autoDraw = True
60.6814 	DATA 	Keypress: space
61.5135 	DATA 	Keypress: space
62.4175 	DATA 	Keypress: space
63.7658 	DATA 	Mouse: Left button down, pos=(1142,335)
63.7986 	EXP 	image_3: autoDraw = False
63.7986 	EXP 	background: autoDraw = False
63.7986 	EXP 	text_3: text = 'You did not click on the target. Try to be more accurate.'
63.7986 	EXP 	text_3: autoDraw = True
63.9033 	DATA 	Mouse:  Left button up, pos=(1142,335)
64.9892 	EXP 	New trial (rep=0, index=16): OrderedDict([('ImageFile', '3_dist_red/trial23.png'), ('tarPos', [-8, -4])])
65.0761 	EXP 	window1: mouseVisible = False
65.1103 	DATA 	Keypress: space
65.1499 	EXP 	text_3: autoDraw = False
65.1499 	EXP 	image: image = '3_dist_red/trial23.png'
65.1499 	EXP 	image_2: pos = array([-8., -4.])
65.1499 	EXP 	image_2: image = '3_dist_red/trial23.png'
65.1499 	EXP 	image: autoDraw = True
65.1499 	EXP 	image_2: autoDraw = True
66.1810 	EXP 	window1: mouseVisible = True
66.2143 	DATA 	Keypress: space
66.2843 	EXP 	image: autoDraw = False
66.2843 	EXP 	image_2: autoDraw = False
66.2843 	EXP 	image_3: pos = array([-8., -4.])
66.2843 	EXP 	image_3: image = '3_dist_red/trial23.png'
66.2843 	EXP 	background: image = '3_dist_red/trial23.png'
66.2843 	EXP 	image_3: autoDraw = True
66.2843 	EXP 	background: autoDraw = True
67.1692 	DATA 	Mouse: Left button down, pos=(694,428)
67.2019 	EXP 	image_3: autoDraw = False
67.2019 	EXP 	background: autoDraw = False
67.2019 	EXP 	text_3: text = 'Your answer was correct.'
67.2019 	EXP 	text_3: autoDraw = True
67.2892 	DATA 	Mouse:  Left button up, pos=(694,428)
68.2256 	DATA 	Keypress: space
68.2430 	EXP 	New trial (rep=0, index=17): OrderedDict([('ImageFile', '9_dist_red/trial8.png'), ('tarPos', [8, -4])])
68.3378 	EXP 	window1: mouseVisible = False
68.4030 	EXP 	text_3: autoDraw = False
68.4030 	EXP 	image: image = '9_dist_red/trial8.png'
68.4030 	EXP 	image_2: pos = array([ 8., -4.])
68.4030 	EXP 	image_2: image = '9_dist_red/trial8.png'
68.4030 	EXP 	image: autoDraw = True
68.4030 	EXP 	image_2: autoDraw = True
69.9984 	EXP 	window1: mouseVisible = True
70.0314 	DATA 	Keypress: space
70.1048 	EXP 	image: autoDraw = False
70.1048 	EXP 	image_2: autoDraw = False
70.1048 	EXP 	image_3: pos = array([ 8., -4.])
70.1048 	EXP 	image_3: image = '9_dist_red/trial8.png'
70.1048 	EXP 	background: image = '9_dist_red/trial8.png'
70.1048 	EXP 	image_3: autoDraw = True
70.1048 	EXP 	background: autoDraw = True
70.6726 	DATA 	Mouse: Left button down, pos=(1213,423)
70.6888 	EXP 	image_3: autoDraw = False
70.6888 	EXP 	background: autoDraw = False
70.6888 	EXP 	text_3: text = 'Your answer was correct.'
70.6888 	EXP 	text_3: autoDraw = True
70.8100 	DATA 	Mouse:  Left button up, pos=(1213,423)
71.7297 	EXP 	New trial (rep=0, index=18): OrderedDict([('ImageFile', '15_dist_red/trial13.png'), ('tarPos', [8, 8])])
71.8232 	EXP 	window1: mouseVisible = False
71.8594 	DATA 	Keypress: space
71.8899 	EXP 	text_3: autoDraw = False
71.8899 	EXP 	image: image = '15_dist_red/trial13.png'
71.8899 	EXP 	image_2: pos = array([8., 8.])
71.8899 	EXP 	image_2: image = '15_dist_red/trial13.png'
71.8899 	EXP 	image: autoDraw = True
71.8899 	EXP 	image_2: autoDraw = True
73.1713 	EXP 	window1: mouseVisible = True
73.2048 	DATA 	Keypress: space
73.2744 	EXP 	image: autoDraw = False
73.2744 	EXP 	image_2: autoDraw = False
73.2744 	EXP 	image_3: pos = array([8., 8.])
73.2744 	EXP 	image_3: image = '15_dist_red/trial13.png'
73.2744 	EXP 	background: image = '15_dist_red/trial13.png'
73.2744 	EXP 	image_3: autoDraw = True
73.2744 	EXP 	background: autoDraw = True
73.8759 	DATA 	Mouse: Left button down, pos=(1202,793)
73.8918 	EXP 	image_3: autoDraw = False
73.8918 	EXP 	background: autoDraw = False
73.8918 	EXP 	text_3: text = 'Your answer was correct.'
73.8918 	EXP 	text_3: autoDraw = True
74.0130 	DATA 	Mouse:  Left button up, pos=(1202,793)
74.7655 	EXP 	New trial (rep=0, index=19): OrderedDict([('ImageFile', '15_dist_red/trial4.png'), ('tarPos', [-4, 0])])
74.8550 	EXP 	window1: mouseVisible = False
74.8890 	DATA 	Keypress: space
74.9262 	EXP 	text_3: autoDraw = False
74.9262 	EXP 	image: image = '15_dist_red/trial4.png'
74.9262 	EXP 	image_2: pos = array([-4.,  0.])
74.9262 	EXP 	image_2: image = '15_dist_red/trial4.png'
74.9262 	EXP 	image: autoDraw = True
74.9262 	EXP 	image_2: autoDraw = True
75.8985 	DATA 	Keypress: space
75.9711 	EXP 	window1: mouseVisible = True
76.0775 	EXP 	image: autoDraw = False
76.0775 	EXP 	image_2: autoDraw = False
76.0775 	EXP 	image_3: pos = array([-4.,  0.])
76.0775 	EXP 	image_3: image = '15_dist_red/trial4.png'
76.0775 	EXP 	background: image = '15_dist_red/trial4.png'
76.0775 	EXP 	image_3: autoDraw = True
76.0775 	EXP 	background: autoDraw = True
76.8983 	DATA 	Mouse: Left button down, pos=(840,537)
76.9282 	EXP 	image_3: autoDraw = False
76.9282 	EXP 	background: autoDraw = False
76.9282 	EXP 	text_3: text = 'Your answer was correct.'
76.9282 	EXP 	text_3: autoDraw = True
77.0155 	DATA 	Mouse:  Left button up, pos=(840,537)
77.6688 	EXP 	New trial (rep=0, index=20): OrderedDict([('ImageFile', '15_dist_red/trial19.png'), ('tarPos', [4, 8])])
77.7630 	EXP 	window1: mouseVisible = False
77.7979 	DATA 	Keypress: space
77.8290 	EXP 	text_3: autoDraw = False
77.8290 	EXP 	image: image = '15_dist_red/trial19.png'
77.8290 	EXP 	image_2: pos = array([4., 8.])
77.8290 	EXP 	image_2: image = '15_dist_red/trial19.png'
77.8290 	EXP 	image: autoDraw = True
77.8290 	EXP 	image_2: autoDraw = True
78.9735 	EXP 	window1: mouseVisible = True
79.0064 	DATA 	Keypress: space
79.0803 	EXP 	image: autoDraw = False
79.0803 	EXP 	image_2: autoDraw = False
79.0803 	EXP 	image_3: pos = array([4., 8.])
79.0803 	EXP 	image_3: image = '15_dist_red/trial19.png'
79.0803 	EXP 	background: image = '15_dist_red/trial19.png'
79.0803 	EXP 	image_3: autoDraw = True
79.0803 	EXP 	background: autoDraw = True
79.8317 	DATA 	Mouse: Left button down, pos=(1080,793)
79.8478 	EXP 	image_3: autoDraw = False
79.8478 	EXP 	background: autoDraw = False
79.8478 	EXP 	text_3: text = 'Your answer was correct.'
79.8478 	EXP 	text_3: autoDraw = True
79.9357 	DATA 	Mouse:  Left button up, pos=(1080,793)
80.6882 	EXP 	New trial (rep=0, index=21): OrderedDict([('ImageFile', '0_dist_red/trial20.png'), ('tarPos', [0, 4])])
80.7714 	EXP 	window1: mouseVisible = False
80.8057 	DATA 	Keypress: space
80.8487 	EXP 	text_3: autoDraw = False
80.8487 	EXP 	image: image = '0_dist_red/trial20.png'
80.8487 	EXP 	image_2: pos = array([0., 4.])
80.8487 	EXP 	image_2: image = '0_dist_red/trial20.png'
80.8487 	EXP 	image: autoDraw = True
80.8487 	EXP 	image_2: autoDraw = True
81.4510 	EXP 	window1: mouseVisible = True
81.4848 	DATA 	Keypress: space
81.5494 	EXP 	image: autoDraw = False
81.5494 	EXP 	image_2: autoDraw = False
81.5494 	EXP 	image_3: pos = array([0., 4.])
81.5494 	EXP 	image_3: image = '0_dist_red/trial20.png'
81.5494 	EXP 	background: image = '0_dist_red/trial20.png'
81.5494 	EXP 	image_3: autoDraw = True
81.5494 	EXP 	background: autoDraw = True
82.1505 	DATA 	Mouse: Left button down, pos=(969,662)
82.1667 	EXP 	image_3: autoDraw = False
82.1667 	EXP 	background: autoDraw = False
82.1667 	EXP 	text_3: text = 'Your answer was correct.'
82.1667 	EXP 	text_3: autoDraw = True
82.2548 	DATA 	Mouse:  Left button up, pos=(969,662)
83.0575 	EXP 	New trial (rep=0, index=22): OrderedDict([('ImageFile', '9_dist_red/trial2.png'), ('tarPos', [8, 0])])
83.1459 	EXP 	window1: mouseVisible = False
83.1799 	DATA 	Keypress: space
83.2176 	EXP 	text_3: autoDraw = False
83.2176 	EXP 	image: image = '9_dist_red/trial2.png'
83.2176 	EXP 	image_2: pos = array([8., 0.])
83.2176 	EXP 	image_2: image = '9_dist_red/trial2.png'
83.2176 	EXP 	image: autoDraw = True
83.2176 	EXP 	image_2: autoDraw = True
84.6010 	EXP 	window1: mouseVisible = True
84.6346 	DATA 	Keypress: space
84.7024 	EXP 	image: autoDraw = False
84.7024 	EXP 	image_2: autoDraw = False
84.7024 	EXP 	image_3: pos = array([8., 0.])
84.7024 	EXP 	image_3: image = '9_dist_red/trial2.png'
84.7024 	EXP 	background: image = '9_dist_red/trial2.png'
84.7024 	EXP 	image_3: autoDraw = True
84.7024 	EXP 	background: autoDraw = True
85.0895 	DATA 	Mouse: Left button down, pos=(1221,540)
85.1196 	EXP 	image_3: autoDraw = False
85.1196 	EXP 	background: autoDraw = False
85.1196 	EXP 	text_3: text = 'Your answer was correct.'
85.1196 	EXP 	text_3: autoDraw = True
85.2240 	DATA 	Mouse:  Left button up, pos=(1221,540)
85.8765 	EXP 	New trial (rep=0, index=23): OrderedDict([('ImageFile', '9_dist_red/trial23.png'), ('tarPos', [-8, 4])])
85.9637 	EXP 	window1: mouseVisible = False
85.9971 	DATA 	Keypress: space
86.0370 	EXP 	text_3: autoDraw = False
86.0370 	EXP 	image: image = '9_dist_red/trial23.png'
86.0370 	EXP 	image_2: pos = array([-8.,  4.])
86.0370 	EXP 	image_2: image = '9_dist_red/trial23.png'
86.0370 	EXP 	image: autoDraw = True
86.0370 	EXP 	image_2: autoDraw = True
87.1979 	EXP 	window1: mouseVisible = True
87.2308 	DATA 	Keypress: space
87.3051 	EXP 	image: autoDraw = False
87.3051 	EXP 	image_2: autoDraw = False
87.3051 	EXP 	image_3: pos = array([-8.,  4.])
87.3051 	EXP 	image_3: image = '9_dist_red/trial23.png'
87.3051 	EXP 	background: image = '9_dist_red/trial23.png'
87.3051 	EXP 	image_3: autoDraw = True
87.3051 	EXP 	background: autoDraw = True
88.0251 	DATA 	Mouse: Left button down, pos=(741,665)
88.0560 	EXP 	image_3: autoDraw = False
88.0560 	EXP 	background: autoDraw = False
88.0560 	EXP 	text_3: text = 'Your answer was correct.'
88.0560 	EXP 	text_3: autoDraw = True
88.1604 	DATA 	Mouse:  Left button up, pos=(741,665)
88.6629 	EXP 	New trial (rep=0, index=24): OrderedDict([('ImageFile', '0_dist_red/trial22.png'), ('tarPos', [-4, -8])])
88.7492 	EXP 	window1: mouseVisible = False
88.7820 	DATA 	Keypress: space
88.8233 	EXP 	text_3: autoDraw = False
88.8233 	EXP 	image: image = '0_dist_red/trial22.png'
88.8233 	EXP 	image_2: pos = array([-4., -8.])
88.8233 	EXP 	image_2: image = '0_dist_red/trial22.png'
88.8233 	EXP 	image: autoDraw = True
88.8233 	EXP 	image_2: autoDraw = True
89.3790 	DATA 	Keypress: space
89.4478 	EXP 	window1: mouseVisible = True
89.5572 	EXP 	image: autoDraw = False
89.5572 	EXP 	image_2: autoDraw = False
89.5572 	EXP 	image_3: pos = array([-4., -8.])
89.5572 	EXP 	image_3: image = '0_dist_red/trial22.png'
89.5572 	EXP 	background: image = '0_dist_red/trial22.png'
89.5572 	EXP 	image_3: autoDraw = True
89.5572 	EXP 	background: autoDraw = True
90.1085 	DATA 	Mouse: Left button down, pos=(842,295)
90.1245 	EXP 	image_3: autoDraw = False
90.1245 	EXP 	background: autoDraw = False
90.1245 	EXP 	text_3: text = 'Your answer was correct.'
90.1245 	EXP 	text_3: autoDraw = True
90.2460 	DATA 	Mouse:  Left button up, pos=(842,295)
90.7473 	DATA 	Keypress: space
90.7644 	EXP 	New trial (rep=0, index=25): OrderedDict([('ImageFile', '9_dist_red/trial9.png'), ('tarPos', [0, 0])])
90.8524 	EXP 	window1: mouseVisible = False
90.9253 	EXP 	text_3: autoDraw = False
90.9253 	EXP 	image: image = '9_dist_red/trial9.png'
90.9253 	EXP 	image_2: pos = array([0., 0.])
90.9253 	EXP 	image_2: image = '9_dist_red/trial9.png'
90.9253 	EXP 	image: autoDraw = True
90.9253 	EXP 	image_2: autoDraw = True
91.8284 	EXP 	window1: mouseVisible = True
91.8620 	DATA 	Keypress: space
91.9263 	EXP 	image: autoDraw = False
91.9263 	EXP 	image_2: autoDraw = False
91.9263 	EXP 	image_3: pos = array([0., 0.])
91.9263 	EXP 	image_3: image = '9_dist_red/trial9.png'
91.9263 	EXP 	background: image = '9_dist_red/trial9.png'
91.9263 	EXP 	image_3: autoDraw = True
91.9263 	EXP 	background: autoDraw = True
92.4441 	DATA 	Mouse: Left button down, pos=(942,524)
92.4602 	EXP 	image_3: autoDraw = False
92.4602 	EXP 	background: autoDraw = False
92.4602 	EXP 	text_3: text = 'Your answer was correct.'
92.4602 	EXP 	text_3: autoDraw = True
92.5649 	DATA 	Mouse:  Left button up, pos=(942,524)
93.1342 	EXP 	New trial (rep=0, index=26): OrderedDict([('ImageFile', '3_dist_red/trial17.png'), ('tarPos', [-8, 0])])
93.2195 	EXP 	window1: mouseVisible = False
93.2534 	DATA 	Keypress: space
93.2943 	EXP 	text_3: autoDraw = False
93.2943 	EXP 	image: image = '3_dist_red/trial17.png'
93.2943 	EXP 	image_2: pos = array([-8.,  0.])
93.2943 	EXP 	image_2: image = '3_dist_red/trial17.png'
93.2943 	EXP 	image: autoDraw = True
93.2943 	EXP 	image_2: autoDraw = True
94.0452 	EXP 	window1: mouseVisible = True
94.0781 	DATA 	Keypress: space
94.1452 	EXP 	image: autoDraw = False
94.1452 	EXP 	image_2: autoDraw = False
94.1452 	EXP 	image_3: pos = array([-8.,  0.])
94.1452 	EXP 	image_3: image = '3_dist_red/trial17.png'
94.1452 	EXP 	background: image = '3_dist_red/trial17.png'
94.1452 	EXP 	image_3: autoDraw = True
94.1452 	EXP 	background: autoDraw = True
94.9632 	DATA 	Mouse: Left button down, pos=(720,540)
94.9793 	EXP 	image_3: autoDraw = False
94.9793 	EXP 	background: autoDraw = False
94.9793 	EXP 	text_3: text = 'Your answer was correct.'
94.9793 	EXP 	text_3: autoDraw = True
95.1001 	DATA 	Mouse:  Left button up, pos=(720,540)
95.6188 	DATA 	Keypress: space
95.6364 	EXP 	New trial (rep=0, index=27): OrderedDict([('ImageFile', '0_dist_red/trial23.png'), ('tarPos', [-8, -4])])
95.7289 	EXP 	window1: mouseVisible = False
95.7968 	EXP 	text_3: autoDraw = False
95.7968 	EXP 	image: image = '0_dist_red/trial23.png'
95.7968 	EXP 	image_2: pos = array([-8., -4.])
95.7968 	EXP 	image_2: image = '0_dist_red/trial23.png'
95.7968 	EXP 	image: autoDraw = True
95.7968 	EXP 	image_2: autoDraw = True
96.3923 	EXP 	window1: mouseVisible = True
96.4256 	DATA 	Keypress: space
96.4974 	EXP 	image: autoDraw = False
96.4974 	EXP 	image_2: autoDraw = False
96.4974 	EXP 	image_3: pos = array([-8., -4.])
96.4974 	EXP 	image_3: image = '0_dist_red/trial23.png'
96.4974 	EXP 	background: image = '0_dist_red/trial23.png'
96.4974 	EXP 	image_3: autoDraw = True
96.4974 	EXP 	background: autoDraw = True
97.0150 	DATA 	Mouse: Left button down, pos=(680,418)
97.0313 	EXP 	image_3: autoDraw = False
97.0313 	EXP 	background: autoDraw = False
97.0313 	EXP 	text_3: text = 'Your answer was correct.'
97.0313 	EXP 	text_3: autoDraw = True
97.1526 	DATA 	Mouse:  Left button up, pos=(680,418)
97.7705 	DATA 	Keypress: space
97.7887 	EXP 	New trial (rep=0, index=28): OrderedDict([('ImageFile', '3_dist_red/trial11.png'), ('tarPos', [4, 4])])
97.8783 	EXP 	window1: mouseVisible = False
97.9489 	EXP 	text_3: autoDraw = False
97.9489 	EXP 	image: image = '3_dist_red/trial11.png'
97.9489 	EXP 	image_2: pos = array([4., 4.])
97.9489 	EXP 	image_2: image = '3_dist_red/trial11.png'
97.9489 	EXP 	image: autoDraw = True
97.9489 	EXP 	image_2: autoDraw = True
98.5213 	DATA 	Keypress: space
98.5943 	EXP 	window1: mouseVisible = True
98.6994 	EXP 	image: autoDraw = False
98.6994 	EXP 	image_2: autoDraw = False
98.6994 	EXP 	image_3: pos = array([4., 4.])
98.6994 	EXP 	image_3: image = '3_dist_red/trial11.png'
98.6994 	EXP 	background: image = '3_dist_red/trial11.png'
98.6994 	EXP 	image_3: autoDraw = True
98.6994 	EXP 	background: autoDraw = True
99.3205 	DATA 	Mouse: Left button down, pos=(1062,680)
99.3503 	EXP 	image_3: autoDraw = False
99.3503 	EXP 	background: autoDraw = False
99.3503 	EXP 	text_3: text = 'Your answer was correct.'
99.3503 	EXP 	text_3: autoDraw = True
99.4546 	DATA 	Mouse:  Left button up, pos=(1062,680)
100.0577 	EXP 	New trial (rep=0, index=29): OrderedDict([('ImageFile', '9_dist_red/trial7.png'), ('tarPos', [8, 4])])
100.1441 	EXP 	window1: mouseVisible = False
100.1769 	DATA 	Keypress: space
100.2178 	EXP 	text_3: autoDraw = False
100.2178 	EXP 	image: image = '9_dist_red/trial7.png'
100.2178 	EXP 	image_2: pos = array([8., 4.])
100.2178 	EXP 	image_2: image = '9_dist_red/trial7.png'
100.2178 	EXP 	image: autoDraw = True
100.2178 	EXP 	image_2: autoDraw = True
101.3771 	EXP 	window1: mouseVisible = True
101.4090 	DATA 	Keypress: space
101.4857 	EXP 	image: autoDraw = False
101.4857 	EXP 	image_2: autoDraw = False
101.4857 	EXP 	image_3: pos = array([8., 4.])
101.4857 	EXP 	image_3: image = '9_dist_red/trial7.png'
101.4857 	EXP 	background: image = '9_dist_red/trial7.png'
101.4857 	EXP 	image_3: autoDraw = True
101.4857 	EXP 	background: autoDraw = True
102.2205 	DATA 	Mouse: Left button down, pos=(1211,674)
102.2365 	EXP 	image_3: autoDraw = False
102.2365 	EXP 	background: autoDraw = False
102.2365 	EXP 	text_3: text = 'Your answer was correct.'
102.2365 	EXP 	text_3: autoDraw = True
102.3746 	DATA 	Mouse:  Left button up, pos=(1211,674)
102.9266 	EXP 	New trial (rep=0, index=30): OrderedDict([('ImageFile', '15_dist_red/trial25.png'), ('tarPos', [4, -8])])
103.0222 	EXP 	window1: mouseVisible = False
103.0558 	DATA 	Keypress: space
103.0873 	EXP 	text_3: autoDraw = False
103.0873 	EXP 	image: image = '15_dist_red/trial25.png'
103.0873 	EXP 	image_2: pos = array([ 4., -8.])
103.0873 	EXP 	image_2: image = '15_dist_red/trial25.png'
103.0873 	EXP 	image: autoDraw = True
103.0873 	EXP 	image_2: autoDraw = True
104.5207 	EXP 	window1: mouseVisible = True
104.5545 	DATA 	Keypress: space
104.6221 	EXP 	image: autoDraw = False
104.6221 	EXP 	image_2: autoDraw = False
104.6221 	EXP 	image_3: pos = array([ 4., -8.])
104.6221 	EXP 	image_3: image = '15_dist_red/trial25.png'
104.6221 	EXP 	background: image = '15_dist_red/trial25.png'
104.6221 	EXP 	image_3: autoDraw = True
104.6221 	EXP 	background: autoDraw = True
105.3569 	DATA 	Mouse: Left button down, pos=(1083,293)
105.3730 	EXP 	image_3: autoDraw = False
105.3730 	EXP 	background: autoDraw = False
105.3730 	EXP 	text_3: text = 'Your answer was correct.'
105.3730 	EXP 	text_3: autoDraw = True
105.4942 	DATA 	Mouse:  Left button up, pos=(1083,293)
106.0633 	EXP 	New trial (rep=0, index=31): OrderedDict([('ImageFile', '15_dist_red/trial11.png'), ('tarPos', [-4, -4])])
106.1490 	EXP 	window1: mouseVisible = False
106.1827 	DATA 	Keypress: space
106.2237 	EXP 	text_3: autoDraw = False
106.2237 	EXP 	image: image = '15_dist_red/trial11.png'
106.2237 	EXP 	image_2: pos = array([-4., -4.])
106.2237 	EXP 	image_2: image = '15_dist_red/trial11.png'
106.2237 	EXP 	image: autoDraw = True
106.2237 	EXP 	image_2: autoDraw = True
107.0090 	EXP 	window1: mouseVisible = True
107.0423 	DATA 	Keypress: space
107.1078 	EXP 	image: autoDraw = False
107.1078 	EXP 	image_2: autoDraw = False
107.1078 	EXP 	image_3: pos = array([-4., -4.])
107.1078 	EXP 	image_3: image = '15_dist_red/trial11.png'
107.1078 	EXP 	background: image = '15_dist_red/trial11.png'
107.1078 	EXP 	image_3: autoDraw = True
107.1078 	EXP 	background: autoDraw = True
107.6757 	DATA 	Mouse: Left button down, pos=(814,417)
107.6918 	EXP 	image_3: autoDraw = False
107.6918 	EXP 	background: autoDraw = False
107.6918 	EXP 	text_3: text = 'Your answer was correct.'
107.6918 	EXP 	text_3: autoDraw = True
107.7961 	DATA 	Mouse:  Left button up, pos=(814,417)
108.4324 	EXP 	New trial (rep=0, index=32): OrderedDict([('ImageFile', '0_dist_red/trial8.png'), ('tarPos', [4, -8])])
108.5178 	EXP 	window1: mouseVisible = False
108.5528 	DATA 	Keypress: space
108.5927 	EXP 	text_3: autoDraw = False
108.5927 	EXP 	image: image = '0_dist_red/trial8.png'
108.5927 	EXP 	image_2: pos = array([ 4., -8.])
108.5927 	EXP 	image_2: image = '0_dist_red/trial8.png'
108.5927 	EXP 	image: autoDraw = True
108.5927 	EXP 	image_2: autoDraw = True
109.2028 	EXP 	window1: mouseVisible = True
109.2361 	DATA 	Keypress: space
109.3101 	EXP 	image: autoDraw = False
109.3101 	EXP 	image_2: autoDraw = False
109.3101 	EXP 	image_3: pos = array([ 4., -8.])
109.3101 	EXP 	image_3: image = '0_dist_red/trial8.png'
109.3101 	EXP 	background: image = '0_dist_red/trial8.png'
109.3101 	EXP 	image_3: autoDraw = True
109.3101 	EXP 	background: autoDraw = True
109.9782 	DATA 	Mouse: Left button down, pos=(1078,281)
109.9942 	EXP 	image_3: autoDraw = False
109.9942 	EXP 	background: autoDraw = False
109.9942 	EXP 	text_3: text = 'Your answer was correct.'
109.9942 	EXP 	text_3: autoDraw = True
110.0988 	DATA 	Mouse:  Left button up, pos=(1078,281)
110.7342 	EXP 	New trial (rep=0, index=33): OrderedDict([('ImageFile', '9_dist_red/trial20.png'), ('tarPos', [4, 0])])
110.8254 	EXP 	window1: mouseVisible = False
110.8588 	DATA 	Keypress: space
110.8950 	EXP 	text_3: autoDraw = False
110.8950 	EXP 	image: image = '9_dist_red/trial20.png'
110.8950 	EXP 	image_2: pos = array([4., 0.])
110.8950 	EXP 	image_2: image = '9_dist_red/trial20.png'
110.8950 	EXP 	image: autoDraw = True
110.8950 	EXP 	image_2: autoDraw = True
111.7252 	EXP 	window1: mouseVisible = True
111.7571 	DATA 	Keypress: space
111.8292 	EXP 	image: autoDraw = False
111.8292 	EXP 	image_2: autoDraw = False
111.8292 	EXP 	image_3: pos = array([4., 0.])
111.8292 	EXP 	image_3: image = '9_dist_red/trial20.png'
111.8292 	EXP 	background: image = '9_dist_red/trial20.png'
111.8292 	EXP 	image_3: autoDraw = True
111.8292 	EXP 	background: autoDraw = True
112.5639 	DATA 	Mouse: Left button down, pos=(1079,540)
112.5801 	EXP 	image_3: autoDraw = False
112.5801 	EXP 	background: autoDraw = False
112.5801 	EXP 	text_3: text = 'Your answer was correct.'
112.5801 	EXP 	text_3: autoDraw = True
112.7179 	DATA 	Mouse:  Left button up, pos=(1079,540)
113.2700 	EXP 	New trial (rep=0, index=34): OrderedDict([('ImageFile', '0_dist_red/trial14.png'), ('tarPos', [0, 8])])
113.3556 	EXP 	window1: mouseVisible = False
113.3897 	DATA 	Keypress: space
113.4307 	EXP 	text_3: autoDraw = False
113.4307 	EXP 	image: image = '0_dist_red/trial14.png'
113.4307 	EXP 	image_2: pos = array([0., 8.])
113.4307 	EXP 	image_2: image = '0_dist_red/trial14.png'
113.4307 	EXP 	image: autoDraw = True
113.4307 	EXP 	image_2: autoDraw = True
113.9977 	EXP 	window1: mouseVisible = True
114.0307 	DATA 	Keypress: space
114.0982 	EXP 	image: autoDraw = False
114.0982 	EXP 	image_2: autoDraw = False
114.0982 	EXP 	image_3: pos = array([0., 8.])
114.0982 	EXP 	image_3: image = '0_dist_red/trial14.png'
114.0982 	EXP 	background: image = '0_dist_red/trial14.png'
114.0982 	EXP 	image_3: autoDraw = True
114.0982 	EXP 	background: autoDraw = True
114.9160 	DATA 	Mouse: Left button down, pos=(945,784)
114.9321 	EXP 	image_3: autoDraw = False
114.9321 	EXP 	background: autoDraw = False
114.9321 	EXP 	text_3: text = 'Your answer was correct.'
114.9321 	EXP 	text_3: autoDraw = True
115.0369 	DATA 	Mouse:  Left button up, pos=(945,784)
115.5223 	EXP 	New trial (rep=0, index=35): OrderedDict([('ImageFile', '0_dist_red/trial16.png'), ('tarPos', [-8, 4])])
115.6107 	EXP 	window1: mouseVisible = False
115.6439 	DATA 	Keypress: space
115.6831 	EXP 	text_3: autoDraw = False
115.6831 	EXP 	image: image = '0_dist_red/trial16.png'
115.6831 	EXP 	image_2: pos = array([-8.,  4.])
115.6831 	EXP 	image_2: image = '0_dist_red/trial16.png'
115.6831 	EXP 	image: autoDraw = True
115.6831 	EXP 	image_2: autoDraw = True
116.3124 	EXP 	window1: mouseVisible = True
116.3459 	DATA 	Keypress: space
116.4171 	EXP 	image: autoDraw = False
116.4171 	EXP 	image_2: autoDraw = False
116.4171 	EXP 	image_3: pos = array([-8.,  4.])
116.4171 	EXP 	image_3: image = '0_dist_red/trial16.png'
116.4171 	EXP 	background: image = '0_dist_red/trial16.png'
116.4171 	EXP 	image_3: autoDraw = True
116.4171 	EXP 	background: autoDraw = True
117.1184 	DATA 	Mouse: Left button down, pos=(723,664)
117.1345 	EXP 	image_3: autoDraw = False
117.1345 	EXP 	background: autoDraw = False
117.1345 	EXP 	text_3: text = 'Your answer was correct.'
117.1345 	EXP 	text_3: autoDraw = True
117.2723 	DATA 	Mouse:  Left button up, pos=(723,664)
117.7234 	DATA 	Keypress: space
117.7417 	EXP 	New trial (rep=0, index=36): OrderedDict([('ImageFile', '15_dist_red/trial20.png'), ('tarPos', [4, 0])])
117.8296 	EXP 	window1: mouseVisible = False
117.9018 	EXP 	text_3: autoDraw = False
117.9018 	EXP 	image: image = '15_dist_red/trial20.png'
117.9018 	EXP 	image_2: pos = array([4., 0.])
117.9018 	EXP 	image_2: image = '15_dist_red/trial20.png'
117.9018 	EXP 	image: autoDraw = True
117.9018 	EXP 	image_2: autoDraw = True
119.1625 	EXP 	window1: mouseVisible = True
119.1951 	DATA 	Keypress: space
119.2698 	EXP 	image: autoDraw = False
119.2698 	EXP 	image_2: autoDraw = False
119.2698 	EXP 	image_3: pos = array([4., 0.])
119.2698 	EXP 	image_3: image = '15_dist_red/trial20.png'
119.2698 	EXP 	background: image = '15_dist_red/trial20.png'
119.2698 	EXP 	image_3: autoDraw = True
119.2698 	EXP 	background: autoDraw = True
119.8043 	DATA 	Mouse: Left button down, pos=(1061,552)
119.8203 	EXP 	image_3: autoDraw = False
119.8203 	EXP 	background: autoDraw = False
119.8203 	EXP 	text_3: text = 'Your answer was correct.'
119.8203 	EXP 	text_3: autoDraw = True
119.9752 	DATA 	Mouse:  Left button up, pos=(1061,552)
120.5107 	EXP 	New trial (rep=0, index=37): OrderedDict([('ImageFile', '0_dist_red/trial10.png'), ('tarPos', [8, 4])])
120.6019 	EXP 	window1: mouseVisible = False
120.6351 	DATA 	Keypress: space
120.6712 	EXP 	text_3: autoDraw = False
120.6712 	EXP 	image: image = '0_dist_red/trial10.png'
120.6712 	EXP 	image_2: pos = array([8., 4.])
120.6712 	EXP 	image_2: image = '0_dist_red/trial10.png'
120.6712 	EXP 	image: autoDraw = True
120.6712 	EXP 	image_2: autoDraw = True
121.3605 	DATA 	Keypress: space
121.4407 	EXP 	window1: mouseVisible = True
121.5388 	EXP 	image: autoDraw = False
121.5388 	EXP 	image_2: autoDraw = False
121.5388 	EXP 	image_3: pos = array([8., 4.])
121.5388 	EXP 	image_3: image = '0_dist_red/trial10.png'
121.5388 	EXP 	background: image = '0_dist_red/trial10.png'
121.5388 	EXP 	image_3: autoDraw = True
121.5388 	EXP 	background: autoDraw = True
122.1067 	DATA 	Mouse: Left button down, pos=(1221,661)
122.1226 	EXP 	image_3: autoDraw = False
122.1226 	EXP 	background: autoDraw = False
122.1226 	EXP 	text_3: text = 'Your answer was correct.'
122.1226 	EXP 	text_3: autoDraw = True
122.2442 	DATA 	Mouse:  Left button up, pos=(1221,661)
122.7956 	DATA 	Keypress: space
122.8132 	EXP 	New trial (rep=0, index=38): OrderedDict([('ImageFile', '9_dist_red/trial3.png'), ('tarPos', [0, 4])])
122.9080 	EXP 	window1: mouseVisible = False
122.9736 	EXP 	text_3: autoDraw = False
122.9736 	EXP 	image: image = '9_dist_red/trial3.png'
122.9736 	EXP 	image_2: pos = array([0., 4.])
122.9736 	EXP 	image_2: image = '9_dist_red/trial3.png'
122.9736 	EXP 	image: autoDraw = True
122.9736 	EXP 	image_2: autoDraw = True
124.0673 	EXP 	window1: mouseVisible = True
124.0993 	DATA 	Keypress: space
124.1746 	EXP 	image: autoDraw = False
124.1746 	EXP 	image_2: autoDraw = False
124.1746 	EXP 	image_3: pos = array([0., 4.])
124.1746 	EXP 	image_3: image = '9_dist_red/trial3.png'
124.1746 	EXP 	background: image = '9_dist_red/trial3.png'
124.1746 	EXP 	image_3: autoDraw = True
124.1746 	EXP 	background: autoDraw = True
124.6115 	DATA 	Mouse: Left button down, pos=(988,652)
124.6418 	EXP 	image_3: autoDraw = False
124.6418 	EXP 	background: autoDraw = False
124.6418 	EXP 	text_3: text = 'Your answer was correct.'
124.6418 	EXP 	text_3: autoDraw = True
124.7292 	DATA 	Mouse:  Left button up, pos=(988,652)
125.2316 	EXP 	New trial (rep=0, index=39): OrderedDict([('ImageFile', '9_dist_red/trial21.png'), ('tarPos', [-4, -8])])
125.3255 	EXP 	window1: mouseVisible = False
125.3591 	DATA 	Keypress: space
125.3925 	EXP 	text_3: autoDraw = False
125.3925 	EXP 	image: image = '9_dist_red/trial21.png'
125.3925 	EXP 	image_2: pos = array([-4., -8.])
125.3925 	EXP 	image_2: image = '9_dist_red/trial21.png'
125.3925 	EXP 	image: autoDraw = True
125.3925 	EXP 	image_2: autoDraw = True
127.4334 	DATA 	Keypress: space
127.5060 	EXP 	window1: mouseVisible = True
127.6114 	EXP 	image: autoDraw = False
127.6114 	EXP 	image_2: autoDraw = False
127.6114 	EXP 	image_3: pos = array([-4., -8.])
127.6114 	EXP 	image_3: image = '9_dist_red/trial21.png'
127.6114 	EXP 	background: image = '9_dist_red/trial21.png'
127.6114 	EXP 	image_3: autoDraw = True
127.6114 	EXP 	background: autoDraw = True
128.4963 	DATA 	Mouse: Left button down, pos=(834,298)
128.5125 	EXP 	image_3: autoDraw = False
128.5125 	EXP 	background: autoDraw = False
128.5125 	EXP 	text_3: text = 'Your answer was correct.'
128.5125 	EXP 	text_3: autoDraw = True
128.6336 	DATA 	Mouse:  Left button up, pos=(834,298)
129.0696 	EXP 	New trial (rep=0, index=40): OrderedDict([('ImageFile', '9_dist_red/trial6.png'), ('tarPos', [-8, 0])])
129.1570 	EXP 	window1: mouseVisible = False
129.1911 	DATA 	Keypress: space
129.2295 	EXP 	text_3: autoDraw = False
129.2295 	EXP 	image: image = '9_dist_red/trial6.png'
129.2295 	EXP 	image_2: pos = array([-8.,  0.])
129.2295 	EXP 	image_2: image = '9_dist_red/trial6.png'
129.2295 	EXP 	image: autoDraw = True
129.2295 	EXP 	image_2: autoDraw = True
130.3203 	EXP 	window1: mouseVisible = True
130.3537 	DATA 	Keypress: space
130.4308 	EXP 	image: autoDraw = False
130.4308 	EXP 	image_2: autoDraw = False
130.4308 	EXP 	image_3: pos = array([-8.,  0.])
130.4308 	EXP 	image_3: image = '9_dist_red/trial6.png'
130.4308 	EXP 	background: image = '9_dist_red/trial6.png'
130.4308 	EXP 	image_3: autoDraw = True
130.4308 	EXP 	background: autoDraw = True
130.9986 	DATA 	Mouse: Left button down, pos=(709,543)
131.0147 	EXP 	image_3: autoDraw = False
131.0147 	EXP 	background: autoDraw = False
131.0147 	EXP 	text_3: text = 'Your answer was correct.'
131.0147 	EXP 	text_3: autoDraw = True
131.1194 	DATA 	Mouse:  Left button up, pos=(709,543)
131.5216 	EXP 	New trial (rep=0, index=41): OrderedDict([('ImageFile', '0_dist_red/trial25.png'), ('tarPos', [4, 8])])
131.6125 	EXP 	window1: mouseVisible = False
131.6473 	DATA 	Keypress: space
131.6821 	EXP 	text_3: autoDraw = False
131.6821 	EXP 	image: image = '0_dist_red/trial25.png'
131.6821 	EXP 	image_2: pos = array([4., 8.])
131.6821 	EXP 	image_2: image = '0_dist_red/trial25.png'
131.6821 	EXP 	image: autoDraw = True
131.6821 	EXP 	image_2: autoDraw = True
132.2952 	EXP 	window1: mouseVisible = True
132.3269 	DATA 	Keypress: space
132.3994 	EXP 	image: autoDraw = False
132.3994 	EXP 	image_2: autoDraw = False
132.3994 	EXP 	image_3: pos = array([4., 8.])
132.3994 	EXP 	image_3: image = '0_dist_red/trial25.png'
132.3994 	EXP 	background: image = '0_dist_red/trial25.png'
132.3994 	EXP 	image_3: autoDraw = True
132.3994 	EXP 	background: autoDraw = True
132.9339 	DATA 	Mouse: Left button down, pos=(1073,775)
132.9501 	EXP 	image_3: autoDraw = False
132.9501 	EXP 	background: autoDraw = False
132.9501 	EXP 	text_3: text = 'Your answer was correct.'
132.9501 	EXP 	text_3: autoDraw = True
133.0548 	DATA 	Mouse:  Left button up, pos=(1073,775)
133.4735 	EXP 	New trial (rep=0, index=42): OrderedDict([('ImageFile', '9_dist_red/trial10.png'), ('tarPos', [8, -8])])
133.5593 	EXP 	window1: mouseVisible = False
133.5933 	DATA 	Keypress: space
133.6340 	EXP 	text_3: autoDraw = False
133.6340 	EXP 	image: image = '9_dist_red/trial10.png'
133.6340 	EXP 	image_2: pos = array([ 8., -8.])
133.6340 	EXP 	image_2: image = '9_dist_red/trial10.png'
133.6340 	EXP 	image: autoDraw = True
133.6340 	EXP 	image_2: autoDraw = True
135.5698 	EXP 	window1: mouseVisible = True
135.6035 	DATA 	Keypress: space
135.6694 	EXP 	image: autoDraw = False
135.6694 	EXP 	image_2: autoDraw = False
135.6694 	EXP 	image_3: pos = array([ 8., -8.])
135.6694 	EXP 	image_3: image = '9_dist_red/trial10.png'
135.6694 	EXP 	background: image = '9_dist_red/trial10.png'
135.6694 	EXP 	image_3: autoDraw = True
135.6694 	EXP 	background: autoDraw = True
136.3874 	DATA 	Mouse: Left button down, pos=(1198,300)
136.4035 	EXP 	image_3: autoDraw = False
136.4035 	EXP 	background: autoDraw = False
136.4035 	EXP 	text_3: text = 'Your answer was correct.'
136.4035 	EXP 	text_3: autoDraw = True
136.5247 	DATA 	Mouse:  Left button up, pos=(1198,300)
136.8933 	EXP 	New trial (rep=0, index=43): OrderedDict([('ImageFile', '9_dist_red/trial22.png'), ('tarPos', [0, -8])])
136.9847 	EXP 	window1: mouseVisible = False
137.0187 	DATA 	Keypress: space
137.0540 	EXP 	text_3: autoDraw = False
137.0540 	EXP 	image: image = '9_dist_red/trial22.png'
137.0540 	EXP 	image_2: pos = array([ 0., -8.])
137.0540 	EXP 	image_2: image = '9_dist_red/trial22.png'
137.0540 	EXP 	image: autoDraw = True
137.0540 	EXP 	image_2: autoDraw = True
138.0181 	EXP 	window1: mouseVisible = True
138.0499 	DATA 	Keypress: space
138.1218 	EXP 	image: autoDraw = False
138.1218 	EXP 	image_2: autoDraw = False
138.1218 	EXP 	image_3: pos = array([ 0., -8.])
138.1218 	EXP 	image_3: image = '9_dist_red/trial22.png'
138.1218 	EXP 	background: image = '9_dist_red/trial22.png'
138.1218 	EXP 	image_3: autoDraw = True
138.1218 	EXP 	background: autoDraw = True
138.7062 	DATA 	Mouse: Left button down, pos=(976,328)
138.7559 	EXP 	image_3: autoDraw = False
138.7559 	EXP 	background: autoDraw = False
138.7559 	EXP 	text_3: text = 'You did not click on the target. Try to be more accurate.'
138.7559 	EXP 	text_3: autoDraw = True
138.8104 	DATA 	Mouse:  Left button up, pos=(976,328)
139.7456 	DATA 	Keypress: space
139.7626 	EXP 	New trial (rep=0, index=44): OrderedDict([('ImageFile', '9_dist_red/trial15.png'), ('tarPos', [4, 4])])
139.8490 	EXP 	window1: mouseVisible = False
139.9236 	EXP 	text_3: autoDraw = False
139.9236 	EXP 	image: image = '9_dist_red/trial15.png'
139.9236 	EXP 	image_2: pos = array([4., 4.])
139.9236 	EXP 	image_2: image = '9_dist_red/trial15.png'
139.9236 	EXP 	image: autoDraw = True
139.9236 	EXP 	image_2: autoDraw = True
141.1022 	EXP 	window1: mouseVisible = True
141.1347 	DATA 	Keypress: space
141.2082 	EXP 	image: autoDraw = False
141.2082 	EXP 	image_2: autoDraw = False
141.2082 	EXP 	image_3: pos = array([4., 4.])
141.2082 	EXP 	image_3: image = '9_dist_red/trial15.png'
141.2082 	EXP 	background: image = '9_dist_red/trial15.png'
141.2082 	EXP 	image_3: autoDraw = True
141.2082 	EXP 	background: autoDraw = True
141.8428 	DATA 	Mouse: Left button down, pos=(1079,649)
141.8756 	EXP 	image_3: autoDraw = False
141.8756 	EXP 	background: autoDraw = False
141.8756 	EXP 	text_3: text = 'Your answer was correct.'
141.8756 	EXP 	text_3: autoDraw = True
141.9966 	DATA 	Mouse:  Left button up, pos=(1079,649)
142.9331 	EXP 	New trial (rep=0, index=45): OrderedDict([('ImageFile', '9_dist_red/trial16.png'), ('tarPos', [0, -4])])
143.0210 	EXP 	window1: mouseVisible = False
143.0547 	DATA 	Keypress: space
143.0933 	EXP 	text_3: autoDraw = False
143.0933 	EXP 	image: image = '9_dist_red/trial16.png'
143.0933 	EXP 	image_2: pos = array([ 0., -4.])
143.0933 	EXP 	image_2: image = '9_dist_red/trial16.png'
143.0933 	EXP 	image: autoDraw = True
143.0933 	EXP 	image_2: autoDraw = True
144.0301 	EXP 	window1: mouseVisible = True
144.0637 	DATA 	Keypress: space
144.1277 	EXP 	image: autoDraw = False
144.1277 	EXP 	image_2: autoDraw = False
144.1277 	EXP 	image_3: pos = array([ 0., -4.])
144.1277 	EXP 	image_3: image = '9_dist_red/trial16.png'
144.1277 	EXP 	background: image = '9_dist_red/trial16.png'
144.1277 	EXP 	image_3: autoDraw = True
144.1277 	EXP 	background: autoDraw = True
144.6119 	DATA 	Mouse: Left button down, pos=(940,449)
144.6280 	EXP 	image_3: autoDraw = False
144.6280 	EXP 	background: autoDraw = False
144.6280 	EXP 	text_3: text = 'Your answer was correct.'
144.6280 	EXP 	text_3: autoDraw = True
144.7496 	DATA 	Mouse:  Left button up, pos=(940,449)
145.5356 	EXP 	New trial (rep=0, index=46): OrderedDict([('ImageFile', '0_dist_red/trial24.png'), ('tarPos', [0, -8])])
145.6269 	EXP 	window1: mouseVisible = False
145.6607 	DATA 	Keypress: space
145.6958 	EXP 	text_3: autoDraw = False
145.6958 	EXP 	image: image = '0_dist_red/trial24.png'
145.6958 	EXP 	image_2: pos = array([ 0., -8.])
145.6958 	EXP 	image_2: image = '0_dist_red/trial24.png'
145.6958 	EXP 	image: autoDraw = True
145.6958 	EXP 	image_2: autoDraw = True
146.5078 	EXP 	window1: mouseVisible = True
146.5396 	DATA 	Keypress: space
146.6135 	EXP 	image: autoDraw = False
146.6135 	EXP 	image_2: autoDraw = False
146.6135 	EXP 	image_3: pos = array([ 0., -8.])
146.6135 	EXP 	image_3: image = '0_dist_red/trial24.png'
146.6135 	EXP 	background: image = '0_dist_red/trial24.png'
146.6135 	EXP 	image_3: autoDraw = True
146.6135 	EXP 	background: autoDraw = True
147.0980 	DATA 	Mouse: Left button down, pos=(949,289)
147.1141 	EXP 	image_3: autoDraw = False
147.1141 	EXP 	background: autoDraw = False
147.1141 	EXP 	text_3: text = 'Your answer was correct.'
147.1141 	EXP 	text_3: autoDraw = True
147.2353 	DATA 	Mouse:  Left button up, pos=(949,289)
147.8213 	EXP 	New trial (rep=0, index=47): OrderedDict([('ImageFile', '15_dist_red/trial10.png'), ('tarPos', [8, -8])])
147.9068 	EXP 	window1: mouseVisible = False
147.9404 	DATA 	Keypress: space
147.9814 	EXP 	text_3: autoDraw = False
147.9814 	EXP 	image: image = '15_dist_red/trial10.png'
147.9814 	EXP 	image_2: pos = array([ 8., -8.])
147.9814 	EXP 	image_2: image = '15_dist_red/trial10.png'
147.9814 	EXP 	image: autoDraw = True
147.9814 	EXP 	image_2: autoDraw = True
149.5498 	EXP 	window1: mouseVisible = True
149.5836 	DATA 	Keypress: space
149.6498 	EXP 	image: autoDraw = False
149.6498 	EXP 	image_2: autoDraw = False
149.6498 	EXP 	image_3: pos = array([ 8., -8.])
149.6498 	EXP 	image_3: image = '15_dist_red/trial10.png'
149.6498 	EXP 	background: image = '15_dist_red/trial10.png'
149.6498 	EXP 	image_3: autoDraw = True
149.6498 	EXP 	background: autoDraw = True
150.1007 	DATA 	Mouse: Left button down, pos=(1211,321)
150.1336 	EXP 	image_3: autoDraw = False
150.1336 	EXP 	background: autoDraw = False
150.1336 	EXP 	text_3: text = 'You did not click on the target. Try to be more accurate.'
150.1336 	EXP 	text_3: autoDraw = True
150.2377 	DATA 	Mouse:  Left button up, pos=(1211,321)
150.7067 	EXP 	New trial (rep=0, index=48): OrderedDict([('ImageFile', '15_dist_red/trial6.png'), ('tarPos', [-8, 0])])
150.7942 	EXP 	window1: mouseVisible = False
150.8270 	DATA 	Keypress: space
150.8677 	EXP 	text_3: autoDraw = False
150.8677 	EXP 	image: image = '15_dist_red/trial6.png'
150.8677 	EXP 	image_2: pos = array([-8.,  0.])
150.8677 	EXP 	image_2: image = '15_dist_red/trial6.png'
150.8677 	EXP 	image: autoDraw = True
150.8677 	EXP 	image_2: autoDraw = True
151.7267 	EXP 	window1: mouseVisible = True
151.7588 	DATA 	Keypress: space
151.8354 	EXP 	image: autoDraw = False
151.8354 	EXP 	image_2: autoDraw = False
151.8354 	EXP 	image_3: pos = array([-8.,  0.])
151.8354 	EXP 	image_3: image = '15_dist_red/trial6.png'
151.8354 	EXP 	background: image = '15_dist_red/trial6.png'
151.8354 	EXP 	image_3: autoDraw = True
151.8354 	EXP 	background: autoDraw = True
152.5700 	DATA 	Mouse: Left button down, pos=(710,549)
152.6028 	EXP 	image_3: autoDraw = False
152.6028 	EXP 	background: autoDraw = False
152.6028 	EXP 	text_3: text = 'Your answer was correct.'
152.6028 	EXP 	text_3: autoDraw = True
152.7241 	DATA 	Mouse:  Left button up, pos=(710,549)
153.0931 	EXP 	New trial (rep=0, index=49): OrderedDict([('ImageFile', '3_dist_red/trial15.png'), ('tarPos', [4, 0])])
153.1794 	EXP 	window1: mouseVisible = False
153.2138 	DATA 	Keypress: space
153.2532 	EXP 	text_3: autoDraw = False
153.2532 	EXP 	image: image = '3_dist_red/trial15.png'
153.2532 	EXP 	image_2: pos = array([4., 0.])
153.2532 	EXP 	image_2: image = '3_dist_red/trial15.png'
153.2532 	EXP 	image: autoDraw = True
153.2532 	EXP 	image_2: autoDraw = True
154.2112 	EXP 	window1: mouseVisible = True
154.2437 	DATA 	Keypress: space
154.3211 	EXP 	image: autoDraw = False
154.3211 	EXP 	image_2: autoDraw = False
154.3211 	EXP 	image_3: pos = array([4., 0.])
154.3211 	EXP 	image_3: image = '3_dist_red/trial15.png'
154.3211 	EXP 	background: image = '3_dist_red/trial15.png'
154.3211 	EXP 	image_3: autoDraw = True
154.3211 	EXP 	background: autoDraw = True
155.4893 	DATA 	Keypress: escape
155.9153 	EXP 	window1: mouseVisible = True
