0.7928 	WARNING 	We strongly recommend you activate the PTB sound engine in PsychoPy prefs as the preferred audio engine. Its timing is vastly superior. Your prefs are currently set to use ['sounddevice', 'PTB', 'pyo', 'pygame'] (in that order).
5.2939 	WARNING 	User requested fullscreen with size [1024  768], but screen is actually [1920, 1080]. Using actual size
6.3283 	EXP 	Created window1 = Window(allowGUI=False, allowStencil=False, args=UNKNOWN, autoLog=True, bitsMode=UNKNOWN, blendMode='avg', bpc=(8, 8, 8), color=array([0., 0., 0.]), colorSpace='rgb', depthBits=8, fullscr=<method-wrapper '__getattribute__' of attributeSetter object at 0x0000001250933CC0>, gamma=None, gammaErrorPolicy='raise', kwargs=UNKNOWN, lms=UNKNOWN, monitor=<psychopy.monitors.calibTools.Monitor object at 0x000000124F835CF8>, multiSample=False, name='window1', numSamples=2, pos=[0.0, 0.0], screen=0, size=array([1920, 1080]), stencilBits=0, stereo=False, units='height', useFBO=True, useRetina=False, viewOri=0.0, viewPos=None, viewScale=None, waitBlanking=True, winType='pyglet')
6.3285 	EXP 	window1: mouseVisible = True
6.3286 	EXP 	window1: recordFrameIntervals = False
6.4940 	EXP 	window1: recordFrameIntervals = True
6.6780 	EXP 	window1: recordFrameIntervals = False
6.8654 	EXP 	Created text_2 = TextStim(__class__=<class 'psychopy.visual.text.TextStim'>, alignHoriz=method-wrapper(...), alignText='center', alignVert=method-wrapper(...), anchorHoriz='center', anchorVert='center', antialias=True, autoLog=True, bold=False, color='white', colorSpace='named', contrast=1.0, depth=0.0, flipHoriz=False, flipVert=False, font='Arial', fontFiles=[], height=0.07, italic=False, languageStyle='LTR', name='text_2', opacity=1.0, ori=0, pos=array([0., 0.]), rgb=array([255., 255., 255.]), text=str(...), units='height', win=Window(...), wrapWidth=1)
6.8674 	EXP 	Created image = ImageStim(__class__=<class 'psychopy.visual.image.ImageStim'>, autoLog=True, color=array([1., 1., 1.]), colorSpace='rgb', contrast=1.0, depth=0.0, flipHoriz=False, flipVert=False, image='sin', interpolate=True, mask=None, maskParams=None, name='image', opacity=1.0, ori=0.0, pos=array([0., 0.]), size=array([53., 30.]), texRes=128, units='cm', win=Window(...))
6.8689 	EXP 	Created image_2 = ImageStim(__class__=<class 'psychopy.visual.image.ImageStim'>, autoLog=True, color=array([1., 1., 1.]), colorSpace='rgb', contrast=1.0, depth=-1.0, flipHoriz=False, flipVert=False, image='sin', interpolate=True, mask=None, maskParams=None, name='image_2', opacity=0.0, ori=0.0, pos=array([0., 0.]), size=array([6., 2.]), texRes=128, units='cm', win=Window(...))
6.8704 	EXP 	Created image_3 = ImageStim(__class__=<class 'psychopy.visual.image.ImageStim'>, autoLog=True, color=array([1., 1., 1.]), colorSpace='rgb', contrast=1.0, depth=0.0, flipHoriz=False, flipVert=False, image='sin', interpolate=True, mask=None, maskParams=None, name='image_3', opacity=0.0, ori=0.0, pos=array([0., 0.]), size=array([6., 2.]), texRes=128, units='cm', win=Window(...))
6.8704 	EXP 	window1: mouseVisible = True
6.8719 	EXP 	Created background = ImageStim(__class__=<class 'psychopy.visual.image.ImageStim'>, autoLog=True, color=array([1., 1., 1.]), colorSpace='rgb', contrast=1.0, depth=-3.0, flipHoriz=False, flipVert=False, image='sin', interpolate=True, mask=None, maskParams=None, name='background', opacity=0.0, ori=0.0, pos=array([0., 0.]), size=array([53., 30.]), texRes=128, units='cm', win=Window(...))
6.8900 	EXP 	Created text_3 = TextStim(__class__=<class 'psychopy.visual.text.TextStim'>, alignHoriz=method-wrapper(...), alignText='center', alignVert=method-wrapper(...), anchorHoriz='center', anchorVert='center', antialias=True, autoLog=True, bold=False, color='white', colorSpace='named', contrast=1.0, depth=0.0, flipHoriz=False, flipVert=False, font='Arial', fontFiles=[], height=0.1, italic=False, languageStyle='LTR', name='text_3', opacity=1.0, ori=0, pos=array([0., 0.]), rgb=array([255., 255., 255.]), text='default text', units='height', win=Window(...), wrapWidth=1)
6.9274 	EXP 	text_2: autoDraw = True
7.8349 	EXP 	Imported conditions.xlsx as conditions, 100 conditions, 2 params
7.8358 	EXP 	Created sequence: random, trialTypes=100, nReps=3, seed=None
7.8361 	EXP 	New trial (rep=0, index=0): OrderedDict([('ImageFile', '15_dist_red/trial11.png'), ('tarPos', [-4, -4])])
7.9016 	EXP 	window1: mouseVisible = False
7.9370 	DATA 	Keypress: space
7.9785 	EXP 	text_2: autoDraw = False
7.9785 	EXP 	image: image = '15_dist_red/trial11.png'
7.9785 	EXP 	image_2: pos = array([-4., -4.])
7.9785 	EXP 	image_2: image = '15_dist_red/trial11.png'
7.9785 	EXP 	image: autoDraw = True
7.9785 	EXP 	image_2: autoDraw = True
9.1247 	EXP 	window1: mouseVisible = True
9.1578 	DATA 	Keypress: space
9.2298 	EXP 	image: autoDraw = False
9.2298 	EXP 	image_2: autoDraw = False
9.2298 	EXP 	image_3: pos = array([-4., -4.])
9.2298 	EXP 	image_3: image = '15_dist_red/trial11.png'
9.2298 	EXP 	background: image = '15_dist_red/trial11.png'
9.2298 	EXP 	image_3: autoDraw = True
9.2298 	EXP 	background: autoDraw = True
10.7654 	DATA 	Mouse: Left button down, pos=(1919,292)
11.0879 	EXP 	window1: mouseVisible = True
