0.7910 	WARNING 	We strongly recommend you activate the PTB sound engine in PsychoPy prefs as the preferred audio engine. Its timing is vastly superior. Your prefs are currently set to use ['sounddevice', 'PTB', 'pyo', 'pygame'] (in that order).
4.5593 	WARNING 	User requested fullscreen with size [1024  768], but screen is actually [1920, 1080]. Using actual size
5.5765 	EXP 	Created window1 = Window(allowGUI=False, allowStencil=False, args=UNKNOWN, autoLog=True, bitsMode=UNKNOWN, blendMode='avg', bpc=(8, 8, 8), color=array([0., 0., 0.]), colorSpace='rgb', depthBits=8, fullscr=<method-wrapper '__getattribute__' of attributeSetter object at 0x0000000A344AA128>, gamma=None, gammaErrorPolicy='raise', kwargs=UNKNOWN, lms=UNKNOWN, monitor=<psychopy.monitors.calibTools.Monitor object at 0x0000000A355C6160>, multiSample=False, name='window1', numSamples=2, pos=[0.0, 0.0], screen=0, size=array([1920, 1080]), stencilBits=0, stereo=False, units='height', useFBO=True, useRetina=False, viewOri=0.0, viewPos=None, viewScale=None, waitBlanking=True, winType='pyglet')
5.5767 	EXP 	window1: mouseVisible = True
5.5768 	EXP 	window1: recordFrameIntervals = False
5.7422 	EXP 	window1: recordFrameIntervals = True
5.9261 	EXP 	window1: recordFrameIntervals = False
6.0267 	EXP 	Created noise = NoiseStim(__class__=<class 'psychopy.visual.noise.NoiseStim'>, autoDraw=False, autoLog=True, blendmode='avg', color=array([1., 1., 1.]), colorSpace='rgb', contrast=1.0, depth=0.0, interpolate=False, mask='none', maskParams=None, name='noise', opacity=1.0, ori=0.0, phase=array([0., 0.]), pos=array([0., 0.]), rgbPedestal=array([0., 0., 0.]), sf=array([1., 1.]), size=array([0.5, 0.5]), tex='sin', texRes=128, units='height', win=Window(...))
6.0756 	EXP 	noise: blendmode = 'avg'
6.0756 	EXP 	noise: mask = None
6.0756 	EXP 	noise: texRes = 128
6.0756 	EXP 	noise: noiseType = 'Binary'
6.0756 	EXP 	noise: noiseImage = None
6.0756 	EXP 	noise: noiseElementSize = 0.0625
6.0756 	EXP 	noise: noiseBaseSf = 8.0
6.0756 	EXP 	noise: noiseBW = 0.01
6.0756 	EXP 	noise: noiseBWO = 30.0
6.0756 	EXP 	noise: noiseFractalPower = 0.0
6.0756 	EXP 	noise: noiseFilterUpper = 8.0
6.0756 	EXP 	noise: noiseFilterLower = 1.0
6.0756 	EXP 	noise: noiseFilterOrder = 0.0
6.0756 	EXP 	noise: noiseClip = 3.0
6.0756 	EXP 	noise: filter = None
6.0756 	EXP 	noise: tex = <class 'numpy.ndarray'>
6.0756 	EXP 	noise: tex = <class 'numpy.ndarray'>
6.0756 	EXP 	noise: autoDraw = True
7.0602 	EXP 	noise: autoDraw = False
7.3038 	EXP 	window1: mouseVisible = True
0.7936 	WARNING 	We strongly recommend you activate the PTB sound engine in PsychoPy prefs as the preferred audio engine. Its timing is vastly superior. Your prefs are currently set to use ['sounddevice', 'PTB', 'pyo', 'pygame'] (in that order).
4.5231 	WARNING 	User requested fullscreen with size [1024  768], but screen is actually [1920, 1080]. Using actual size
5.5518 	EXP 	Created window1 = Window(allowGUI=False, allowStencil=False, args=UNKNOWN, autoLog=True, bitsMode=UNKNOWN, blendMode='avg', bpc=(8, 8, 8), color=array([0., 0., 0.]), colorSpace='rgb', depthBits=8, fullscr=<method-wrapper '__getattribute__' of attributeSetter object at 0x000000D21F5EA0F0>, gamma=None, gammaErrorPolicy='raise', kwargs=UNKNOWN, lms=UNKNOWN, monitor=<psychopy.monitors.calibTools.Monitor object at 0x000000D2206F7128>, multiSample=False, name='window1', numSamples=2, pos=[0.0, 0.0], screen=0, size=array([1920, 1080]), stencilBits=0, stereo=False, units='height', useFBO=True, useRetina=False, viewOri=0.0, viewPos=None, viewScale=None, waitBlanking=True, winType='pyglet')
5.5520 	EXP 	window1: mouseVisible = True
5.5521 	EXP 	window1: recordFrameIntervals = False
5.7173 	EXP 	window1: recordFrameIntervals = True
5.9016 	EXP 	window1: recordFrameIntervals = False
6.0064 	EXP 	Created noise = NoiseStim(__class__=<class 'psychopy.visual.noise.NoiseStim'>, autoDraw=False, autoLog=True, blendmode='avg', color=array([1., 1., 1.]), colorSpace='rgb', contrast=1.0, depth=0.0, interpolate=False, mask='none', maskParams=None, name='noise', opacity=1.0, ori=0.0, phase=array([0., 0.]), pos=array([0., 0.]), rgbPedestal=array([0., 0., 0.]), sf=array([1., 1.]), size=array([0.5, 0.5]), tex='sin', texRes=128, units='height', win=Window(...))
6.0508 	EXP 	noise: blendmode = 'avg'
6.0508 	EXP 	noise: mask = None
6.0508 	EXP 	noise: texRes = 128
6.0508 	EXP 	noise: noiseType = 'Binary'
6.0508 	EXP 	noise: noiseImage = None
6.0508 	EXP 	noise: noiseElementSize = 0.0625
6.0508 	EXP 	noise: noiseBaseSf = 8.0
6.0508 	EXP 	noise: noiseBW = 0.01
6.0508 	EXP 	noise: noiseBWO = 10.0
6.0508 	EXP 	noise: noiseFractalPower = 0.0
6.0508 	EXP 	noise: noiseFilterUpper = 8.0
6.0508 	EXP 	noise: noiseFilterLower = 1.0
6.0508 	EXP 	noise: noiseFilterOrder = 0.0
6.0508 	EXP 	noise: noiseClip = 3.0
6.0508 	EXP 	noise: filter = None
6.0508 	EXP 	noise: tex = <class 'numpy.ndarray'>
6.0508 	EXP 	noise: tex = <class 'numpy.ndarray'>
6.0508 	EXP 	noise: autoDraw = True
7.0354 	EXP 	noise: autoDraw = False
7.3028 	EXP 	window1: mouseVisible = True
