0.8099 	WARNING 	We strongly recommend you activate the PTB sound engine in PsychoPy prefs as the preferred audio engine. Its timing is vastly superior. Your prefs are currently set to use ['sounddevice', 'PTB', 'pyo', 'pygame'] (in that order).
4.4355 	WARNING 	User requested fullscreen with size [1024  768], but screen is actually [1920, 1080]. Using actual size
5.5532 	EXP 	Created window1 = Window(allowGUI=False, allowStencil=False, args=UNKNOWN, autoLog=True, bitsMode=UNKNOWN, blendMode='avg', bpc=(8, 8, 8), color=array([0., 0., 0.]), colorSpace='rgb', depthBits=8, fullscr=<method-wrapper '__getattribute__' of attributeSetter object at 0x00000098320A90F0>, gamma=None, gammaErrorPolicy='raise', kwargs=UNKNOWN, lms=UNKNOWN, monitor=<psychopy.monitors.calibTools.Monitor object at 0x0000009833276128>, multiSample=False, name='window1', numSamples=2, pos=[0.0, 0.0], screen=0, size=array([1920, 1080]), stencilBits=0, stereo=False, units='height', useFBO=True, useRetina=False, viewOri=0.0, viewPos=None, viewScale=None, waitBlanking=True, winType='pyglet')
5.5533 	EXP 	window1: mouseVisible = True
5.5533 	EXP 	window1: recordFrameIntervals = False
5.7197 	EXP 	window1: recordFrameIntervals = True
5.9037 	EXP 	window1: recordFrameIntervals = False
6.0040 	EXP 	Created noise = NoiseStim(__class__=<class 'psychopy.visual.noise.NoiseStim'>, autoDraw=False, autoLog=True, blendmode='avg', color=array([1., 1., 1.]), colorSpace='rgb', contrast=1.0, depth=0.0, interpolate=False, mask='none', maskParams=None, name='noise', opacity=1.0, ori=0.0, phase=array([0., 0.]), pos=array([0., 0.]), rgbPedestal=array([0., 0., 0.]), sf=array([1., 1.]), size=array([0.5, 0.5]), tex='sin', texRes=128, units='height', win=Window(...))
6.0698 	EXP 	noise: blendmode = 'avg'
6.0698 	EXP 	noise: mask = None
6.0698 	EXP 	noise: texRes = 128
6.0698 	EXP 	noise: noiseType = 'Binary'
6.0698 	EXP 	noise: noiseImage = None
6.0698 	EXP 	noise: noiseElementSize = 0.0625
6.0698 	EXP 	noise: noiseBaseSf = 8.0
6.0698 	EXP 	noise: noiseBW = 1.0
6.0698 	EXP 	noise: noiseBWO = 30.0
6.0698 	EXP 	noise: noiseFractalPower = 0.0
6.0698 	EXP 	noise: noiseFilterUpper = 8.0
6.0698 	EXP 	noise: noiseFilterLower = 1.0
6.0698 	EXP 	noise: noiseFilterOrder = 0.0
6.0698 	EXP 	noise: noiseClip = 3.0
6.0698 	EXP 	noise: filter = None
6.0698 	EXP 	noise: tex = <class 'numpy.ndarray'>
6.0698 	EXP 	noise: tex = <class 'numpy.ndarray'>
6.0698 	EXP 	noise: autoDraw = True
7.0375 	EXP 	noise: autoDraw = False
7.2859 	EXP 	window1: mouseVisible = True
0.7911 	WARNING 	We strongly recommend you activate the PTB sound engine in PsychoPy prefs as the preferred audio engine. Its timing is vastly superior. Your prefs are currently set to use ['sounddevice', 'PTB', 'pyo', 'pygame'] (in that order).
4.2906 	WARNING 	User requested fullscreen with size [1024  768], but screen is actually [1920, 1080]. Using actual size
5.3082 	EXP 	Created window1 = Window(allowGUI=False, allowStencil=False, args=UNKNOWN, autoLog=True, bitsMode=UNKNOWN, blendMode='avg', bpc=(8, 8, 8), color=array([0., 0., 0.]), colorSpace='rgb', depthBits=8, fullscr=<method-wrapper '__getattribute__' of attributeSetter object at 0x0000004961F490F0>, gamma=None, gammaErrorPolicy='raise', kwargs=UNKNOWN, lms=UNKNOWN, monitor=<psychopy.monitors.calibTools.Monitor object at 0x0000004961C46128>, multiSample=False, name='window1', numSamples=2, pos=[0.0, 0.0], screen=0, size=array([1920, 1080]), stencilBits=0, stereo=False, units='height', useFBO=True, useRetina=False, viewOri=0.0, viewPos=None, viewScale=None, waitBlanking=True, winType='pyglet')
5.3084 	EXP 	window1: mouseVisible = True
5.3085 	EXP 	window1: recordFrameIntervals = False
5.4737 	EXP 	window1: recordFrameIntervals = True
5.6581 	EXP 	window1: recordFrameIntervals = False
5.7500 	EXP 	Created noise_2 = NoiseStim(__class__=<class 'psychopy.visual.noise.NoiseStim'>, autoDraw=False, autoLog=True, blendmode='avg', color=array([1., 1., 1.]), colorSpace='rgb', contrast=1.0, depth=0.0, interpolate=False, mask='none', maskParams=None, name='noise_2', opacity=1.0, ori=0.0, phase=array([0., 0.]), pos=array([0., 0.]), rgbPedestal=array([0., 0., 0.]), sf=array([1., 1.]), size=array([0.5, 0.5]), tex='sin', texRes=128, units='height', win=Window(...))
5.8072 	EXP 	noise_2: blendmode = 'avg'
5.8072 	EXP 	noise_2: mask = None
5.8072 	EXP 	noise_2: texRes = 128
5.8072 	EXP 	noise_2: noiseType = 'Binary'
5.8072 	EXP 	noise_2: noiseImage = None
5.8072 	EXP 	noise_2: noiseElementSize = 0.0625
5.8072 	EXP 	noise_2: noiseBaseSf = 8.0
5.8072 	EXP 	noise_2: noiseBW = 1.0
5.8072 	EXP 	noise_2: noiseBWO = 30.0
5.8072 	EXP 	noise_2: noiseFractalPower = 0.0
5.8072 	EXP 	noise_2: noiseFilterUpper = 8.0
5.8072 	EXP 	noise_2: noiseFilterLower = 1.0
5.8072 	EXP 	noise_2: noiseFilterOrder = 0.0
5.8072 	EXP 	noise_2: noiseClip = 3.0
5.8072 	EXP 	noise_2: filter = None
5.8072 	EXP 	noise_2: tex = <class 'numpy.ndarray'>
5.8072 	EXP 	noise_2: tex = <class 'numpy.ndarray'>
5.8072 	EXP 	noise_2: autoDraw = True
6.7750 	EXP 	noise_2: autoDraw = False
7.0471 	EXP 	window1: mouseVisible = True
