0.7934 	WARNING 	We strongly recommend you activate the PTB sound engine in PsychoPy prefs as the preferred audio engine. Its timing is vastly superior. Your prefs are currently set to use ['sounddevice', 'PTB', 'pyo', 'pygame'] (in that order).
4.3727 	WARNING 	User requested fullscreen with size [1024  768], but screen is actually [1920, 1080]. Using actual size
5.4041 	EXP 	Created window1 = Window(allowGUI=False, allowStencil=False, args=UNKNOWN, autoLog=True, bitsMode=UNKNOWN, blendMode='avg', bpc=(8, 8, 8), color=array([0., 0., 0.]), colorSpace='rgb', depthBits=8, fullscr=<method-wrapper '__getattribute__' of attributeSetter object at 0x00000037E79F90F0>, gamma=None, gammaErrorPolicy='raise', kwargs=UNKNOWN, lms=UNKNOWN, monitor=<psychopy.monitors.calibTools.Monitor object at 0x00000037E8B06128>, multiSample=False, name='window1', numSamples=2, pos=[0.0, 0.0], screen=0, size=array([1920, 1080]), stencilBits=0, stereo=False, units='height', useFBO=True, useRetina=False, viewOri=0.0, viewPos=None, viewScale=None, waitBlanking=True, winType='pyglet')
5.4043 	EXP 	window1: mouseVisible = True
5.4044 	EXP 	window1: recordFrameIntervals = False
5.5697 	EXP 	window1: recordFrameIntervals = True
5.7538 	EXP 	window1: recordFrameIntervals = False
5.8505 	EXP 	Created noise = NoiseStim(__class__=<class 'psychopy.visual.noise.NoiseStim'>, autoDraw=False, autoLog=True, blendmode='avg', color=array([1., 1., 1.]), colorSpace='rgb', contrast=1.0, depth=0.0, interpolate=False, mask='none', maskParams=None, name='noise', opacity=1.0, ori=0.0, phase=array([0., 0.]), pos=array([0., 0.]), rgbPedestal=array([0., 0., 0.]), sf=array([1., 1.]), size=array([0.5, 0.5]), tex='sin', texRes=128, units='height', win=Window(...))
5.9032 	EXP 	noise: blendmode = 'avg'
5.9032 	EXP 	noise: mask = None
5.9032 	EXP 	noise: texRes = 128
5.9032 	EXP 	noise: noiseType = 'Binary'
5.9032 	EXP 	noise: noiseImage = None
5.9032 	EXP 	noise: noiseElementSize = 0.0625
5.9032 	EXP 	noise: noiseBaseSf = 8.0
5.9032 	EXP 	noise: noiseBW = 0.5
5.9032 	EXP 	noise: noiseBWO = 30.0
5.9032 	EXP 	noise: noiseFractalPower = 0.0
5.9032 	EXP 	noise: noiseFilterUpper = 8.0
5.9032 	EXP 	noise: noiseFilterLower = 1.0
5.9032 	EXP 	noise: noiseFilterOrder = 0.0
5.9032 	EXP 	noise: noiseClip = 3.0
5.9032 	EXP 	noise: filter = None
5.9032 	EXP 	noise: tex = <class 'numpy.ndarray'>
5.9032 	EXP 	noise: tex = <class 'numpy.ndarray'>
5.9032 	EXP 	noise: autoDraw = True
6.8710 	EXP 	noise: autoDraw = False
7.1253 	EXP 	window1: mouseVisible = True
0.7901 	WARNING 	We strongly recommend you activate the PTB sound engine in PsychoPy prefs as the preferred audio engine. Its timing is vastly superior. Your prefs are currently set to use ['sounddevice', 'PTB', 'pyo', 'pygame'] (in that order).
4.1402 	WARNING 	User requested fullscreen with size [1024  768], but screen is actually [1920, 1080]. Using actual size
5.1850 	EXP 	Created window1 = Window(allowGUI=False, allowStencil=False, args=UNKNOWN, autoLog=True, bitsMode=UNKNOWN, blendMode='avg', bpc=(8, 8, 8), color=array([0., 0., 0.]), colorSpace='rgb', depthBits=8, fullscr=<method-wrapper '__getattribute__' of attributeSetter object at 0x000000C0A79D90F0>, gamma=None, gammaErrorPolicy='raise', kwargs=UNKNOWN, lms=UNKNOWN, monitor=<psychopy.monitors.calibTools.Monitor object at 0x000000C0A8AE6128>, multiSample=False, name='window1', numSamples=2, pos=[0.0, 0.0], screen=0, size=array([1920, 1080]), stencilBits=0, stereo=False, units='height', useFBO=True, useRetina=False, viewOri=0.0, viewPos=None, viewScale=None, waitBlanking=True, winType='pyglet')
5.1852 	EXP 	window1: mouseVisible = True
5.1853 	EXP 	window1: recordFrameIntervals = False
5.3508 	EXP 	window1: recordFrameIntervals = True
5.5347 	EXP 	window1: recordFrameIntervals = False
5.6414 	EXP 	Created noise = NoiseStim(__class__=<class 'psychopy.visual.noise.NoiseStim'>, autoDraw=False, autoLog=True, blendmode='avg', color=array([1., 1., 1.]), colorSpace='rgb', contrast=1.0, depth=0.0, interpolate=False, mask='none', maskParams=None, name='noise', opacity=1.0, ori=0.0, phase=array([0., 0.]), pos=array([0., 0.]), rgbPedestal=array([0., 0., 0.]), sf=array([1., 1.]), size=array([0.5, 0.5]), tex='sin', texRes=128, units='height', win=Window(...))
5.7008 	EXP 	noise: blendmode = 'avg'
5.7008 	EXP 	noise: mask = None
5.7008 	EXP 	noise: texRes = 128
5.7008 	EXP 	noise: noiseType = 'Binary'
5.7008 	EXP 	noise: noiseImage = None
5.7008 	EXP 	noise: noiseElementSize = 0.0625
5.7008 	EXP 	noise: noiseBaseSf = 8.0
5.7008 	EXP 	noise: noiseBW = 0.1
5.7008 	EXP 	noise: noiseBWO = 30.0
5.7008 	EXP 	noise: noiseFractalPower = 0.0
5.7008 	EXP 	noise: noiseFilterUpper = 8.0
5.7008 	EXP 	noise: noiseFilterLower = 1.0
5.7008 	EXP 	noise: noiseFilterOrder = 0.0
5.7008 	EXP 	noise: noiseClip = 3.0
5.7008 	EXP 	noise: filter = None
5.7008 	EXP 	noise: tex = <class 'numpy.ndarray'>
5.7008 	EXP 	noise: tex = <class 'numpy.ndarray'>
5.7008 	EXP 	noise: autoDraw = True
6.6685 	EXP 	noise: autoDraw = False
6.9401 	EXP 	window1: mouseVisible = True
