0.8001 	WARNING 	We strongly recommend you activate the PTB sound engine in PsychoPy prefs as the preferred audio engine. Its timing is vastly superior. Your prefs are currently set to use ['sounddevice', 'PTB', 'pyo', 'pygame'] (in that order).
5.0287 	WARNING 	User requested fullscreen with size [1024  768], but screen is actually [1920, 1080]. Using actual size
6.0638 	EXP 	Created window1 = Window(allowGUI=False, allowStencil=False, args=UNKNOWN, autoLog=True, bitsMode=UNKNOWN, blendMode='avg', bpc=(8, 8, 8), color=array([0., 0., 0.]), colorSpace='rgb', depthBits=8, fullscr=<method-wrapper '__getattribute__' of attributeSetter object at 0x000000BDE96B90F0>, gamma=None, gammaErrorPolicy='raise', kwargs=UNKNOWN, lms=UNKNOWN, monitor=<psychopy.monitors.calibTools.Monitor object at 0x000000BDEA886128>, multiSample=False, name='window1', numSamples=2, pos=[0.0, 0.0], screen=0, size=array([1920, 1080]), stencilBits=0, stereo=False, units='height', useFBO=True, useRetina=False, viewOri=0.0, viewPos=None, viewScale=None, waitBlanking=True, winType='pyglet')
6.0639 	EXP 	window1: mouseVisible = True
6.0640 	EXP 	window1: recordFrameIntervals = False
6.2302 	EXP 	window1: recordFrameIntervals = True
6.4140 	EXP 	window1: recordFrameIntervals = False
6.5230 	EXP 	Created noise_2 = NoiseStim(__class__=<class 'psychopy.visual.noise.NoiseStim'>, autoDraw=False, autoLog=True, blendmode='avg', color=array([1., 1., 1.]), colorSpace='rgb', contrast=1.0, depth=0.0, interpolate=False, mask='none', maskParams=None, name='noise_2', opacity=1.0, ori=0.0, phase=array([0., 0.]), pos=array([0., 0.]), rgbPedestal=array([0., 0., 0.]), sf=array([1., 1.]), size=array([0.5, 0.5]), tex='sin', texRes=128, units='height', win=Window(...))
6.5802 	EXP 	noise_2: blendmode = 'avg'
6.5802 	EXP 	noise_2: mask = None
6.5802 	EXP 	noise_2: texRes = 128
6.5802 	EXP 	noise_2: noiseType = 'Binary'
6.5802 	EXP 	noise_2: noiseImage = None
6.5802 	EXP 	noise_2: noiseElementSize = 0.0625
6.5802 	EXP 	noise_2: noiseBaseSf = 8.0
6.5802 	EXP 	noise_2: noiseBW = 0.5
6.5802 	EXP 	noise_2: noiseBWO = 30.0
6.5802 	EXP 	noise_2: noiseFractalPower = 0.0
6.5802 	EXP 	noise_2: noiseFilterUpper = 8.0
6.5802 	EXP 	noise_2: noiseFilterLower = 1.0
6.5802 	EXP 	noise_2: noiseFilterOrder = 0.0
6.5802 	EXP 	noise_2: noiseClip = 3.0
6.5802 	EXP 	noise_2: filter = None
6.5802 	EXP 	noise_2: tex = <class 'numpy.ndarray'>
6.5802 	EXP 	noise_2: tex = <class 'numpy.ndarray'>
6.5802 	EXP 	noise_2: autoDraw = True
7.5481 	EXP 	noise_2: autoDraw = False
7.7961 	EXP 	window1: mouseVisible = True
